2021-04-02T14:44:43.4215379+08:00	UnknownJobId_0482482913		SMS	ScopeLocalCompileStrategy	CheckIfSMSIsProvisioned	SMS is provisioned for account sandbox-c08
2021-04-02T14:44:43.4475386+08:00	UnknownJobId_0482482913	0.0041	Compiler	ScopeRoslynBinder	BuildScriptEnvironment	Starting
2021-04-02T14:44:43.6235391+08:00	UnknownJobId_0482482913		Compiler	ScopeSubmissionCompilePipeline	InitializeCompiler	Start Compilation: CompileOnVC = False, DataRoot = adl://sandbox-c08.azuredatalakestore.net, Version = 10.2.2.0
2021-04-02T14:44:43.6245397+08:00	UnknownJobId_0482482913		Compiler	ScopeSubmissionCompilePipeline	InitializeCompiler	CommandLine =>	""c:\program files (x86)\microsoft visual studio\2017\enterprise\common7\ide\extensions\microsoft\scopestudio\2.7.0000.5\SubmitHost.exe" 1f56638b-cf80-4822-9cbb-8e1b6aa2ce31 24908 False C:\Users\v-hozhao\AppData\Local\Temp\DataLakeTemp"
2021-04-02T14:44:43.6275398+08:00	UnknownJobId_0482482913		Compiler	ScopeSubmissionCompilePipeline	InitializeCompiler	Settings =>	{DataRoot:adl://sandbox-c08.azuredatalakestore.net,ResolverTypeForResource:ScopePath,ResolverTypeForInput:RemoteRoot,ResolverTypeForOutput:Dummy,NebulaCommandLine:-c++ -on ADL -on EnableScopeDml -on EnableSStreamContractV4 -on EnableScopeDdl -CosmosCluster adlus81be-prod-mw1p -ApEnvironment adlus81be-prod-mw1p -ApCluster mw1p -ClientVersion 10.2.2.0 -Inputs Scope17.script}
2021-04-02T14:44:43.6435399+08:00	UnknownJobId_0482482913		Compiler	ScopeSubmissionCompilePipeline	InitializeCompiler	Stack =>	"   at ScopeCompiler.Dependencies.Cosmos.ParseSandboxer.CompileInSeparateAppDomain(String[] scripts, Settings settings)\r\n   at ScopeCompiler.Parser.FullParse(String[] scripts, String filePath, CompilerEnvironment environment, Settings settings, Func`4 funcParse, String nebulaCommandLine)\r\n   at ScopeCompiler.Dependencies.Cosmos.ParseSandboxer.FullParseInSeparateAppDomain(String[] scripts, String filePath, Settings settings)\r\n   at ScopeClient.Scope.PreCompileForSubmit(Settings compSet, String tempDirectory, String forceResourcePathSearchList, Dictionary`2 parameters, String[] scopeScriptFileNames, String[]& filesAfterApplyingOldParams)\r\n   at ScopeClient.ScopeStudio.ScopeStudioInterface.DoPreSubmit(Dictionary`2 parameters, Int32 version, Action`3 afterPrepareInfo, List`1& warnings)\r\n   at ScopeClient.ScopeStudio.ScopeStudioInterface.PreSubmitScopeConvergence(Dictionary`2 parameters, Int32 version, List`1& warnings, List`1& clusterResources, List`1& localResources, String& scopeScriptFileName)\r\n   at System.RuntimeMethodHandle.InvokeMethod(Object target, Object[] arguments, Signature sig, Boolean constructor)\r\n   at System.Reflection.RuntimeMethodInfo.UnsafeInvokeInternal(Object obj, Object[] parameters, Object[] arguments)\r\n   at System.Reflection.RuntimeMethodInfo.Invoke(Object obj, BindingFlags invokeAttr, Binder binder, Object[] parameters, CultureInfo culture)\r\n   at System.RuntimeType.InvokeMember(String name, BindingFlags bindingFlags, Binder binder, Object target, Object[] providedArgs, ParameterModifier[] modifiers, CultureInfo culture, String[] namedParams)\r\n   at Microsoft.Cosmos.ScopeStudio.BusinessObjects.Common.CompilerProxy.DoInvork(String method, Object[] parameters, String outputXmlFileName)\r\n   at Microsoft.Cosmos.ScopeStudio.BusinessObjects.Common.CompilerProxy.PreSubmitScopeConvergence(Int32 version, Dictionary`2 parameters, String outputXmlFileName, List`1& warnings, List`1& clusterResources, List`1& localResources, String& scopeScriptFileName)\r\n   at System.Runtime.Remoting.Messaging.StackBuilderSink._PrivateProcessMessage(IntPtr md, Object[] args, Object server, Object[]& outArgs)\r\n   at System.Runtime.Remoting.Messaging.StackBuilderSink.SyncProcessMessage(IMessage msg)\r\n   at System.Runtime.Remoting.Messaging.ServerObjectTerminatorSink.SyncProcessMessage(IMessage reqMsg)\r\n   at System.Runtime.Remoting.Messaging.ServerContextTerminatorSink.SyncProcessMessage(IMessage reqMsg)\r\n   at System.Runtime.Remoting.Channels.CrossContextChannel.SyncProcessMessageCallback(Object[] args)\r\n   at System.Threading.Thread.InternalCrossContextCallback(Context ctx, IntPtr ctxID, Int32 appDomainID, InternalCrossContextDelegate ftnToCall, Object[] args)\r\n   at System.Runtime.Remoting.Channels.CrossContextChannel.SyncProcessMessage(IMessage reqMsg)\r\n   at System.Runtime.Remoting.Channels.ChannelServices.SyncDispatchMessage(IMessage msg)\r\n   at System.Runtime.Remoting.Channels.CrossAppDomainSink.DoDispatch(Byte[] reqStmBuff, SmuggledMethodCallMessage smuggledMcm, SmuggledMethodReturnMessage& smuggledMrm)\r\n   at System.Runtime.Remoting.Channels.CrossAppDomainSink.DoTransitionDispatchCallback(Object[] args)\r\n"
2021-04-02T14:44:43.6525375+08:00	UnknownJobId_0482482913		Compiler	ScopeSubmissionCompilePipeline	BeforeCompile	Client Version: 10.2.2.0
2021-04-02T14:44:43.6525375+08:00	UnknownJobId_0482482913		Compiler	ScopeSubmissionCompilePipeline	BeforeCompile	Target: Cluster
2021-04-02T14:44:43.6525375+08:00	UnknownJobId_0482482913		Compiler	ScopeSubmissionCompilePipeline	BeforeCompile	Stat: SimulateLarge
2021-04-02T14:44:43.6535378+08:00	UnknownJobId_0482482913		Compiler	ScopeSubmissionCompilePipeline	BeforeCompile	SkipPath: True
2021-04-02T14:44:43.6735369+08:00	UnknownJobId_0482482913		Compiler	ScopeFrontEndRunner	Execute	Starting FrontEndRun...
2021-04-02T14:44:43.7585395+08:00	UnknownJobId_0482482913	0.3143	Compiler	ScopeRoslynBinder	BuildScriptEnvironment	Finished
2021-04-02T14:44:44.3755392+08:00	UnknownJobId_0482482913	0.1855	Compiler	ScopeLocalCompileStrategy	ExecuteCompilePass	SyntaxVerifier	Scope17.script
2021-04-02T14:44:44.4685403+08:00	UnknownJobId_0482482913	0.0824	Compiler	ScopeLocalCompileStrategy	ExecuteCompilePass	DdlResolver	Scope17.script
2021-04-02T14:44:44.4725396+08:00	UnknownJobId_0482482913	0.0033	Compiler	ScopeLocalCompileStrategy	ExecuteCompilePass	ViewResolver	Scope17.script
2021-04-02T14:44:44.4725396+08:00	UnknownJobId_0482482913	0.7810	Compiler	ScopeLocalCompileStrategy	ExecuteCompilePass	AstBuilder	Scope17.script
2021-04-02T14:44:44.4795398+08:00	UnknownJobId_0482482913	0.0068	Compiler	ScopeLocalCompileStrategy	ExecuteCompilePass	ViewResolver	Scope17.script
2021-04-02T14:44:44.4825411+08:00	UnknownJobId_0482482913	0.0025	Compiler	ScopeLocalCompileStrategy	ExecuteCompilePass	AssemblyResolverPass	Scope17.script
2021-04-02T14:44:44.4845434+08:00	UnknownJobId_0482482913	0.0008	Compiler	ScopeLocalCompileStrategy	ExecuteCompilePass	ResourceReferencePass	Scope17.script
2021-04-02T14:44:44.4985434+08:00	UnknownJobId_0482482913		Compiler	ScopeSubmissionCompilePipeline	FinalizeArtifacts	Starting Compiler Artifacts Finalization...
2021-04-02T14:44:44.5155433+08:00	UnknownJobId_0482482913	0.0133	Compiler	ScopeLocalResourceStorage	AddGeneratedFile	("D:\Sharing\Scope2015\DebugFailedVertex\DebugFailedVertex\bin\Debug\99805BF1ECA66EF2\Scope17_AEDF0164CEF3AD37\__CompilerTimers.xml",CompilerTimers) =>	null
2021-04-02T14:44:44.5265431+08:00	UnknownJobId_0482482913	0.0079	Compiler	ScopeLocalResourceStorage	AddGeneratedFile	("D:\Sharing\Scope2015\DebugFailedVertex\DebugFailedVertex\bin\Debug\99805BF1ECA66EF2\Scope17_AEDF0164CEF3AD37\__CompilerTimers.xml",CompilerTimers) =>	null
2021-04-02T14:44:44.5355413+08:00	UnknownJobId_0482482913		Compiler	ScopeSubmissionCompilePipeline	FinalizeArtifacts	Finished Compiler Artifacts Finalization...
2021-04-02T14:44:44.5365434+08:00	UnknownJobId_0482482913		Compiler	ScopeSubmissionCompilePipeline	DoCompile	Finished compilation!
2021-04-02T14:44:44.5375415+08:00	UnknownJobId_0482482913		Compiler	ScopeSubmissionCompilePipeline	FinalizeCompilation	Start compilation finalization...
2021-04-02T14:44:44.5455427+08:00	UnknownJobId_0482482913		Compiler	ScopeSubmissionCompilePipeline	DisposeCompiler	Start disposing the compiler...
2021-04-02T14:44:44.5475413+08:00	UnknownJobId_0482482913		Compiler	ScopeSStreamMetadataManager	Cleanup	Cancelling any ongoing requests
2021-04-02T14:44:44.5495418+08:00	UnknownJobId_0482482913		Compiler	ScopeSubmissionCompilePipeline	DisposeCompiler	Finished compilation finalization
2021-04-02T14:44:44.5495418+08:00	UnknownJobId_0482482913	1.2179	Compiler	ScopeSubmissionCompilePipeline	FinalizeCompilation	End Compilation
2021-04-02T14:44:44.5535404+08:00	UnknownJobId_0482482913		Compiler	ScopeSubmissionCompilePipeline	WriteTimers	COMPILATIONTIME|JobId:|FriendlyName:|Mode:Default|Overall: 1.2s 2.2cpu|FrontEndRun: 0.9s|RoslynTimers: 4x 0.3s 78.0ms/x 0.6cpu
2021-04-02T14:44:44.5545402+08:00	UnknownJobId_0482482913		Compiler	ScopeSubmissionCompilePipeline	WriteTimers	FrontEndTimers|FrontEndRun: 0.9s|AssemblyResolverPass:|AstBuilder: 0.8s 1.4cpu|DdlResolver: 0.1s 0.2cpu|GeneratedFilesAsync:|Parser: 0.2s 0.4cpu|ParserPP:|Preprocessing: 0.1s 0.1cpu|ResourceReferencePass:|SyntaxVerifier: 0.2s 0.3cpu|TraceFile: 30x|ViewResolver: 2x 5.0ms/x
2021-04-02T14:44:44.5545402+08:00	UnknownJobId_0482482913		Compiler	ScopeSubmissionCompilePipeline	WriteTimers	RoslynTimers|RoslynEnvironmentAsync: 0.3s 0.6cpu|SimpleLiteralBinding: 3x
2021-04-02T14:44:44.5545402+08:00	UnknownJobId_0482482913		Compiler	ScopeSubmissionCompilePipeline	WriteTimers	OptimizerTimers
2021-04-02T14:44:44.5555411+08:00	UnknownJobId_0482482913		Compiler	ScopeSubmissionCompilePipeline	WriteTimers	BackendTimers
2021-04-02T14:44:44.5555411+08:00	UnknownJobId_0482482913		Compiler	ScopeSubmissionCompilePipeline	WriteTimers	ExternalTimers
