2021-05-28T12:13:33.2547797+08:00	UnknownJobId_2009538313	0.0486	CFE	VC	SetupAadCredentials	(vcName:"https://cosmos09.osdinfra.net/cosmos/cosmosAdmin",proxy:"<noproxy>",restClientCredentials:Microsoft.Rest.TokenCredentials) =>	null
2021-05-28T12:13:33.3207575+08:00	UnknownJobId_2009538313	0.0033	Compiler	ScopeRoslynBinder	BuildScriptEnvironment	Starting
2021-05-28T12:13:33.4797588+08:00	UnknownJobId_2009538313		Compiler	DeepCompilePipeline	InitializeCompiler	Start Compilation: JobId=, HostEnvironment=CCS, HostMachineName=V-HOZHAO, ApplicationId=, CompilerStartTime=2021-05-28T04:13:33.1707582Z, CompileOnVC = False, DataRoot = https://cosmos09.osdinfra.net/cosmos/cosmosAdmin, Version = 10.2.2.0
2021-05-28T12:13:33.4807593+08:00	UnknownJobId_2009538313		Compiler	DeepCompilePipeline	InitializeCompiler	CommandLine =>	""c:\program files (x86)\microsoft visual studio\2019\enterprise\common7\ide\extensions\microsoft\scopestudio\2.9.0000.1\CompilerHost.exe" 390632cf-6d8c-4e4c-8046-39552e418b90 8112 False C:\Users\v-hozhao\AppData\Local\Temp\DataLakeTemp"
2021-05-28T12:13:33.4817592+08:00	UnknownJobId_2009538313		Compiler	DeepCompilePipeline	InitializeCompiler	Settings =>	{DataRoot:https://cosmos09.osdinfra.net/cosmos/cosmosAdmin,ResolverTypeForResource:Local,ResolverTypeForInput:InputPath,ResolverTypeForOutput:OutputPath,SecureInfoFile:null,SecurityKeyInfo:byte[11876],NebulaCommandLine:-c++ -Inputs D:\Sharing\Scope2015\PythonUDO\PythonUDO\bin\Debug\bin\Debug\LocalRun_ReducerExtractor.script.Debug.script -Debug -pdb Full -off EnableScopeDdl -on ReflectStageToScript -on EnableScopeDml -on EnableSStreamContractV4 -on UseAadAuthentication -ClientVersion 10.2.2.0}
2021-05-28T12:13:33.4977579+08:00	UnknownJobId_2009538313		Compiler	DeepCompilePipeline	InitializeCompiler	Stack =>	"   at ScopeCompiler.Dependencies.Cosmos.ParseSandboxer.CompileInSeparateAppDomain(String[] scripts, Settings settings)\r\n   at ScopeCompiler.Parser.FullParse(String[] scripts, String filePath, CompilerEnvironment environment, Settings settings, Func`4 funcParse, String nebulaCommandLine)\r\n   at ScopeCompiler.Dependencies.Cosmos.ParseSandboxer.FullParseInSeparateAppDomain(String[] scripts, String filePath, Settings settings)\r\n   at ScopeClient.Scope.TryToParse(String[] scripts, String scriptFileName, Settings compSet, CompilerEnvironment enviroment, ParseInformation& info)\r\n   at ScopeClient.Scope.PrivateCompileSuppressException(Settings compSet, CompilerSwitches compilerSwitches, CompilerEnvironment environment, String outputXmlFileName, Dictionary`2 parameters, Boolean isParseOnly, Boolean verbose)\r\n   at ScopeClient.ScopeStudio.ScopeStudioInterface.Compile(Dictionary`2 parameters, Int32 version)\r\n   at System.RuntimeMethodHandle.InvokeMethod(Object target, Object[] arguments, Signature sig, Boolean constructor)\r\n   at System.Reflection.RuntimeMethodInfo.UnsafeInvokeInternal(Object obj, Object[] parameters, Object[] arguments)\r\n   at System.Reflection.RuntimeMethodInfo.Invoke(Object obj, BindingFlags invokeAttr, Binder binder, Object[] parameters, CultureInfo culture)\r\n   at System.RuntimeType.InvokeMember(String name, BindingFlags bindingFlags, Binder binder, Object target, Object[] providedArgs, ParameterModifier[] modifiers, CultureInfo culture, String[] namedParams)\r\n   at Microsoft.Cosmos.ScopeStudio.BusinessObjects.Common.CompilerProxy.DoInvork(String method, Object[] parameters, String outputXmlFileName)\r\n"
2021-05-28T12:13:33.5067585+08:00	UnknownJobId_2009538313		Compiler	DeepCompilePipeline	BeforeCompile	Client Version: 10.2.2.0
2021-05-28T12:13:33.5067585+08:00	UnknownJobId_2009538313		Compiler	DeepCompilePipeline	BeforeCompile	Target: SingleBox
2021-05-28T12:13:33.5067585+08:00	UnknownJobId_2009538313		Compiler	DeepCompilePipeline	BeforeCompile	Stat: FetchReal
2021-05-28T12:13:33.5067585+08:00	UnknownJobId_2009538313		Compiler	DeepCompilePipeline	BeforeCompile	SkipPath: False
2021-05-28T12:13:33.5227590+08:00	UnknownJobId_2009538313		Compiler	ScopeFrontEndRunner	Execute	Starting FrontEndRun...
2021-05-28T12:13:33.5967798+08:00	UnknownJobId_2009538313	0.2795	Compiler	ScopeRoslynBinder	BuildScriptEnvironment	Finished
2021-05-28T12:13:34.1607804+08:00	UnknownJobId_2009538313	0.2492	Compiler	ScopeLocalCompileStrategy	ExecuteCompilePass	SyntaxVerifier	LocalRun_ReducerExtractor.script.Debug.script
2021-05-28T12:13:34.2057602+08:00	UnknownJobId_2009538313	0.0358	Compiler	ScopeLocalCompileStrategy	ExecuteCompilePass	DdlResolver	LocalRun_ReducerExtractor.script.Debug.script
2021-05-28T12:13:34.2107801+08:00	UnknownJobId_2009538313	0.0036	Compiler	ScopeLocalCompileStrategy	ExecuteCompilePass	ViewResolver	LocalRun_ReducerExtractor.script.Debug.script
2021-05-28T12:13:34.2107801+08:00	UnknownJobId_2009538313	0.6704	Compiler	ScopeLocalCompileStrategy	ExecuteCompilePass	AstBuilder	LocalRun_ReducerExtractor.script.Debug.script
2021-05-28T12:13:34.2167802+08:00	UnknownJobId_2009538313	0.0057	Compiler	ScopeLocalCompileStrategy	ExecuteCompilePass	ViewResolver	LocalRun_ReducerExtractor.script.Debug.script
2021-05-28T12:13:34.2187799+08:00	UnknownJobId_2009538313	0.0008	Compiler	ScopeLocalCompileStrategy	ExecuteCompilePass	ClassifierPass	LocalRun_ReducerExtractor.script.Debug.script
2021-05-28T12:13:34.2257605+08:00	UnknownJobId_2009538313	0.0057	Compiler	ScopeLocalCompileStrategy	ExecuteCompilePass	AssemblyResolverPass	LocalRun_ReducerExtractor.script.Debug.script
2021-05-28T12:13:34.2327607+08:00	UnknownJobId_2009538313	0.0066	Compiler	ScopeLocalCompileStrategy	ExecuteCompilePass	ResourceReferencePass	LocalRun_ReducerExtractor.script.Debug.script
2021-05-28T12:13:34.2367605+08:00	UnknownJobId_2009538313		Compiler	ScopeLocalResourceStorage	DownloadResources	Resources to download =>	[/*count:1*/{fileMetadata: {VirtualPath:'c:\program files (x86)\microsoft visual studio\2019\enterprise\common7\ide\extensions\microsoft\scopestudio\2.9.0000.1\ScopeStudioDebugRuntime.dll',PhysicalPath:'c:\program files (x86)\microsoft visual studio\2019\enterprise\common7\ide\extensions\microsoft\scopestudio\2.9.0000.1\ScopeStudioDebugRuntime.dll',VirtualColumnValues:'[]'}, cachePath: D:\Sharing\Scope2015\PythonUDO\PythonUDO\bin\Debug\58C5C7DBDF061604\LocalRun_ReducerExtractor.script.Debug_A7AFC0D3DF06C2CA\ScopeStudioDebugRuntime.dll}]
2021-05-28T12:13:34.2417606+08:00	UnknownJobId_2009538313		Compiler	ScopeLocalResourceStorage	RequiresDownload	RequiresDownload: true, Reason: resource not in cache =>	{fileMetadata: {VirtualPath:'c:\program files (x86)\microsoft visual studio\2019\enterprise\common7\ide\extensions\microsoft\scopestudio\2.9.0000.1\ScopeStudioDebugRuntime.dll',PhysicalPath:'c:\program files (x86)\microsoft visual studio\2019\enterprise\common7\ide\extensions\microsoft\scopestudio\2.9.0000.1\ScopeStudioDebugRuntime.dll',VirtualColumnValues:'[]'}, cachePath: D:\Sharing\Scope2015\PythonUDO\PythonUDO\bin\Debug\58C5C7DBDF061604\LocalRun_ReducerExtractor.script.Debug_A7AFC0D3DF06C2CA\ScopeStudioDebugRuntime.dll}
2021-05-28T12:13:34.2437606+08:00	UnknownJobId_2009538313		Compiler	ResourceStorage	DownloadResourceAsyncImpl	Downloading c:\program files (x86)\microsoft visual studio\2019\enterprise\common7\ide\extensions\microsoft\scopestudio\2.9.0000.1\ScopeStudioDebugRuntime.dll to D:\Sharing\Scope2015\PythonUDO\PythonUDO\bin\Debug\58C5C7DBDF061604\LocalRun_ReducerExtractor.script.Debug_A7AFC0D3DF06C2CA\ScopeStudioDebugRuntime.dll.
2021-05-28T12:13:34.3097601+08:00	UnknownJobId_2009538313		Compiler	LocalStoreProxy	DownloadFileAsyncImpl	Total bytes downloaded for c:\program files (x86)\microsoft visual studio\2019\enterprise\common7\ide\extensions\microsoft\scopestudio\2.9.0000.1\ScopeStudioDebugRuntime.dll =>	14752
2021-05-28T12:13:34.3647611+08:00	UnknownJobId_2009538313	0.0008	Compiler	ScopeLocalCompileStrategy	ExecuteCompilePass	ProcessUsingsPass	LocalRun_ReducerExtractor.script.Debug.script
2021-05-28T12:13:34.4137620+08:00	UnknownJobId_2009538313	0.0000	Compiler	FileSetExpander	ExpandAsync	(inputFileSet:"D:\Sharing\Scope2015\PythonUDO\PythonUDO\users\v-hozhao\All_In_One\Input\Python_iris.csv") =>	"Starting..."
2021-05-28T12:13:34.4697608+08:00	UnknownJobId_2009538313		CqoCompilerCallback	FileSetPartitionEliminator	.ctor	ShouldEvaluatePredicate =>	False
2021-05-28T12:13:34.4717609+08:00	UnknownJobId_2009538313	0.0574	Compiler	FileSetExpander	ExpandAsync	(inputFileSet:"D:\Sharing\Scope2015\PythonUDO\PythonUDO\users\v-hozhao\All_In_One\Input\Python_iris.csv") =>	"1 file(s)"
2021-05-28T12:13:34.4957614+08:00	UnknownJobId_2009538313	0.0000	Compiler	FileSetExpander	ExpandAsync	(inputFileSet:"D:\Sharing\Scope2015\PythonUDO\PythonUDO\users\v-hozhao\All_In_One\Input\Python_SearchLog.tsv") =>	"Starting..."
2021-05-28T12:13:34.4967615+08:00	UnknownJobId_2009538313		CqoCompilerCallback	FileSetPartitionEliminator	.ctor	ShouldEvaluatePredicate =>	False
2021-05-28T12:13:34.4967615+08:00	UnknownJobId_2009538313	0.0012	Compiler	FileSetExpander	ExpandAsync	(inputFileSet:"D:\Sharing\Scope2015\PythonUDO\PythonUDO\users\v-hozhao\All_In_One\Input\Python_SearchLog.tsv") =>	"1 file(s)"
2021-05-28T12:13:34.4977607+08:00	UnknownJobId_2009538313	0.1299	Compiler	ScopeLocalCompileStrategy	ExecuteCompilePass	InputOutputPass	LocalRun_ReducerExtractor.script.Debug.script
2021-05-28T12:13:35.1907603+08:00	UnknownJobId_2009538313	0.0006	UserCode	<>c__DisplayClass106_0`1	Constructor	() =>	ScopeRuntime.DefaultTextExtractor
2021-05-28T12:13:35.1947602+08:00	UnknownJobId_2009538313	0.0002	UserCode	DefaultTextExtractor	AtomicFileProcessing	() =>	False
2021-05-28T12:13:35.2117817+08:00	UnknownJobId_2009538313	0.0131	UserCode	DefaultTextExtractor	Produces	() =>	SepalLength:string,SepalWidth:string,PetalLength:string,PetalWidth:string,Name:string
2021-05-28T12:13:35.2867823+08:00	UnknownJobId_2009538313	0.0003	UserCode	<>c__DisplayClass106_0`1	Constructor	() =>	ScopeRuntime.DefaultTextOutputter
2021-05-28T12:13:35.2997770+08:00	UnknownJobId_2009538313	0.0000	UserCode	<>c__DisplayClass106_0`1	Constructor	() =>	ScopeRuntime.DefaultTextOutputter
2021-05-28T12:13:35.3007769+08:00	UnknownJobId_2009538313	0.8019	Compiler	ScopeLocalCompileStrategy	ExecuteCompilePass	BinderPass	LocalRun_ReducerExtractor.script.Debug.script
2021-05-28T12:13:35.3157769+08:00	UnknownJobId_2009538313	0.0129	Compiler	ScopeLocalCompileStrategy	ExecuteCompilePass	SemanticAnalyzerPass	LocalRun_ReducerExtractor.script.Debug.script
2021-05-28T12:13:35.3426650+08:00	UnknownJobId_2009538313	0.0244	Compiler	ScopeLocalCompileStrategy	ExecuteCompilePass	ErrorReporterPass	LocalRun_ReducerExtractor.script.Debug.script
2021-05-28T12:13:35.3432930+08:00	UnknownJobId_2009538313	1.8199	Compiler	ScopeFrontEndRunner	CleanUp	Finished FrontEndRun...
2021-05-28T12:13:35.3583036+08:00	UnknownJobId_2009538313		Compiler	ScopeBackEndRunner	OptimizerRun	Starting OptimizerRun...
2021-05-28T12:13:35.3663031+08:00	UnknownJobId_2009538313	0.0058	Compiler	ScopeLocalResourceStorage	AddGeneratedFile	(path:"D:\Sharing\Scope2015\PythonUDO\PythonUDO\bin\Debug\58C5C7DBDF061604\LocalRun_ReducerExtractor.script.Debug_A7AFC0D3DF06C2CA\__CompilerTimers.xml",type:CompilerTimers) =>	null
2021-05-28T12:13:35.4023171+08:00	UnknownJobId_2009538313	0.0001	UserCode	DefaultTextOutputter	AtomicFileProcessing	() =>	False
2021-05-28T12:13:35.4043169+08:00	UnknownJobId_2009538313	0.0000	UserCode	DefaultTextOutputter	AtomicFileProcessing	() =>	False
2021-05-28T12:13:35.4063377+08:00	UnknownJobId_2009538313	0.0427	Compiler	ScopeLocalCompileStrategy	ExecuteCompilePass	GenerateOptTreePass	LocalRun_ReducerExtractor.script.Debug.script
2021-05-28T12:13:35.4153041+08:00	UnknownJobId_2009538313		Compiler	PlaybackDbWriter	SerializeSStreamMeta	SStreamMetadata converted to base64 string, size is4
2021-05-28T12:13:35.4343223+08:00	UnknownJobId_2009538313	0.0264	Compiler	ScopeLocalResourceStorage	AddGeneratedFile	(path:"D:\Sharing\Scope2015\PythonUDO\PythonUDO\bin\Debug\58C5C7DBDF061604\LocalRun_ReducerExtractor.script.Debug_A7AFC0D3DF06C2CA\ScopeInternalStatistics.xml",type:StatisticsResource, PlaybackDb) =>	null
2021-05-28T12:13:35.4993219+08:00	UnknownJobId_2009538313	0.0001	UserCode	DefaultTextExtractor	AtomicFileProcessing	() =>	False
2021-05-28T12:13:35.5523035+08:00	UnknownJobId_2009538313		Compiler	PlaybackDbWriter	SerializeSStreamMeta	SStreamMetadata converted to base64 string, size is4
2021-05-28T12:13:35.5523035+08:00	UnknownJobId_2009538313	0.0008	Compiler	ScopeLocalResourceStorage	AddGeneratedFile	(path:"D:\Sharing\Scope2015\PythonUDO\PythonUDO\bin\Debug\58C5C7DBDF061604\LocalRun_ReducerExtractor.script.Debug_A7AFC0D3DF06C2CA\__CompilerTimers.xml",type:CompilerTimers) =>	null
2021-05-28T12:13:35.5523035+08:00	UnknownJobId_2009538313	0.0011	Compiler	ScopeLocalResourceStorage	AddGeneratedFile	(path:"D:\Sharing\Scope2015\PythonUDO\PythonUDO\bin\Debug\58C5C7DBDF061604\LocalRun_ReducerExtractor.script.Debug_A7AFC0D3DF06C2CA\ScopeInternalStatistics.xml",type:StatisticsResource, PlaybackDb) =>	null
2021-05-28T12:13:35.5863030+08:00	UnknownJobId_2009538313	0.0347	Compiler	ScopeLocalResourceStorage	AddGeneratedFile	(path:"D:\Sharing\Scope2015\PythonUDO\PythonUDO\bin\Debug\58C5C7DBDF061604\LocalRun_ReducerExtractor.script.Debug_A7AFC0D3DF06C2CA\__Ast__.bin",type:StatisticsResource) =>	null
2021-05-28T12:13:35.5893043+08:00	UnknownJobId_2009538313	0.0001	UserCode	DefaultTextExtractor	AllowArgsInSignature	() =>	True
2021-05-28T12:13:35.5933040+08:00	UnknownJobId_2009538313	0.0000	UserCode	DefaultTextExtractor	AllowArgsInSignature	() =>	True
2021-05-28T12:13:35.6043041+08:00	UnknownJobId_2009538313	0.0002	UserCode	DefaultTextExtractor	AllowColumnPruning	() =>	True
2021-05-28T12:13:35.6053055+08:00	UnknownJobId_2009538313	0.0000	UserCode	DefaultTextExtractor	AllowColumnPruning	() =>	True
2021-05-28T12:13:35.6053055+08:00	UnknownJobId_2009538313	0.0000	UserCode	DefaultTextExtractor	AllowColumnPruning	() =>	True
2021-05-28T12:13:35.6053055+08:00	UnknownJobId_2009538313	0.0000	UserCode	DefaultTextExtractor	AllowColumnPruning	() =>	True
2021-05-28T12:13:35.6053055+08:00	UnknownJobId_2009538313	0.0000	UserCode	DefaultTextExtractor	AllowColumnPruning	() =>	True
2021-05-28T12:13:35.6063068+08:00	UnknownJobId_2009538313	0.0000	UserCode	DefaultTextExtractor	AllowFilterHinting	() =>	False
2021-05-28T12:13:35.6093045+08:00	UnknownJobId_2009538313	0.0001	UserCode	DefaultTextExtractor	RunSingleThreaded	() =>	False
2021-05-28T12:13:35.7483028+08:00	UnknownJobId_2009538313	0.3264	Compiler	TimedOptimizer	OptimizeImpl	CQO: Optimization succeeded.
2021-05-28T12:13:35.7483028+08:00	UnknownJobId_2009538313		Compiler	ScopeBackEndRunner	Execute	Total input file count: 2
2021-05-28T12:13:35.7483028+08:00	UnknownJobId_2009538313		Compiler	ScopeBackEndRunner	Execute	Total output file count: 2
2021-05-28T12:13:35.7503028+08:00	UnknownJobId_2009538313		Compiler	ScopeBackEndRunner	BackEndRun	Starting BackEndRun...
2021-05-28T12:13:35.7833035+08:00	UnknownJobId_2009538313	0.0000	UserCode	DefaultTextExtractor	AtomicFileProcessing	() =>	False
2021-05-28T12:13:35.8483252+08:00	UnknownJobId_2009538313	0.0018	UserCode	DefaultTextExtractor	UdoProperties	() =>	null
2021-05-28T12:13:35.8563243+08:00	UnknownJobId_2009538313	0.0000	UserCode	DefaultTextExtractor	AtomicFileProcessing	() =>	False
2021-05-28T12:13:35.8563243+08:00	UnknownJobId_2009538313	0.0000	UserCode	DefaultTextExtractor	AtomicFileProcessing	() =>	False
2021-05-28T12:13:35.8983051+08:00	UnknownJobId_2009538313	0.0000	UserCode	DefaultTextExtractor	UdoProperties	() =>	null
2021-05-28T12:13:35.8993046+08:00	UnknownJobId_2009538313	0.0000	UserCode	DefaultTextExtractor	AtomicFileProcessing	() =>	False
2021-05-28T12:13:35.8993046+08:00	UnknownJobId_2009538313	0.0000	UserCode	DefaultTextExtractor	AtomicFileProcessing	() =>	False
2021-05-28T12:13:35.9073049+08:00	UnknownJobId_2009538313	0.0000	UserCode	DefaultTextExtractor	UdoProperties	() =>	null
2021-05-28T12:13:35.9083043+08:00	UnknownJobId_2009538313	0.0000	UserCode	DefaultTextExtractor	AtomicFileProcessing	() =>	False
2021-05-28T12:13:35.9083043+08:00	UnknownJobId_2009538313	0.0000	UserCode	DefaultTextExtractor	AtomicFileProcessing	() =>	False
2021-05-28T12:13:35.9223050+08:00	UnknownJobId_2009538313	0.1709	Compiler	ScopeBackEndRunner	PostprocessStageModel	Algebra and managed code generation finished.
2021-05-28T12:13:35.9223050+08:00	UnknownJobId_2009538313	2.7519	Compiler	ScopeBackEndRunner	BackEndRun	*** Exiting post-optimization
2021-05-28T12:13:35.9283061+08:00	UnknownJobId_2009538313	0.0032	Compiler	ScopeLocalResourceStorage	AddGeneratedFile	(path:"D:\Sharing\Scope2015\PythonUDO\PythonUDO\bin\Debug\58C5C7DBDF061604\LocalRun_ReducerExtractor.script.Debug_A7AFC0D3DF06C2CA\PartitionLastRows.bin",type:VertexPartitionSpec) =>	null
2021-05-28T12:13:35.9293055+08:00	UnknownJobId_2009538313	0.0049	Compiler	ScopeLocalResourceStorage	AddGeneratedFile	(path:"D:\Sharing\Scope2015\PythonUDO\PythonUDO\bin\Debug\58C5C7DBDF061604\LocalRun_ReducerExtractor.script.Debug_A7AFC0D3DF06C2CA\__ScopeDiagnosisInfo__.xml",type:StatisticsResource) =>	null
2021-05-28T12:13:35.9353052+08:00	UnknownJobId_2009538313	0.0104	Compiler	ScopeLocalResourceStorage	AddGeneratedFile	(path:"D:\Sharing\Scope2015\PythonUDO\PythonUDO\bin\Debug\58C5C7DBDF061604\LocalRun_ReducerExtractor.script.Debug_A7AFC0D3DF06C2CA\ScopeScript.xml",type:StatisticsResource) =>	null
2021-05-28T12:13:35.9443052+08:00	UnknownJobId_2009538313	0.0135	Compiler	ScopeBackEndRunner	BackEndRun	C# code emission finished.
2021-05-28T12:13:35.9593053+08:00	UnknownJobId_2009538313	0.0345	Compiler	ScopeLocalResourceStorage	AddGeneratedFile	(path:"D:\Sharing\Scope2015\PythonUDO\PythonUDO\bin\Debug\58C5C7DBDF061604\LocalRun_ReducerExtractor.script.Debug_A7AFC0D3DF06C2CA\ScopeVertexDef.xml",type:VertexDef) =>	null
2021-05-28T12:13:36.2583056+08:00	UnknownJobId_2009538313	0.0000	UserCode	DefaultTextExtractor	AtomicFileProcessing	() =>	False
2021-05-28T12:13:36.3333044+08:00	UnknownJobId_2009538313	0.3857	Compiler	ScopeBackEndRunner	GenerateCppCode	C++ CodeGen finished.
2021-05-28T12:13:43.3698075+08:00	UnknownJobId_2009538313	7.0335	Compiler	ScopeBackEndRunner	BuildGeneratedCode	Generated Code Compilation finished.
2021-05-28T12:13:43.3888067+08:00	UnknownJobId_2009538313	7.6201	Compiler	ScopeBackEndRunner	BackEndRun	Finished BackEndRun...
2021-05-28T12:13:43.3968077+08:00	UnknownJobId_2009538313	0.0082	Compiler	ScopeLocalResourceStorage	AddGeneratedFile	(path:"D:\Sharing\Scope2015\PythonUDO\PythonUDO\bin\Debug\58C5C7DBDF061604\LocalRun_ReducerExtractor.script.Debug_A7AFC0D3DF06C2CA\__ScopeInternalInfo__.xml",type:OptPlanInfo) =>	null
2021-05-28T12:13:43.4018078+08:00	UnknownJobId_2009538313		Compiler	DeepCompilePipeline	FinalizeArtifacts	Starting Compiler Artifacts Finalization...
2021-05-28T12:13:43.4438048+08:00	UnknownJobId_2009538313	0.0000	UserCode	DefaultTextExtractor	UdoProperties	() =>	null
2021-05-28T12:13:43.4448051+08:00	UnknownJobId_2009538313	0.0000	UserCode	DefaultTextExtractor	UdoProperties	() =>	null
2021-05-28T12:13:43.4618055+08:00	UnknownJobId_2009538313	0.0000	UserCode	DefaultTextExtractor	AtomicFileProcessing	() =>	False
2021-05-28T12:13:43.4618055+08:00	UnknownJobId_2009538313	0.0000	UserCode	DefaultTextExtractor	AtomicFileProcessing	() =>	False
2021-05-28T12:13:43.4738053+08:00	UnknownJobId_2009538313	0.1025	Compiler	ScopeLocalResourceStorage	AddGeneratedFile	(path:"D:\Sharing\Scope2015\PythonUDO\PythonUDO\bin\Debug\58C5C7DBDF061604\LocalRun_ReducerExtractor.script.Debug_A7AFC0D3DF06C2CA\__script__.abr",type:Algebra) =>	null
2021-05-28T12:13:43.4748075+08:00	UnknownJobId_2009538313	0.0007	Compiler	ScopeLocalResourceStorage	AddGeneratedFile	(path:"D:\Sharing\Scope2015\PythonUDO\PythonUDO\bin\Debug\58C5C7DBDF061604\LocalRun_ReducerExtractor.script.Debug_A7AFC0D3DF06C2CA\__CompilerTimers.xml",type:CompilerTimers) =>	null
2021-05-28T12:13:43.4828076+08:00	UnknownJobId_2009538313		Compiler	DeepCompilePipeline	FinalizeArtifacts	Finished Compiler Artifacts Finalization...
2021-05-28T12:13:43.4838071+08:00	UnknownJobId_2009538313		Compiler	DeepCompilePipeline	DoCompile	Finished compilation!
2021-05-28T12:13:43.4858059+08:00	UnknownJobId_2009538313		Compiler	DeepCompilePipeline	FinalizeCompilation	Start compilation finalization...
2021-05-28T12:13:43.4898089+08:00	UnknownJobId_2009538313		Compiler	DeepCompilePipeline	DisposeCompiler	Start disposing the compiler...
2021-05-28T12:13:43.4918082+08:00	UnknownJobId_2009538313		Compiler	ScopeSStreamMetadataManager	Cleanup	Cancelling any ongoing requests
2021-05-28T12:13:43.4928075+08:00	UnknownJobId_2009538313		Compiler	DeepCompilePipeline	DisposeCompiler	Finished compilation finalization
2021-05-28T12:13:43.4928075+08:00	UnknownJobId_2009538313	10.3225	Compiler	DeepCompilePipeline	FinalizeCompilation	End Compilation
2021-05-28T12:13:43.4968060+08:00	UnknownJobId_2009538313		Compiler	DeepCompilePipeline	WriteTimers	COMPILATIONTIME|JobId:|FriendlyName:|Mode:Default|Overall: 10.3s 5.4cpu|FrontEndRun: 1.8s 3.5cpu|RoslynTimers: 79x 2.4s 30.0ms/x 5.1cpu|Preprocessing: 0.2s 0.3cpu|OptimizerRun: 0.3s 0.4cpu|BackEndRun: 7.6s 0.8cpu|ExternalTimers: 35x 0.1s 3.0ms/x 0.1cpu
2021-05-28T12:13:43.4978071+08:00	UnknownJobId_2009538313		Compiler	DeepCompilePipeline	WriteTimers	FrontEndTimers|FrontEndRun: 1.8s 3.5cpu|AssemblyResolverPass:|AstBuilder: 0.7s 1.3cpu|BinderPass: 0.8s 1.6cpu|ClassifierPass:|DdlResolver: 0.1cpu|ErrorReporterPass:|FileSetExpansionAsync: 2x 0.1s 30.0ms/x 0.1cpu wait 0.1s|FileSetPEAsync: 2x 2.0ms/x|ProcessUsingsPass:|InputOutputPass: 0.1s 0.3cpu|GenerateOptTreePass:|GeneratedFilesAsync: 9x 0.2s 19.0ms/x 0.4cpu wait 0.1s|Parser: 0.2s 0.3cpu|ReferenceLoading:|ResourceReferencePass:|ResourcesDownloading: 0.1s 0.1cpu|SemanticAnalyzerPass:|SyntaxVerifier: 0.2s 0.5cpu|TraceFile: 103x 0.1cpu|ViewResolver: 2x 4.0ms/x
2021-05-28T12:13:43.4978071+08:00	UnknownJobId_2009538313		Compiler	DeepCompilePipeline	WriteTimers	RoslynTimers|RoslynBinding: 5x 0.6s 126.0ms/x 1.4cpu|RoslynEnvironmentAsync: 0.3s 0.5cpu wait 0.3s|RoslynFirstCall: 0.6s 1.3cpu|ConstantFolding: 5x 2.0ms/x|RoslynParsing: 5x 0.1s 20.0ms/x 0.4cpu|RoslynPostBind: 5x 0.1s 28.0ms/x 0.1cpu|RoslynPreBind: 5x 9.0ms/x 0.2cpu|RoslynSemantic: 5x 0.3s 65.0ms/x 0.7cpu|SimpleLiteralBinding: 10x|NonRoslynBinding: 5x 3.0ms/x 0.1cpu|ExpressionAnnotation: 5x 9.0ms/x|ExpressionAnnotationSemantic: 21x 1.0ms/x|CreateSemanticModel: 6x 0.2s 29.0ms/x 0.3cpu
2021-05-28T12:13:43.4988063+08:00	UnknownJobId_2009538313		Compiler	DeepCompilePipeline	WriteTimers	PreProcessorTimers|ExpressionProcessors: 5x|PreProcessorParser: 0.1cpu|Preprocessing: 0.2s 0.3cpu
2021-05-28T12:13:43.4988063+08:00	UnknownJobId_2009538313		Compiler	DeepCompilePipeline	WriteTimers	OptimizerTimers|OptimizerRun: 0.3s 0.4cpu|OptimizerWait:|ComputeSignature:|CreateSplitsOrSpools:|PostProcessExecutionPlan:|CreateWhereSelectEnumerators:|ComputePayloadMetadata:|SStreamStageProcessing:|ValidateStages:|CompileToAlgebra: 0.1s|EstimateMemorySize: 3x 9.0ms/x|CalculateBubbles:
2021-05-28T12:13:43.4988063+08:00	UnknownJobId_2009538313		Compiler	DeepCompilePipeline	WriteTimers	BackendTimers|BackEndRun: 7.6s 0.8cpu|AdornAllWithMemoryModel: 3x 14.0ms/x|AlgebraAndManagedCodeGen: 0.2s 0.2cpu|AnnotateIntermediateResults:|CodeCompiling: 7.0s 0.1cpu|CodeGeneration: 0.4s 0.4cpu|CppCompilationNative: 3.4s|CppLinking: 0.3s|CreateCppReadyStage:|CSharpCompilation: 3.2s|ManagedCodeEmission:|NativeCodeGeneration: 0.4s 0.4cpu
2021-05-28T12:13:43.4988063+08:00	UnknownJobId_2009538313		Compiler	DeepCompilePipeline	WriteTimers	ExternalTimers|VcClient:|PlaybackAsync: 2x 13.0ms/x 0.1cpu|UserCode: 32x
