2021-07-02T15:27:35.6549605+08:00	UnknownJobId_0518544020	0.0621	CFE	VC	SetupAadCredentials	(vcName:"https://cosmos09.osdinfra.net/cosmos/cosmosAdmin",proxy:"<noproxy>",restClientCredentials:Microsoft.Rest.TokenCredentials) =>	null
2021-07-02T15:27:35.7849462+08:00	UnknownJobId_0518544020	0.0033	Compiler	ScopeRoslynBinder	BuildScriptEnvironment	Starting
2021-07-02T15:27:36.1629802+08:00	UnknownJobId_0518544020		Compiler	DeepCompilePipeline	InitializeCompiler	Start Compilation: JobId=, HostEnvironment=CCS, HostMachineName=V-HOZHAO, ApplicationId=, CompilerStartTime=2021-07-02T07:27:35.2579254Z, CompileOnVC = False, DataRoot = https://cosmos09.osdinfra.net/cosmos/cosmosAdmin, Version = 10.2.2.0
2021-07-02T15:27:36.1649607+08:00	UnknownJobId_0518544020		Compiler	DeepCompilePipeline	InitializeCompiler	CommandLine =>	""c:\program files (x86)\microsoft visual studio\2017\enterprise\common7\ide\extensions\microsoft\scopestudio\2.7.0000.7\CompilerHost.exe" 95dacffb-8c52-4144-b03d-b79254935ad1 768 False C:\Users\v-hozhao\AppData\Local\Temp\DataLakeTemp"
2021-07-02T15:27:36.1659611+08:00	UnknownJobId_0518544020		Compiler	DeepCompilePipeline	InitializeCompiler	Settings =>	{DataRoot:https://cosmos09.osdinfra.net/cosmos/cosmosAdmin,ResolverTypeForResource:Local,ResolverTypeForInput:InputPath,ResolverTypeForOutput:Dummy,SecureInfoFile:null,SecurityKeyInfo:byte[2036],NebulaCommandLine:-c++ -Inputs D:\Sharing\Scope2015\CodeBehind\CodeBehind\bin\Debug\Scope.script -Debug -pdb Full -off EnableScopeDdl -on ReflectStageToScript -on EnableScopeDml -on EnableSStreamContractV4 -on UseAadAuthentication -ClientVersion 10.2.2.0}
2021-07-02T15:27:36.1829816+08:00	UnknownJobId_0518544020		Compiler	DeepCompilePipeline	InitializeCompiler	Stack =>	"   at ScopeCompiler.Dependencies.Cosmos.ParseSandboxer.CompileInSeparateAppDomain(String[] scripts, Settings settings)\r\n   at ScopeCompiler.Parser.FullParse(String[] scripts, String filePath, CompilerEnvironment environment, Settings settings, Func`4 funcParse, String nebulaCommandLine)\r\n   at ScopeCompiler.Dependencies.Cosmos.ParseSandboxer.FullParseInSeparateAppDomain(String[] scripts, String filePath, Settings settings)\r\n   at ScopeClient.Scope.TryToParse(String[] scripts, String scriptFileName, Settings compSet, CompilerEnvironment enviroment, ParseInformation& info)\r\n   at ScopeClient.Scope.PrivateCompileSuppressException(Settings compSet, CompilerSwitches compilerSwitches, CompilerEnvironment environment, String outputXmlFileName, Dictionary`2 parameters, Boolean isParseOnly, Boolean verbose)\r\n   at ScopeClient.ScopeStudio.ScopeStudioInterface.Compile(Dictionary`2 parameters, Int32 version)\r\n   at System.RuntimeMethodHandle.InvokeMethod(Object target, Object[] arguments, Signature sig, Boolean constructor)\r\n   at System.Reflection.RuntimeMethodInfo.UnsafeInvokeInternal(Object obj, Object[] parameters, Object[] arguments)\r\n   at System.Reflection.RuntimeMethodInfo.Invoke(Object obj, BindingFlags invokeAttr, Binder binder, Object[] parameters, CultureInfo culture)\r\n   at System.RuntimeType.InvokeMember(String name, BindingFlags bindingFlags, Binder binder, Object target, Object[] providedArgs, ParameterModifier[] modifiers, CultureInfo culture, String[] namedParams)\r\n   at Microsoft.Cosmos.ScopeStudio.BusinessObjects.Common.CompilerProxy.DoInvork(String method, Object[] parameters, String outputXmlFileName)\r\n"
2021-07-02T15:27:36.1929641+08:00	UnknownJobId_0518544020		Compiler	DeepCompilePipeline	BeforeCompile	Client Version: 10.2.2.0
2021-07-02T15:27:36.1929641+08:00	UnknownJobId_0518544020		Compiler	DeepCompilePipeline	BeforeCompile	Target: SingleBox
2021-07-02T15:27:36.1939615+08:00	UnknownJobId_0518544020		Compiler	DeepCompilePipeline	BeforeCompile	Stat: SimulateLarge
2021-07-02T15:27:36.1939615+08:00	UnknownJobId_0518544020		Compiler	DeepCompilePipeline	BeforeCompile	SkipPath: True
2021-07-02T15:27:36.2819647+08:00	UnknownJobId_0518544020	0.5003	Compiler	ScopeRoslynBinder	BuildScriptEnvironment	Finished
2021-07-02T15:27:36.7769839+08:00	UnknownJobId_0518544020		Compiler	ScopeFrontEndRunner	Execute	Starting FrontEndRun...
2021-07-02T15:27:37.5170123+08:00	UnknownJobId_0518544020	0.3512	Compiler	ScopeLocalCompileStrategy	ExecuteCompilePass	SyntaxVerifier	Scope.script
2021-07-02T15:27:37.6070149+08:00	UnknownJobId_0518544020	0.0721	Compiler	ScopeLocalCompileStrategy	ExecuteCompilePass	DdlResolver	Scope.script
2021-07-02T15:27:37.6140159+08:00	UnknownJobId_0518544020	0.0042	Compiler	ScopeLocalCompileStrategy	ExecuteCompilePass	ViewResolver	Scope.script
2021-07-02T15:27:37.6150165+08:00	UnknownJobId_0518544020	0.8188	Compiler	ScopeLocalCompileStrategy	ExecuteCompilePass	AstBuilder	Scope.script
2021-07-02T15:27:37.6250154+08:00	UnknownJobId_0518544020	0.0093	Compiler	ScopeLocalCompileStrategy	ExecuteCompilePass	ViewResolver	Scope.script
2021-07-02T15:27:37.6270173+08:00	UnknownJobId_0518544020	0.0008	Compiler	ScopeLocalCompileStrategy	ExecuteCompilePass	ClassifierPass	Scope.script
2021-07-02T15:27:37.6360166+08:00	UnknownJobId_0518544020	0.0086	Compiler	ScopeLocalCompileStrategy	ExecuteCompilePass	AssemblyResolverPass	Scope.script
2021-07-02T15:27:37.6440168+08:00	UnknownJobId_0518544020	0.0071	Compiler	ScopeLocalCompileStrategy	ExecuteCompilePass	ResourceReferencePass	Scope.script
2021-07-02T15:27:37.6480170+08:00	UnknownJobId_0518544020		Compiler	ScopeLocalResourceStorage	DownloadResources	Resources to download =>	[/*count:1*/{fileMetadata: {VirtualPath:'C:\Program Files (x86)\Reference Assemblies\Microsoft\Framework\.NETFramework\v4.5\System.Core.dll',PhysicalPath:'C:\Program Files (x86)\Reference Assemblies\Microsoft\Framework\.NETFramework\v4.5\System.Core.dll',VirtualColumnValues:'[]'}, cachePath: D:\Sharing\Scope2015\CodeBehind\CodeBehind\bin\Debug\FEB18BC62E9A8FD3\Scope_243EDBE6123EC431\System.Core.dll}]
2021-07-02T15:27:37.6550167+08:00	UnknownJobId_0518544020		Compiler	ScopeLocalResourceStorage	RequiresDownload	RequiresDownload: true, Reason: resource not in cache =>	{fileMetadata: {VirtualPath:'C:\Program Files (x86)\Reference Assemblies\Microsoft\Framework\.NETFramework\v4.5\System.Core.dll',PhysicalPath:'C:\Program Files (x86)\Reference Assemblies\Microsoft\Framework\.NETFramework\v4.5\System.Core.dll',VirtualColumnValues:'[]'}, cachePath: D:\Sharing\Scope2015\CodeBehind\CodeBehind\bin\Debug\FEB18BC62E9A8FD3\Scope_243EDBE6123EC431\System.Core.dll}
2021-07-02T15:27:37.6560168+08:00	UnknownJobId_0518544020		Compiler	ResourceStorage	DownloadResourceAsyncImpl	Downloading C:\Program Files (x86)\Reference Assemblies\Microsoft\Framework\.NETFramework\v4.5\System.Core.dll to D:\Sharing\Scope2015\CodeBehind\CodeBehind\bin\Debug\FEB18BC62E9A8FD3\Scope_243EDBE6123EC431\System.Core.dll.
2021-07-02T15:27:37.9050273+08:00	UnknownJobId_0518544020		Compiler	LocalStoreProxy	DownloadFileAsyncImpl	Total bytes downloaded for C:\Program Files (x86)\Reference Assemblies\Microsoft\Framework\.NETFramework\v4.5\System.Core.dll =>	235008
2021-07-02T15:27:41.1081921+08:00	UnknownJobId_0518544020	3.1678	Compiler	ScopeCompileStrategy	Process	CsBlockAnalyzer finished.
2021-07-02T15:27:41.1081921+08:00	UnknownJobId_0518544020	0.0000	Compiler	ScopeRoslynBinder	BuildScriptEnvironment	Starting
2021-07-02T15:27:41.1151933+08:00	UnknownJobId_0518544020	0.0070	Compiler	ScopeRoslynBinder	BuildScriptEnvironment	Finished
2021-07-02T15:27:41.2251749+08:00	UnknownJobId_0518544020	0.1135	Compiler	ScopeLocalCompileStrategy	ExecuteCompilePass	ProcessUsingsPass	Scope.script
2021-07-02T15:27:41.2701983+08:00	UnknownJobId_0518544020	0.0430	Compiler	ScopeLocalCompileStrategy	ExecuteCompilePass	InputOutputPass	Scope.script
2021-07-02T15:27:41.5987156+08:00	UnknownJobId_0518544020	0.0007	UserCode	<>c__DisplayClass106_0`1	Constructor	() =>	ScopeRuntime.DefaultTextExtractor
2021-07-02T15:27:41.6026996+08:00	UnknownJobId_0518544020	0.0002	UserCode	DefaultTextExtractor	AtomicFileProcessing	() =>	False
2021-07-02T15:27:41.6247075+08:00	UnknownJobId_0518544020	0.0150	UserCode	DefaultTextExtractor	Produces	() =>	UserId:string,Start:string,Region:string,Query:string,Duration:string,Urls:string,ClickedUrls:string
2021-07-02T15:27:41.8117099+08:00	UnknownJobId_0518544020	0.0005	UserCode	<>c__DisplayClass106_0`1	Constructor	() =>	ScopeRuntime.DefaultTextOutputter
2021-07-02T15:27:41.8117099+08:00	UnknownJobId_0518544020	0.5382	Compiler	ScopeLocalCompileStrategy	ExecuteCompilePass	BinderPass	Scope.script
2021-07-02T15:27:41.8417092+08:00	UnknownJobId_0518544020	0.0268	Compiler	ScopeLocalCompileStrategy	ExecuteCompilePass	SemanticAnalyzerPass	Scope.script
2021-07-02T15:27:41.8927266+08:00	UnknownJobId_0518544020	0.0493	Compiler	ScopeLocalCompileStrategy	ExecuteCompilePass	ErrorReporterPass	Scope.script
2021-07-02T15:27:41.8927266+08:00	UnknownJobId_0518544020	5.1154	Compiler	ScopeFrontEndRunner	CleanUp	Finished FrontEndRun...
2021-07-02T15:27:41.9117118+08:00	UnknownJobId_0518544020		Compiler	ScopeBackEndRunner	OptimizerRun	Starting OptimizerRun...
2021-07-02T15:27:41.9227132+08:00	UnknownJobId_0518544020	0.0087	Compiler	ScopeLocalResourceStorage	AddGeneratedFile	(path:"D:\Sharing\Scope2015\CodeBehind\CodeBehind\bin\Debug\FEB18BC62E9A8FD3\Scope_243EDBE6123EC431\__CompilerTimers.xml",type:CompilerTimers) =>	null
2021-07-02T15:27:41.9967140+08:00	UnknownJobId_0518544020	0.0001	UserCode	DefaultTextOutputter	AtomicFileProcessing	() =>	False
2021-07-02T15:27:41.9997143+08:00	UnknownJobId_0518544020	0.0828	Compiler	ScopeLocalCompileStrategy	ExecuteCompilePass	GenerateOptTreePass	Scope.script
2021-07-02T15:27:42.0137171+08:00	UnknownJobId_0518544020		Compiler	PlaybackDbWriter	SerializeSStreamMeta	SStreamMetadata converted to base64 string, size is4
2021-07-02T15:27:42.0337165+08:00	UnknownJobId_0518544020	0.0304	Compiler	ScopeLocalResourceStorage	AddGeneratedFile	(path:"D:\Sharing\Scope2015\CodeBehind\CodeBehind\bin\Debug\FEB18BC62E9A8FD3\Scope_243EDBE6123EC431\ScopeInternalStatistics.xml",type:StatisticsResource, PlaybackDb) =>	null
2021-07-02T15:27:42.1667374+08:00	UnknownJobId_0518544020	0.0000	UserCode	DefaultTextExtractor	AtomicFileProcessing	() =>	False
2021-07-02T15:27:42.2317246+08:00	UnknownJobId_0518544020		Compiler	PlaybackDbWriter	SerializeSStreamMeta	SStreamMetadata converted to base64 string, size is4
2021-07-02T15:27:42.2327246+08:00	UnknownJobId_0518544020	0.0014	Compiler	ScopeLocalResourceStorage	AddGeneratedFile	(path:"D:\Sharing\Scope2015\CodeBehind\CodeBehind\bin\Debug\FEB18BC62E9A8FD3\Scope_243EDBE6123EC431\__CompilerTimers.xml",type:CompilerTimers) =>	null
2021-07-02T15:27:42.2337264+08:00	UnknownJobId_0518544020	0.0017	Compiler	ScopeLocalResourceStorage	AddGeneratedFile	(path:"D:\Sharing\Scope2015\CodeBehind\CodeBehind\bin\Debug\FEB18BC62E9A8FD3\Scope_243EDBE6123EC431\ScopeInternalStatistics.xml",type:StatisticsResource, PlaybackDb) =>	null
2021-07-02T15:27:42.2437251+08:00	UnknownJobId_0518544020	0.0002	UserCode	DefaultTextExtractor	AllowArgsInSignature	() =>	True
2021-07-02T15:27:42.2537263+08:00	UnknownJobId_0518544020	0.0000	UserCode	DefaultTextExtractor	AllowArgsInSignature	() =>	True
2021-07-02T15:27:42.2587260+08:00	UnknownJobId_0518544020	0.0277	Compiler	ScopeLocalResourceStorage	AddGeneratedFile	(path:"D:\Sharing\Scope2015\CodeBehind\CodeBehind\bin\Debug\FEB18BC62E9A8FD3\Scope_243EDBE6123EC431\__Ast__.bin",type:StatisticsResource) =>	null
2021-07-02T15:27:42.2677410+08:00	UnknownJobId_0518544020	0.0002	UserCode	DefaultTextExtractor	AllowColumnPruning	() =>	True
2021-07-02T15:27:42.2677410+08:00	UnknownJobId_0518544020	0.0000	UserCode	DefaultTextExtractor	AllowColumnPruning	() =>	True
2021-07-02T15:27:42.2687254+08:00	UnknownJobId_0518544020	0.0000	UserCode	DefaultTextExtractor	AllowColumnPruning	() =>	True
2021-07-02T15:27:42.2687254+08:00	UnknownJobId_0518544020	0.0000	UserCode	DefaultTextExtractor	AllowColumnPruning	() =>	True
2021-07-02T15:27:42.2687254+08:00	UnknownJobId_0518544020	0.0000	UserCode	DefaultTextExtractor	AllowColumnPruning	() =>	True
2021-07-02T15:27:42.2687254+08:00	UnknownJobId_0518544020	0.0000	UserCode	DefaultTextExtractor	AllowColumnPruning	() =>	True
2021-07-02T15:27:42.2697466+08:00	UnknownJobId_0518544020	0.0000	UserCode	DefaultTextExtractor	AllowColumnPruning	() =>	True
2021-07-02T15:27:42.2697466+08:00	UnknownJobId_0518544020	0.0001	UserCode	DefaultTextExtractor	AllowFilterHinting	() =>	False
2021-07-02T15:27:42.2747259+08:00	UnknownJobId_0518544020	0.0001	UserCode	DefaultTextExtractor	RunSingleThreaded	() =>	False
2021-07-02T15:27:42.5397541+08:00	UnknownJobId_0518544020	0.5181	Compiler	TimedOptimizer	OptimizeImpl	CQO: Optimization succeeded.
2021-07-02T15:27:42.5397541+08:00	UnknownJobId_0518544020		Compiler	ScopeBackEndRunner	Execute	Total input file count: 1
2021-07-02T15:27:42.5407573+08:00	UnknownJobId_0518544020		Compiler	ScopeBackEndRunner	Execute	Total output file count: 1
2021-07-02T15:27:42.5427568+08:00	UnknownJobId_0518544020		Compiler	ScopeBackEndRunner	BackEndRun	Starting BackEndRun...
2021-07-02T15:27:42.6317591+08:00	UnknownJobId_0518544020	0.0000	UserCode	DefaultTextExtractor	AtomicFileProcessing	() =>	False
2021-07-02T15:27:42.6977617+08:00	UnknownJobId_0518544020	0.0021	UserCode	DefaultTextExtractor	UdoProperties	() =>	null
2021-07-02T15:27:42.7087422+08:00	UnknownJobId_0518544020	0.0000	UserCode	DefaultTextExtractor	AtomicFileProcessing	() =>	False
2021-07-02T15:27:42.7087422+08:00	UnknownJobId_0518544020	0.0000	UserCode	DefaultTextExtractor	AtomicFileProcessing	() =>	False
2021-07-02T15:27:42.7527442+08:00	UnknownJobId_0518544020	0.0000	UserCode	DefaultTextExtractor	UdoProperties	() =>	null
2021-07-02T15:27:42.7537440+08:00	UnknownJobId_0518544020	0.0000	UserCode	DefaultTextExtractor	AtomicFileProcessing	() =>	False
2021-07-02T15:27:42.7537440+08:00	UnknownJobId_0518544020	0.0000	UserCode	DefaultTextExtractor	AtomicFileProcessing	() =>	False
2021-07-02T15:27:42.7617441+08:00	UnknownJobId_0518544020	0.0000	UserCode	DefaultTextExtractor	UdoProperties	() =>	null
2021-07-02T15:27:42.7617441+08:00	UnknownJobId_0518544020	0.0000	UserCode	DefaultTextExtractor	AtomicFileProcessing	() =>	False
2021-07-02T15:27:42.7617441+08:00	UnknownJobId_0518544020	0.0000	UserCode	DefaultTextExtractor	AtomicFileProcessing	() =>	False
2021-07-02T15:27:42.7803661+08:00	UnknownJobId_0518544020	0.2365	Compiler	ScopeBackEndRunner	PostprocessStageModel	Algebra and managed code generation finished.
2021-07-02T15:27:42.7805960+08:00	UnknownJobId_0518544020	7.5214	Compiler	ScopeBackEndRunner	BackEndRun	*** Exiting post-optimization
2021-07-02T15:27:42.7866071+08:00	UnknownJobId_0518544020	0.0047	Compiler	ScopeLocalResourceStorage	AddGeneratedFile	(path:"D:\Sharing\Scope2015\CodeBehind\CodeBehind\bin\Debug\FEB18BC62E9A8FD3\Scope_243EDBE6123EC431\PartitionLastRows.bin",type:VertexPartitionSpec) =>	null
2021-07-02T15:27:42.7886067+08:00	UnknownJobId_0518544020	0.0060	Compiler	ScopeLocalResourceStorage	AddGeneratedFile	(path:"D:\Sharing\Scope2015\CodeBehind\CodeBehind\bin\Debug\FEB18BC62E9A8FD3\Scope_243EDBE6123EC431\__ScopeDiagnosisInfo__.xml",type:StatisticsResource) =>	null
2021-07-02T15:27:42.7986082+08:00	UnknownJobId_0518544020	0.0155	Compiler	ScopeLocalResourceStorage	AddGeneratedFile	(path:"D:\Sharing\Scope2015\CodeBehind\CodeBehind\bin\Debug\FEB18BC62E9A8FD3\Scope_243EDBE6123EC431\ScopeScript.xml",type:StatisticsResource) =>	null
2021-07-02T15:27:42.8086101+08:00	UnknownJobId_0518544020	0.0193	Compiler	ScopeBackEndRunner	BackEndRun	C# code emission finished.
2021-07-02T15:27:42.8306072+08:00	UnknownJobId_0518544020	0.0483	Compiler	ScopeLocalResourceStorage	AddGeneratedFile	(path:"D:\Sharing\Scope2015\CodeBehind\CodeBehind\bin\Debug\FEB18BC62E9A8FD3\Scope_243EDBE6123EC431\ScopeVertexDef.xml",type:VertexDef) =>	null
2021-07-02T15:27:43.1766405+08:00	UnknownJobId_0518544020	0.0000	UserCode	DefaultTextExtractor	AtomicFileProcessing	() =>	False
2021-07-02T15:27:43.2536399+08:00	UnknownJobId_0518544020	0.4408	Compiler	ScopeBackEndRunner	GenerateCppCode	C++ CodeGen finished.
2021-07-02T15:27:54.9160807+08:00	UnknownJobId_0518544020	11.6589	Compiler	ScopeBackEndRunner	BuildGeneratedCode	Generated Code Compilation finished.
2021-07-02T15:27:54.9290799+08:00	UnknownJobId_0518544020	12.3740	Compiler	ScopeBackEndRunner	BackEndRun	Finished BackEndRun...
2021-07-02T15:27:54.9430792+08:00	UnknownJobId_0518544020		Compiler	DeepCompilePipeline	FinalizeArtifacts	Starting Compiler Artifacts Finalization...
2021-07-02T15:27:54.9450793+08:00	UnknownJobId_0518544020	0.0278	Compiler	ScopeLocalResourceStorage	AddGeneratedFile	(path:"D:\Sharing\Scope2015\CodeBehind\CodeBehind\bin\Debug\FEB18BC62E9A8FD3\Scope_243EDBE6123EC431\__ScopeInternalInfo__.xml",type:OptPlanInfo) =>	null
2021-07-02T15:27:54.9790779+08:00	UnknownJobId_0518544020	0.0000	UserCode	DefaultTextExtractor	UdoProperties	() =>	null
2021-07-02T15:27:54.9800788+08:00	UnknownJobId_0518544020	0.0000	UserCode	DefaultTextExtractor	UdoProperties	() =>	null
2021-07-02T15:27:55.0000814+08:00	UnknownJobId_0518544020	0.0000	UserCode	DefaultTextExtractor	AtomicFileProcessing	() =>	False
2021-07-02T15:27:55.0000814+08:00	UnknownJobId_0518544020	0.0000	UserCode	DefaultTextExtractor	AtomicFileProcessing	() =>	False
2021-07-02T15:27:55.0130801+08:00	UnknownJobId_0518544020	0.0955	Compiler	ScopeLocalResourceStorage	AddGeneratedFile	(path:"D:\Sharing\Scope2015\CodeBehind\CodeBehind\bin\Debug\FEB18BC62E9A8FD3\Scope_243EDBE6123EC431\__script__.abr",type:Algebra) =>	null
2021-07-02T15:27:55.0140826+08:00	UnknownJobId_0518544020	0.0008	Compiler	ScopeLocalResourceStorage	AddGeneratedFile	(path:"D:\Sharing\Scope2015\CodeBehind\CodeBehind\bin\Debug\FEB18BC62E9A8FD3\Scope_243EDBE6123EC431\__CompilerTimers.xml",type:CompilerTimers) =>	null
2021-07-02T15:27:55.0290837+08:00	UnknownJobId_0518544020		Compiler	DeepCompilePipeline	FinalizeArtifacts	Finished Compiler Artifacts Finalization...
2021-07-02T15:27:55.0290837+08:00	UnknownJobId_0518544020		Compiler	DeepCompilePipeline	DoCompile	Finished compilation!
2021-07-02T15:27:55.0320806+08:00	UnknownJobId_0518544020		Compiler	DeepCompilePipeline	FinalizeCompilation	Start compilation finalization...
2021-07-02T15:27:55.0350818+08:00	UnknownJobId_0518544020		Compiler	DeepCompilePipeline	DisposeCompiler	Start disposing the compiler...
2021-07-02T15:27:55.0380817+08:00	UnknownJobId_0518544020		Compiler	ScopeSStreamMetadataManager	Cleanup	Cancelling any ongoing requests
2021-07-02T15:27:55.0400816+08:00	UnknownJobId_0518544020		Compiler	DeepCompilePipeline	DisposeCompiler	Finished compilation finalization
2021-07-02T15:27:55.0400816+08:00	UnknownJobId_0518544020	19.7813	Compiler	DeepCompilePipeline	FinalizeCompilation	End Compilation
2021-07-02T15:27:55.0440802+08:00	UnknownJobId_0518544020		Compiler	DeepCompilePipeline	WriteTimers	COMPILATIONTIME|JobId:|FriendlyName:|Mode:Default|Overall: 19.8s 6.4cpu|FrontEndRun: 5.1s 3.6cpu|RoslynTimers: 50x 2.1s 42.0ms/x 2.1cpu|Preprocessing: 0.1s 0.3cpu|OptimizerRun: 0.5s 0.5cpu|BackEndRun: 12.4s 0.9cpu|ExternalTimers: 35x 0.1s 3.0ms/x 0.2cpu
2021-07-02T15:27:55.0450819+08:00	UnknownJobId_0518544020		Compiler	DeepCompilePipeline	WriteTimers	FrontEndTimers|FrontEndRun: 5.1s 3.6cpu|AssemblyResolverPass:|AstBuilder: 0.8s 2.1cpu|BinderPass: 0.5s 0.5cpu|ClassifierPass:|DdlResolver: 0.1s 0.3cpu|ErrorReporterPass:|ProcessUsingsPass: 2x 0.1s 56.0ms/x 0.1cpu|InputOutputPass:|GenerateOptTreePass: 0.1s 0.1cpu|GeneratedFilesAsync: 9x 0.2s 20.0ms/x 0.5cpu wait 0.1s|Parser: 0.2s 0.4cpu|ReferenceLoading:|ResourceReferencePass:|ResourcesDownloading: 0.3s 0.4cpu|SemanticAnalyzerPass:|SyntaxVerifier: 0.4s 1.0cpu|TraceFile: 100x 0.1cpu|ViewResolver: 2x 6.0ms/x
2021-07-02T15:27:55.0450819+08:00	UnknownJobId_0518544020		Compiler	DeepCompilePipeline	WriteTimers	RoslynTimers|RoslynBinding: 3x 0.4s 131.0ms/x 0.4cpu|RoslynEnvironmentAsync: 2x 0.5s 253.0ms/x 0.6cpu wait 0.1s|RoslynFirstCall: 0.3s 0.3cpu|ConstantFolding: 3x 8.0ms/x|RoslynParsing: 3x 11.0ms/x|RoslynPostBind: 3x 0.2s 64.0ms/x 0.2cpu|RoslynPreBind: 3x 0.1s 16.0ms/x|RoslynSemantic: 4x 0.2s 52.0ms/x 0.2cpu|OneColumnBinding:|SimpleLiteralBinding: 3x|NonRoslynBinding: 3x 9.0ms/x|ExpressionAnnotation: 3x 0.1s 20.0ms/x 0.1cpu|ExpressionAnnotationSemantic: 7x 6.0ms/x|LazyExpressionAnnotation:|LazyExpressionAnnotationSemantic: 3x 1.0ms/x|CreateSemanticModel: 7x 0.3s 42.0ms/x 0.2cpu
2021-07-02T15:27:55.0460801+08:00	UnknownJobId_0518544020		Compiler	DeepCompilePipeline	WriteTimers	PreProcessorTimers|CsBlock: 3.2s 0.2cpu|PreProcessorParser:|Preprocessing: 0.1s 0.3cpu
2021-07-02T15:27:55.0460801+08:00	UnknownJobId_0518544020		Compiler	DeepCompilePipeline	WriteTimers	OptimizerTimers|OptimizerRun: 0.5s 0.5cpu|OptimizerWait:|ComputeSignature:|CreateSplitsOrSpools:|PostProcessExecutionPlan:|CreateWhereSelectEnumerators: 0.1s|ComputePayloadMetadata:|SStreamStageProcessing:|ValidateStages:|CompileToAlgebra:|EstimateMemorySize: 3x 9.0ms/x|CalculateBubbles:
2021-07-02T15:27:55.0460801+08:00	UnknownJobId_0518544020		Compiler	DeepCompilePipeline	WriteTimers	BackendTimers|BackEndRun: 12.4s 0.9cpu|AdornAllWithMemoryModel: 3x 15.0ms/x 0.1cpu|AlgebraAndManagedCodeGen: 0.2s 0.2cpu|AnnotateIntermediateResults:|CodeCompiling: 11.7s 0.1cpu|CodeGeneration: 0.4s 0.5cpu|CppCompilationManaged: 4.7s|CppCompilationNative: 2.8s|CppLinking: 0.6s|CreateCppReadyStage:|CSharpCompilation: 2x 6.5s 272.0ms/x|ManagedCodeEmission:|NativeCodeGeneration: 0.4s 0.5cpu
2021-07-02T15:27:55.0460801+08:00	UnknownJobId_0518544020		Compiler	DeepCompilePipeline	WriteTimers	ExternalTimers|VcClient: 0.1s|PlaybackAsync: 2x 16.0ms/x 0.1cpu|UserCode: 32x 1.0ms/x
