2021-03-31T14:21:56.4100933+08:00	UnknownJobId_0719333571		SMS	ScopeLocalCompileStrategy	CheckIfSMSIsProvisioned	SMS is not provisioned for account defaultFriendlyComputationAccount
2021-03-31T14:21:56.4390964+08:00	UnknownJobId_0719333571	0.0033	Compiler	ScopeRoslynBinder	BuildScriptEnvironment	Starting
2021-03-31T14:21:56.6411049+08:00	UnknownJobId_0719333571		Compiler	ScopeSubmissionCompilePipeline	InitializeCompiler	Start Compilation: CompileOnVC = False, DataRoot = abfs://local@sandboxwcus.dfs.core.windows.net, Version = 10.2.2.0
2021-03-31T14:21:56.6421048+08:00	UnknownJobId_0719333571		Compiler	ScopeSubmissionCompilePipeline	InitializeCompiler	CommandLine =>	""c:\program files (x86)\microsoft visual studio\2017\enterprise\common7\ide\extensions\microsoft\scopestudio\2.7.0000.5\SubmitHost.exe" 38f2b9de-43f7-4975-902f-bc2a67115c17 29320 False C:\Users\v-hozhao\AppData\Local\Temp\DataLakeTemp"
2021-03-31T14:21:56.6441052+08:00	UnknownJobId_0719333571		Compiler	ScopeSubmissionCompilePipeline	InitializeCompiler	Settings =>	{DataRoot:abfs://local@sandboxwcus.dfs.core.windows.net,ResolverTypeForResource:ScopePath,ResolverTypeForInput:RemoteRoot,ResolverTypeForOutput:Dummy,NebulaCommandLine:-c++ -off EnableScopeDdl -on ADL -on EnableScopeDml -on EnableSStreamContractV4 -CosmosCluster default -ApEnvironment defaultApEnvironment -ApCluster defaultApCluster -ClientVersion 10.2.2.0 -Inputs Scope.script}
2021-03-31T14:21:56.6631056+08:00	UnknownJobId_0719333571		Compiler	ScopeSubmissionCompilePipeline	InitializeCompiler	Stack =>	"   at ScopeCompiler.Dependencies.Cosmos.ParseSandboxer.CompileInSeparateAppDomain(String[] scripts, Settings settings)\r\n   at ScopeCompiler.Parser.FullParse(String[] scripts, String filePath, CompilerEnvironment environment, Settings settings, Func`4 funcParse, String nebulaCommandLine)\r\n   at ScopeCompiler.Dependencies.Cosmos.ParseSandboxer.FullParseInSeparateAppDomain(String[] scripts, String filePath, Settings settings)\r\n   at ScopeClient.Scope.PreCompileForSubmit(Settings compSet, String tempDirectory, String forceResourcePathSearchList, Dictionary`2 parameters, String[] scopeScriptFileNames, String[]& filesAfterApplyingOldParams)\r\n   at ScopeClient.ScopeStudio.ScopeStudioInterface.DoPreSubmit(Dictionary`2 parameters, Int32 version, Action`3 afterPrepareInfo, List`1& warnings)\r\n   at ScopeClient.ScopeStudio.ScopeStudioInterface.PreSubmitScopeConvergence(Dictionary`2 parameters, Int32 version, List`1& warnings, List`1& clusterResources, List`1& localResources, String& scopeScriptFileName)\r\n   at System.RuntimeMethodHandle.InvokeMethod(Object target, Object[] arguments, Signature sig, Boolean constructor)\r\n   at System.Reflection.RuntimeMethodInfo.UnsafeInvokeInternal(Object obj, Object[] parameters, Object[] arguments)\r\n   at System.Reflection.RuntimeMethodInfo.Invoke(Object obj, BindingFlags invokeAttr, Binder binder, Object[] parameters, CultureInfo culture)\r\n   at System.RuntimeType.InvokeMember(String name, BindingFlags bindingFlags, Binder binder, Object target, Object[] providedArgs, ParameterModifier[] modifiers, CultureInfo culture, String[] namedParams)\r\n   at Microsoft.Cosmos.ScopeStudio.BusinessObjects.Common.CompilerProxy.DoInvork(String method, Object[] parameters, String outputXmlFileName)\r\n   at Microsoft.Cosmos.ScopeStudio.BusinessObjects.Common.CompilerProxy.PreSubmitScopeConvergence(Int32 version, Dictionary`2 parameters, String outputXmlFileName, List`1& warnings, List`1& clusterResources, List`1& localResources, String& scopeScriptFileName)\r\n   at System.Runtime.Remoting.Messaging.StackBuilderSink._PrivateProcessMessage(IntPtr md, Object[] args, Object server, Object[]& outArgs)\r\n   at System.Runtime.Remoting.Messaging.StackBuilderSink.SyncProcessMessage(IMessage msg)\r\n   at System.Runtime.Remoting.Messaging.ServerObjectTerminatorSink.SyncProcessMessage(IMessage reqMsg)\r\n   at System.Runtime.Remoting.Messaging.ServerContextTerminatorSink.SyncProcessMessage(IMessage reqMsg)\r\n   at System.Runtime.Remoting.Channels.CrossContextChannel.SyncProcessMessageCallback(Object[] args)\r\n   at System.Threading.Thread.InternalCrossContextCallback(Context ctx, IntPtr ctxID, Int32 appDomainID, InternalCrossContextDelegate ftnToCall, Object[] args)\r\n   at System.Runtime.Remoting.Channels.CrossContextChannel.SyncProcessMessage(IMessage reqMsg)\r\n   at System.Runtime.Remoting.Channels.ChannelServices.SyncDispatchMessage(IMessage msg)\r\n   at System.Runtime.Remoting.Channels.CrossAppDomainSink.DoDispatch(Byte[] reqStmBuff, SmuggledMethodCallMessage smuggledMcm, SmuggledMethodReturnMessage& smuggledMrm)\r\n   at System.Runtime.Remoting.Channels.CrossAppDomainSink.DoTransitionDispatchCallback(Object[] args)\r\n"
2021-03-31T14:21:56.6721052+08:00	UnknownJobId_0719333571		Compiler	ScopeSubmissionCompilePipeline	BeforeCompile	Client Version: 10.2.2.0
2021-03-31T14:21:56.6721052+08:00	UnknownJobId_0719333571		Compiler	ScopeSubmissionCompilePipeline	BeforeCompile	Target: Cluster
2021-03-31T14:21:56.6731068+08:00	UnknownJobId_0719333571		Compiler	ScopeSubmissionCompilePipeline	BeforeCompile	Stat: SimulateLarge
2021-03-31T14:21:56.6731068+08:00	UnknownJobId_0719333571		Compiler	ScopeSubmissionCompilePipeline	BeforeCompile	SkipPath: True
2021-03-31T14:21:56.6991067+08:00	UnknownJobId_0719333571		Compiler	ScopeFrontEndRunner	Execute	Starting FrontEndRun...
2021-03-31T14:21:56.7821131+08:00	UnknownJobId_0719333571	0.3457	Compiler	ScopeRoslynBinder	BuildScriptEnvironment	Finished
2021-03-31T14:21:59.2389583+08:00	UnknownJobId_0719333571	0.0000	Compiler	ScopeRoslynBinder	BuildScriptEnvironment	Starting
2021-03-31T14:21:59.2409588+08:00	UnknownJobId_0719333571	0.0015	Compiler	ScopeRoslynBinder	BuildScriptEnvironment	Finished
2021-03-31T14:21:59.4919719+08:00	UnknownJobId_0719333571	0.2346	Compiler	ScopeLocalCompileStrategy	ExecuteCompilePass	SyntaxVerifier	Scope.script
2021-03-31T14:21:59.5349729+08:00	UnknownJobId_0719333571	0.0262	Compiler	ScopeLocalCompileStrategy	ExecuteCompilePass	DdlResolver	Scope.script
2021-03-31T14:21:59.5399927+08:00	UnknownJobId_0719333571	0.0042	Compiler	ScopeLocalCompileStrategy	ExecuteCompilePass	ViewResolver	Scope.script
2021-03-31T14:21:59.5399927+08:00	UnknownJobId_0719333571	2.8124	Compiler	ScopeLocalCompileStrategy	ExecuteCompilePass	AstBuilder	Scope.script
2021-03-31T14:21:59.5469723+08:00	UnknownJobId_0719333571	0.0063	Compiler	ScopeLocalCompileStrategy	ExecuteCompilePass	ViewResolver	Scope.script
2021-03-31T14:21:59.5549937+08:00	UnknownJobId_0719333571	0.0027	Compiler	ScopeLocalCompileStrategy	ExecuteCompilePass	AssemblyResolverPass	Scope.script
2021-03-31T14:21:59.5579899+08:00	UnknownJobId_0719333571	0.0017	Compiler	ScopeLocalCompileStrategy	ExecuteCompilePass	ResourceReferencePass	Scope.script
2021-03-31T14:21:59.5749744+08:00	UnknownJobId_0719333571		Compiler	ScopeSubmissionCompilePipeline	FinalizeArtifacts	Starting Compiler Artifacts Finalization...
2021-03-31T14:21:59.5929741+08:00	UnknownJobId_0719333571	0.0142	Compiler	ScopeLocalResourceStorage	AddGeneratedFile	("D:\Sharing\Scope2015_Scopeppe\FileSetsVertex\FileSetsVertex\bin\Debug\99805BF1ECA66EF2\Scope_4C157D789DD8AA54\__CompilerTimers.xml",CompilerTimers) =>	null
2021-03-31T14:21:59.6059761+08:00	UnknownJobId_0719333571	0.0095	Compiler	ScopeLocalResourceStorage	AddGeneratedFile	("D:\Sharing\Scope2015_Scopeppe\FileSetsVertex\FileSetsVertex\bin\Debug\99805BF1ECA66EF2\Scope_4C157D789DD8AA54\__CompilerTimers.xml",CompilerTimers) =>	null
2021-03-31T14:21:59.6179969+08:00	UnknownJobId_0719333571		Compiler	ScopeSubmissionCompilePipeline	FinalizeArtifacts	Finished Compiler Artifacts Finalization...
2021-03-31T14:21:59.6179969+08:00	UnknownJobId_0719333571		Compiler	ScopeSubmissionCompilePipeline	DoCompile	Finished compilation!
2021-03-31T14:21:59.6189969+08:00	UnknownJobId_0719333571		Compiler	ScopeSubmissionCompilePipeline	FinalizeCompilation	Start compilation finalization...
2021-03-31T14:21:59.6329768+08:00	UnknownJobId_0719333571		Compiler	ScopeSubmissionCompilePipeline	FinalizeDiagnostics	Starting to write diagnostics.json file...
2021-03-31T14:21:59.6629805+08:00	UnknownJobId_0719333571	0.0294	Compiler	ScopeLocalResourceStorage	AddGeneratedFile	("D:\Sharing\Scope2015_Scopeppe\FileSetsVertex\FileSetsVertex\bin\Debug\99805BF1ECA66EF2\Scope_4C157D789DD8AA54\diagnosticsjson",StatisticsResource) =>	null
2021-03-31T14:21:59.6629805+08:00	UnknownJobId_0719333571		Compiler	ScopeSubmissionCompilePipeline	FinalizeDiagnostics	Finished writing diagnostics.json file...
2021-03-31T14:21:59.6669772+08:00	UnknownJobId_0719333571		Compiler	ScopeSubmissionCompilePipeline	DisposeCompiler	Start disposing the compiler...
2021-03-31T14:21:59.6689760+08:00	UnknownJobId_0719333571		Compiler	ScopeSStreamMetadataManager	Cleanup	Cancelling any ongoing requests
2021-03-31T14:21:59.6709786+08:00	UnknownJobId_0719333571		Compiler	ScopeSubmissionCompilePipeline	DisposeCompiler	Finished compilation finalization
2021-03-31T14:21:59.6709786+08:00	UnknownJobId_0719333571	3.4060	Compiler	ScopeSubmissionCompilePipeline	FinalizeCompilation	End Compilation
2021-03-31T14:21:59.6759770+08:00	UnknownJobId_0719333571		Compiler	ScopeSubmissionCompilePipeline	WriteTimers	COMPILATIONTIME|JobId:|FriendlyName:|Mode:Default|Overall: 3.4s 5.3cpu|FrontEndRun: 3.0s|RoslynTimers: 13x 2.1s 158.0ms/x 1.3cpu
2021-03-31T14:21:59.6769780+08:00	UnknownJobId_0719333571		Compiler	ScopeSubmissionCompilePipeline	WriteTimers	FrontEndTimers|FrontEndRun: 3.0s|AssemblyResolverPass:|AstBuilder: 2.8s 4.5cpu|DdlResolver:|GeneratedFilesAsync: wait 0.1s|Parser: 0.2s 0.2cpu|ParserPP: 0.1cpu|Preprocessing: 2.2s 4.0cpu|ResourceReferencePass:|SyntaxVerifier: 0.2s 0.3cpu|TraceFile: 35x 0.1cpu|ViewResolver: 2x 5.0ms/x
2021-03-31T14:21:59.6769780+08:00	UnknownJobId_0719333571		Compiler	ScopeSubmissionCompilePipeline	WriteTimers	RoslynTimers|RoslynEnvironmentAsync: 2x 0.3s 173.0ms/x 0.6cpu|ConstantFolding: 6x 1.7s 284.0ms/x 0.7cpu|SimpleLiteralBinding: 5x
2021-03-31T14:21:59.6769780+08:00	UnknownJobId_0719333571		Compiler	ScopeSubmissionCompilePipeline	WriteTimers	OptimizerTimers
2021-03-31T14:21:59.6769780+08:00	UnknownJobId_0719333571		Compiler	ScopeSubmissionCompilePipeline	WriteTimers	BackendTimers
2021-03-31T14:21:59.6769780+08:00	UnknownJobId_0719333571		Compiler	ScopeSubmissionCompilePipeline	WriteTimers	ExternalTimers
