2021-08-18T15:27:23.8237738+08:00	UnknownJobId_1090949658	0.0083	Compiler	ScopeIntellisenseRoslynBinder	BuildScriptEnvironment	Starting
2021-08-18T15:27:23.9857776+08:00	UnknownJobId_1090949658	0.1728	Compiler	ScopeIntellisenseRoslynBinder	BuildScriptEnvironment	Finished
2021-08-18T15:27:31.9602536+08:00	UnknownJobId_1090949658	0.0312	Compiler	IntellisenseScopeCompileStrategy	ExecuteCompilePass	SyntaxVerifier	ReferenceView.view
2021-08-18T15:27:31.9752514+08:00	UnknownJobId_1090949658		Compiler	ScopeSStreamMetadataManager	Cleanup	Cancelling any ongoing requests
2021-08-18T15:27:32.0102204+08:00	UnknownJobId_1090949658	0.0001	Compiler	IntellisenseScopeCompileStrategy	ExecuteCompilePass	SyntaxVerifier	ReferenceView.view
2021-08-18T15:27:32.0162205+08:00	UnknownJobId_1090949658	0.0027	Compiler	IntellisenseScopeCompileStrategy	ExecuteCompilePass	ViewResolver	ReferenceView.view
2021-08-18T15:27:34.9444303+08:00	UnknownJobId_1090949658	0.0085	Compiler	IntellisenseScopeCompileStrategy	ExecuteCompilePass	SyntaxVerifier	ReferenceView.view
2021-08-18T15:27:34.9584605+08:00	UnknownJobId_1090949658		Compiler	ScopeSStreamMetadataManager	Cleanup	Cancelling any ongoing requests
2021-08-18T15:27:35.0604641+08:00	UnknownJobId_1090949658	0.0856	Compiler	IntellisenseScopeCompileStrategy	ExecuteCompilePass	SyntaxVerifier	ReferenceView.view
2021-08-18T15:27:35.0614635+08:00	UnknownJobId_1090949658	0.0006	Compiler	IntellisenseScopeCompileStrategy	ExecuteCompilePass	ViewResolver	ReferenceView.view
2021-08-18T15:27:42.4993372+08:00	UnknownJobId_1090949658	0.0001	Compiler	IntellisenseScopeCompileStrategy	ExecuteCompilePass	SyntaxVerifier	ReferenceView.view
2021-08-18T15:27:42.5133376+08:00	UnknownJobId_1090949658		Compiler	ScopeSStreamMetadataManager	Cleanup	Cancelling any ongoing requests
2021-08-18T15:27:42.5163387+08:00	UnknownJobId_1090949658	0.0003	Compiler	IntellisenseScopeCompileStrategy	ExecuteCompilePass	SyntaxVerifier	ReferenceView.view
2021-08-18T15:27:42.5163387+08:00	UnknownJobId_1090949658	0.0000	Compiler	IntellisenseScopeCompileStrategy	ExecuteCompilePass	ViewResolver	ReferenceView.view
2021-08-18T15:27:46.5267839+08:00	UnknownJobId_1090949658	0.0001	Compiler	IntellisenseScopeCompileStrategy	ExecuteCompilePass	SyntaxVerifier	ReferenceView.view
2021-08-18T15:27:46.5367833+08:00	UnknownJobId_1090949658		Compiler	ScopeSStreamMetadataManager	Cleanup	Cancelling any ongoing requests
2021-08-18T15:27:46.5427843+08:00	UnknownJobId_1090949658	0.0003	Compiler	IntellisenseScopeCompileStrategy	ExecuteCompilePass	SyntaxVerifier	ReferenceView.view
2021-08-18T15:27:46.5427843+08:00	UnknownJobId_1090949658	0.0000	Compiler	IntellisenseScopeCompileStrategy	ExecuteCompilePass	ViewResolver	ReferenceView.view
2021-08-18T15:27:47.2645507+08:00	UnknownJobId_1090949658		Compiler	ScopeSStreamMetadataManager	Cleanup	Cancelling any ongoing requests
2021-08-18T15:27:47.5295579+08:00	UnknownJobId_1090949658		Compiler	ScopeSStreamMetadataManager	Cleanup	Cancelling any ongoing requests
2021-08-18T15:27:47.5305666+08:00	UnknownJobId_1090949658		Compiler	ScopeSStreamMetadataManager	Cleanup	Cancelling any ongoing requests
2021-08-18T15:27:47.5385583+08:00	UnknownJobId_1090949658	0.0001	Compiler	IntellisenseScopeCompileStrategy	ExecuteCompilePass	SyntaxVerifier	ReferenceView.view
2021-08-18T15:27:47.5545574+08:00	UnknownJobId_1090949658		Compiler	ScopeSStreamMetadataManager	Cleanup	Cancelling any ongoing requests
2021-08-18T15:27:47.5595600+08:00	UnknownJobId_1090949658	0.0001	Compiler	IntellisenseScopeCompileStrategy	ExecuteCompilePass	SyntaxVerifier	ReferenceView.view
2021-08-18T15:27:47.5595600+08:00	UnknownJobId_1090949658	0.0000	Compiler	IntellisenseScopeCompileStrategy	ExecuteCompilePass	ViewResolver	ReferenceView.view
2021-08-18T15:27:48.5218556+08:00	UnknownJobId_1090949658	0.0001	Compiler	IntellisenseScopeCompileStrategy	ExecuteCompilePass	SyntaxVerifier	ReferenceView.view
2021-08-18T15:27:48.5348727+08:00	UnknownJobId_1090949658	0.0000	Compiler	IntellisenseScopeCompileStrategy	ExecuteCompilePass	SyntaxVerifier	ReferenceView.view
2021-08-18T15:27:48.5348727+08:00	UnknownJobId_1090949658	0.0000	Compiler	IntellisenseScopeCompileStrategy	ExecuteCompilePass	ViewResolver	ReferenceView.view
2021-08-18T15:27:50.0153104+08:00	UnknownJobId_1090949658		Compiler	ScopeSStreamMetadataManager	Cleanup	Cancelling any ongoing requests
2021-08-18T15:27:50.5221392+08:00	UnknownJobId_1090949658	0.0001	Compiler	IntellisenseScopeCompileStrategy	ExecuteCompilePass	SyntaxVerifier	ReferenceView.view
2021-08-18T15:27:50.5341419+08:00	UnknownJobId_1090949658	0.0000	Compiler	IntellisenseScopeCompileStrategy	ExecuteCompilePass	SyntaxVerifier	ReferenceView.view
2021-08-18T15:27:50.5341419+08:00	UnknownJobId_1090949658	0.0000	Compiler	IntellisenseScopeCompileStrategy	ExecuteCompilePass	ViewResolver	ReferenceView.view
2021-08-18T15:27:51.5238853+08:00	UnknownJobId_1090949658	0.0001	Compiler	IntellisenseScopeCompileStrategy	ExecuteCompilePass	SyntaxVerifier	ReferenceView.view
2021-08-18T15:27:51.5398827+08:00	UnknownJobId_1090949658	0.0002	Compiler	IntellisenseScopeCompileStrategy	ExecuteCompilePass	SyntaxVerifier	ReferenceView.view
2021-08-18T15:27:51.5398827+08:00	UnknownJobId_1090949658	0.0000	Compiler	IntellisenseScopeCompileStrategy	ExecuteCompilePass	ViewResolver	ReferenceView.view
2021-08-18T15:27:51.5728844+08:00	UnknownJobId_1090949658		Compiler	ScopeSStreamMetadataManager	Cleanup	Cancelling any ongoing requests
2021-08-18T15:27:59.7321108+08:00	UnknownJobId_1090949658		Compiler	ScopeSStreamMetadataManager	Cleanup	Cancelling any ongoing requests
2021-08-18T15:27:59.7331167+08:00	UnknownJobId_1090949658		Compiler	ScopeSStreamMetadataManager	Cleanup	Cancelling any ongoing requests
2021-08-18T15:27:59.7331167+08:00	UnknownJobId_1090949658		Compiler	ScopeSStreamMetadataManager	Cleanup	Cancelling any ongoing requests
2021-08-18T15:28:03.5560868+08:00	UnknownJobId_1090949658	0.0001	Compiler	IntellisenseScopeCompileStrategy	ExecuteCompilePass	SyntaxVerifier	ReferenceView.view
2021-08-18T15:28:03.5710870+08:00	UnknownJobId_1090949658	0.0021	Compiler	IntellisenseScopeCompileStrategy	ExecuteCompilePass	SyntaxVerifier	ReferenceView.view
2021-08-18T15:28:03.5710870+08:00	UnknownJobId_1090949658	0.0001	Compiler	IntellisenseScopeCompileStrategy	ExecuteCompilePass	ViewResolver	ReferenceView.view
2021-08-18T15:28:03.6021182+08:00	UnknownJobId_1090949658		Compiler	ScopeSStreamMetadataManager	Cleanup	Cancelling any ongoing requests
2021-08-18T15:28:08.8368318+08:00	UnknownJobId_1090949658		Compiler	ScopeSStreamMetadataManager	Cleanup	Cancelling any ongoing requests
2021-08-18T15:32:05.7287329+08:00	UnknownJobId_1090949658		Compiler	ScopeSStreamMetadataManager	Cleanup	Cancelling any ongoing requests
2021-08-18T15:32:05.7296782+08:00	UnknownJobId_1090949658		Compiler	ScopeSStreamMetadataManager	Cleanup	Cancelling any ongoing requests
2021-08-18T15:32:05.7296782+08:00	UnknownJobId_1090949658		Compiler	ScopeSStreamMetadataManager	Cleanup	Cancelling any ongoing requests
2021-08-18T16:15:16.2507779+08:00	UnknownJobId_1090949658	0.0003	Compiler	IntellisenseScopeCompileStrategy	ExecuteCompilePass	SyntaxVerifier	ReferenceView.view
2021-08-18T16:15:16.2607757+08:00	UnknownJobId_1090949658		Compiler	ScopeSStreamMetadataManager	Cleanup	Cancelling any ongoing requests
2021-08-18T16:15:16.2687741+08:00	UnknownJobId_1090949658	0.0020	Compiler	IntellisenseScopeCompileStrategy	ExecuteCompilePass	SyntaxVerifier	ReferenceView.view
2021-08-18T16:15:16.2697782+08:00	UnknownJobId_1090949658	0.0000	Compiler	IntellisenseScopeCompileStrategy	ExecuteCompilePass	ViewResolver	ReferenceView.view
2021-08-18T16:15:17.1666788+08:00	UnknownJobId_1090949658		Compiler	ScopeSStreamMetadataManager	Cleanup	Cancelling any ongoing requests
2021-08-18T16:15:17.2639495+08:00	UnknownJobId_1090949658	0.0001	Compiler	IntellisenseScopeCompileStrategy	ExecuteCompilePass	SyntaxVerifier	ReferenceView.view
2021-08-18T16:15:17.2809436+08:00	UnknownJobId_1090949658	0.0004	Compiler	IntellisenseScopeCompileStrategy	ExecuteCompilePass	SyntaxVerifier	ReferenceView.view
2021-08-18T16:15:17.2809436+08:00	UnknownJobId_1090949658	0.0000	Compiler	IntellisenseScopeCompileStrategy	ExecuteCompilePass	ViewResolver	ReferenceView.view
2021-08-18T16:15:17.3123558+08:00	UnknownJobId_1090949658		Compiler	ScopeSStreamMetadataManager	Cleanup	Cancelling any ongoing requests
2021-08-18T16:15:19.2657647+08:00	UnknownJobId_1090949658	0.0001	Compiler	IntellisenseScopeCompileStrategy	ExecuteCompilePass	SyntaxVerifier	ReferenceView.view
2021-08-18T16:15:19.2757704+08:00	UnknownJobId_1090949658		Compiler	ScopeSStreamMetadataManager	Cleanup	Cancelling any ongoing requests
2021-08-18T16:15:19.3187628+08:00	UnknownJobId_1090949658	0.0285	Compiler	IntellisenseScopeCompileStrategy	ExecuteCompilePass	SyntaxVerifier	ReferenceView.view
2021-08-18T16:15:19.3197681+08:00	UnknownJobId_1090949658	0.0004	Compiler	IntellisenseScopeCompileStrategy	ExecuteCompilePass	ViewResolver	ReferenceView.view
2021-08-18T16:15:20.4111637+08:00	UnknownJobId_1090949658		Compiler	ScopeSStreamMetadataManager	Cleanup	Cancelling any ongoing requests
2021-08-18T16:15:54.3056076+08:00	UnknownJobId_1090949658	0.0001	Compiler	IntellisenseScopeCompileStrategy	ExecuteCompilePass	SyntaxVerifier	ReferenceView.view
2021-08-18T16:15:54.3216077+08:00	UnknownJobId_1090949658	0.0006	Compiler	IntellisenseScopeCompileStrategy	ExecuteCompilePass	SyntaxVerifier	ReferenceView.view
2021-08-18T16:15:54.3216077+08:00	UnknownJobId_1090949658	0.0000	Compiler	IntellisenseScopeCompileStrategy	ExecuteCompilePass	ViewResolver	ReferenceView.view
2021-08-18T16:15:56.8974534+08:00	UnknownJobId_1090949658		Compiler	ScopeSStreamMetadataManager	Cleanup	Cancelling any ongoing requests
2021-08-18T16:17:25.1098203+08:00	UnknownJobId_1090949658		Compiler	ScopeSStreamMetadataManager	Cleanup	Cancelling any ongoing requests
2021-08-18T16:17:25.1098203+08:00	UnknownJobId_1090949658		Compiler	ScopeSStreamMetadataManager	Cleanup	Cancelling any ongoing requests
2021-08-18T16:18:57.9255112+08:00	UnknownJobId_1090949658	0.0001	Compiler	IntellisenseScopeCompileStrategy	ExecuteCompilePass	SyntaxVerifier	ReferenceView.view
2021-08-18T16:18:57.9455065+08:00	UnknownJobId_1090949658		Compiler	ScopeSStreamMetadataManager	Cleanup	Cancelling any ongoing requests
2021-08-18T16:18:57.9464757+08:00	UnknownJobId_1090949658	0.0008	Compiler	IntellisenseScopeCompileStrategy	ExecuteCompilePass	SyntaxVerifier	ReferenceView.view
2021-08-18T16:18:57.9464757+08:00	UnknownJobId_1090949658	0.0000	Compiler	IntellisenseScopeCompileStrategy	ExecuteCompilePass	ViewResolver	ReferenceView.view
2021-08-18T16:18:57.9974763+08:00	UnknownJobId_1090949658	0.0001	Compiler	IntellisenseScopeCompileStrategy	ExecuteCompilePass	SyntaxVerifier	ReferenceView.view
2021-08-18T16:18:58.0094773+08:00	UnknownJobId_1090949658	0.0005	Compiler	IntellisenseScopeCompileStrategy	ExecuteCompilePass	SyntaxVerifier	ReferenceView.view
2021-08-18T16:18:58.0104774+08:00	UnknownJobId_1090949658	0.0000	Compiler	IntellisenseScopeCompileStrategy	ExecuteCompilePass	ViewResolver	ReferenceView.view
2021-08-18T16:18:58.3021073+08:00	UnknownJobId_1090949658		Compiler	ScopeSStreamMetadataManager	Cleanup	Cancelling any ongoing requests
2021-08-18T16:19:01.3317959+08:00	UnknownJobId_1090949658		Compiler	ScopeSStreamMetadataManager	Cleanup	Cancelling any ongoing requests
2021-08-18T16:23:59.5880046+08:00	UnknownJobId_1090949658	0.0001	Compiler	IntellisenseScopeCompileStrategy	ExecuteCompilePass	SyntaxVerifier	ReferenceView.view
2021-08-18T16:23:59.6010056+08:00	UnknownJobId_1090949658	0.0006	Compiler	IntellisenseScopeCompileStrategy	ExecuteCompilePass	SyntaxVerifier	ReferenceView.view
2021-08-18T16:23:59.6010056+08:00	UnknownJobId_1090949658	0.0000	Compiler	IntellisenseScopeCompileStrategy	ExecuteCompilePass	ViewResolver	ReferenceView.view
2021-08-18T16:23:59.6139747+08:00	UnknownJobId_1090949658		Compiler	ScopeSStreamMetadataManager	Cleanup	Cancelling any ongoing requests
2021-08-18T16:24:05.1245655+08:00	UnknownJobId_1090949658		Compiler	ScopeSStreamMetadataManager	Cleanup	Cancelling any ongoing requests
2021-08-18T16:24:46.8312301+08:00	UnknownJobId_1090949658	0.0001	Compiler	IntellisenseScopeCompileStrategy	ExecuteCompilePass	SyntaxVerifier	ReferenceView.view
2021-08-18T16:24:46.8402300+08:00	UnknownJobId_1090949658		Compiler	ScopeSStreamMetadataManager	Cleanup	Cancelling any ongoing requests
2021-08-18T16:24:46.8472312+08:00	UnknownJobId_1090949658	0.0005	Compiler	IntellisenseScopeCompileStrategy	ExecuteCompilePass	SyntaxVerifier	ReferenceView.view
2021-08-18T16:24:46.8472312+08:00	UnknownJobId_1090949658	0.0000	Compiler	IntellisenseScopeCompileStrategy	ExecuteCompilePass	ViewResolver	ReferenceView.view
2021-08-18T16:24:46.8742325+08:00	UnknownJobId_1090949658	0.0001	Compiler	IntellisenseScopeCompileStrategy	ExecuteCompilePass	SyntaxVerifier	ReferenceView.view
2021-08-18T16:24:46.8872337+08:00	UnknownJobId_1090949658	0.0005	Compiler	IntellisenseScopeCompileStrategy	ExecuteCompilePass	SyntaxVerifier	ReferenceView.view
2021-08-18T16:24:46.8872337+08:00	UnknownJobId_1090949658	0.0000	Compiler	IntellisenseScopeCompileStrategy	ExecuteCompilePass	ViewResolver	ReferenceView.view
2021-08-18T16:24:47.1643551+08:00	UnknownJobId_1090949658		Compiler	ScopeSStreamMetadataManager	Cleanup	Cancelling any ongoing requests
2021-08-18T16:24:50.1179527+08:00	UnknownJobId_1090949658		Compiler	ScopeSStreamMetadataManager	Cleanup	Cancelling any ongoing requests
2021-08-18T16:27:22.2126128+08:00	UnknownJobId_1090949658	0.0001	Compiler	IntellisenseScopeCompileStrategy	ExecuteCompilePass	SyntaxVerifier	ReferenceView.view
2021-08-18T16:27:22.2235829+08:00	UnknownJobId_1090949658		Compiler	ScopeSStreamMetadataManager	Cleanup	Cancelling any ongoing requests
2021-08-18T16:27:22.2326164+08:00	UnknownJobId_1090949658	0.0005	Compiler	IntellisenseScopeCompileStrategy	ExecuteCompilePass	SyntaxVerifier	ReferenceView.view
2021-08-18T16:27:22.2336132+08:00	UnknownJobId_1090949658	0.0000	Compiler	IntellisenseScopeCompileStrategy	ExecuteCompilePass	ViewResolver	ReferenceView.view
2021-08-18T16:27:22.3886246+08:00	UnknownJobId_1090949658		Compiler	ScopeSStreamMetadataManager	Cleanup	Cancelling any ongoing requests
2021-08-18T16:27:23.9341387+08:00	UnknownJobId_1090949658		Compiler	ScopeSStreamMetadataManager	Cleanup	Cancelling any ongoing requests
2021-08-18T16:27:29.2285435+08:00	UnknownJobId_1090949658	0.0001	Compiler	IntellisenseScopeCompileStrategy	ExecuteCompilePass	SyntaxVerifier	ReferenceView.view
2021-08-18T16:27:29.2445453+08:00	UnknownJobId_1090949658	0.0005	Compiler	IntellisenseScopeCompileStrategy	ExecuteCompilePass	SyntaxVerifier	ReferenceView.view
2021-08-18T16:27:29.2445453+08:00	UnknownJobId_1090949658	0.0000	Compiler	IntellisenseScopeCompileStrategy	ExecuteCompilePass	ViewResolver	ReferenceView.view
2021-08-18T16:27:31.2751470+08:00	UnknownJobId_1090949658		Compiler	ScopeSStreamMetadataManager	Cleanup	Cancelling any ongoing requests
2021-08-18T16:27:32.2378331+08:00	UnknownJobId_1090949658	0.0001	Compiler	IntellisenseScopeCompileStrategy	ExecuteCompilePass	SyntaxVerifier	ReferenceView.view
2021-08-18T16:27:32.2508336+08:00	UnknownJobId_1090949658	0.0005	Compiler	IntellisenseScopeCompileStrategy	ExecuteCompilePass	SyntaxVerifier	ReferenceView.view
2021-08-18T16:27:32.2508336+08:00	UnknownJobId_1090949658	0.0000	Compiler	IntellisenseScopeCompileStrategy	ExecuteCompilePass	ViewResolver	ReferenceView.view
2021-08-18T16:27:34.2370523+08:00	UnknownJobId_1090949658	0.0000	Compiler	IntellisenseScopeCompileStrategy	ExecuteCompilePass	SyntaxVerifier	ReferenceView.view
2021-08-18T16:27:34.2490210+08:00	UnknownJobId_1090949658		Compiler	ScopeSStreamMetadataManager	Cleanup	Cancelling any ongoing requests
2021-08-18T16:27:34.2540566+08:00	UnknownJobId_1090949658	0.0001	Compiler	IntellisenseScopeCompileStrategy	ExecuteCompilePass	SyntaxVerifier	ReferenceView.view
2021-08-18T16:27:34.2540566+08:00	UnknownJobId_1090949658	0.0000	Compiler	IntellisenseScopeCompileStrategy	ExecuteCompilePass	ViewResolver	ReferenceView.view
2021-08-18T16:27:35.0746192+08:00	UnknownJobId_1090949658		Compiler	ScopeSStreamMetadataManager	Cleanup	Cancelling any ongoing requests
2021-08-18T16:27:35.0746192+08:00	UnknownJobId_1090949658		Compiler	ScopeSStreamMetadataManager	Cleanup	Cancelling any ongoing requests
2021-08-18T16:27:35.0756219+08:00	UnknownJobId_1090949658		Compiler	ScopeSStreamMetadataManager	Cleanup	Cancelling any ongoing requests
2021-08-18T16:27:56.2888676+08:00	UnknownJobId_1090949658	0.0001	Compiler	IntellisenseScopeCompileStrategy	ExecuteCompilePass	SyntaxVerifier	ReferenceView.view
2021-08-18T16:27:56.3028690+08:00	UnknownJobId_1090949658	0.0005	Compiler	IntellisenseScopeCompileStrategy	ExecuteCompilePass	SyntaxVerifier	ReferenceView.view
2021-08-18T16:27:56.3028690+08:00	UnknownJobId_1090949658	0.0000	Compiler	IntellisenseScopeCompileStrategy	ExecuteCompilePass	ViewResolver	ReferenceView.view
2021-08-18T16:27:57.9782964+08:00	UnknownJobId_1090949658		Compiler	ScopeSStreamMetadataManager	Cleanup	Cancelling any ongoing requests
2021-08-18T16:28:02.4389459+08:00	UnknownJobId_1090949658		Compiler	ScopeSStreamMetadataManager	Cleanup	Cancelling any ongoing requests
2021-08-18T16:28:05.2975791+08:00	UnknownJobId_1090949658	0.0001	Compiler	IntellisenseScopeCompileStrategy	ExecuteCompilePass	SyntaxVerifier	ReferenceView.view
2021-08-18T16:28:05.3115808+08:00	UnknownJobId_1090949658	0.0005	Compiler	IntellisenseScopeCompileStrategy	ExecuteCompilePass	SyntaxVerifier	ReferenceView.view
2021-08-18T16:28:05.3115808+08:00	UnknownJobId_1090949658	0.0000	Compiler	IntellisenseScopeCompileStrategy	ExecuteCompilePass	ViewResolver	ReferenceView.view
2021-08-18T16:28:05.3406127+08:00	UnknownJobId_1090949658		Compiler	ScopeSStreamMetadataManager	Cleanup	Cancelling any ongoing requests
2021-08-18T16:28:26.7162804+08:00	UnknownJobId_1090949658		Compiler	ScopeSStreamMetadataManager	Cleanup	Cancelling any ongoing requests
2021-08-18T16:28:58.0877280+08:00	UnknownJobId_1090949658	0.0001	Compiler	IntellisenseScopeCompileStrategy	ExecuteCompilePass	SyntaxVerifier	ReferenceView.view
2021-08-18T16:28:58.1007277+08:00	UnknownJobId_1090949658	0.0005	Compiler	IntellisenseScopeCompileStrategy	ExecuteCompilePass	SyntaxVerifier	ReferenceView.view
2021-08-18T16:28:58.1007277+08:00	UnknownJobId_1090949658	0.0000	Compiler	IntellisenseScopeCompileStrategy	ExecuteCompilePass	ViewResolver	ReferenceView.view
2021-08-18T16:28:58.1227285+08:00	UnknownJobId_1090949658		Compiler	ScopeSStreamMetadataManager	Cleanup	Cancelling any ongoing requests
2021-08-18T16:28:58.1287287+08:00	UnknownJobId_1090949658	0.0001	Compiler	IntellisenseScopeCompileStrategy	ExecuteCompilePass	SyntaxVerifier	ReferenceView.view
2021-08-18T16:28:58.1453478+08:00	UnknownJobId_1090949658	0.0005	Compiler	IntellisenseScopeCompileStrategy	ExecuteCompilePass	SyntaxVerifier	ReferenceView.view
2021-08-18T16:28:58.1463473+08:00	UnknownJobId_1090949658	0.0000	Compiler	IntellisenseScopeCompileStrategy	ExecuteCompilePass	ViewResolver	ReferenceView.view
2021-08-18T16:29:01.0145612+08:00	UnknownJobId_1090949658		Compiler	ScopeSStreamMetadataManager	Cleanup	Cancelling any ongoing requests
2021-08-18T16:30:36.1265399+08:00	UnknownJobId_1090949658	0.0001	Compiler	IntellisenseScopeCompileStrategy	ExecuteCompilePass	SyntaxVerifier	ReferenceView.view
2021-08-18T16:30:36.1405452+08:00	UnknownJobId_1090949658	0.0005	Compiler	IntellisenseScopeCompileStrategy	ExecuteCompilePass	SyntaxVerifier	ReferenceView.view
2021-08-18T16:30:36.1405452+08:00	UnknownJobId_1090949658	0.0000	Compiler	IntellisenseScopeCompileStrategy	ExecuteCompilePass	ViewResolver	ReferenceView.view
2021-08-18T16:30:36.1695787+08:00	UnknownJobId_1090949658		Compiler	ScopeSStreamMetadataManager	Cleanup	Cancelling any ongoing requests
2021-08-18T16:30:38.6526202+08:00	UnknownJobId_1090949658		Compiler	ScopeSStreamMetadataManager	Cleanup	Cancelling any ongoing requests
2021-08-18T16:30:42.3423724+08:00	UnknownJobId_1090949658		Compiler	ScopeSStreamMetadataManager	Cleanup	Cancelling any ongoing requests
2021-08-18T16:30:42.3423724+08:00	UnknownJobId_1090949658		Compiler	ScopeSStreamMetadataManager	Cleanup	Cancelling any ongoing requests
2021-08-18T16:30:42.3433712+08:00	UnknownJobId_1090949658		Compiler	ScopeSStreamMetadataManager	Cleanup	Cancelling any ongoing requests
2021-08-18T16:31:30.0289697+08:00	UnknownJobId_1090949658	0.0001	Compiler	IntellisenseScopeCompileStrategy	ExecuteCompilePass	SyntaxVerifier	ReferenceView.view
2021-08-18T16:31:30.0430013+08:00	UnknownJobId_1090949658	0.0005	Compiler	IntellisenseScopeCompileStrategy	ExecuteCompilePass	SyntaxVerifier	ReferenceView.view
2021-08-18T16:31:30.0430013+08:00	UnknownJobId_1090949658	0.0000	Compiler	IntellisenseScopeCompileStrategy	ExecuteCompilePass	ViewResolver	ReferenceView.view
2021-08-18T16:31:30.0630023+08:00	UnknownJobId_1090949658		Compiler	ScopeSStreamMetadataManager	Cleanup	Cancelling any ongoing requests
2021-08-18T16:31:30.0689719+08:00	UnknownJobId_1090949658	0.0001	Compiler	IntellisenseScopeCompileStrategy	ExecuteCompilePass	SyntaxVerifier	ReferenceView.view
2021-08-18T16:31:30.0810020+08:00	UnknownJobId_1090949658		Compiler	ScopeSStreamMetadataManager	Cleanup	Cancelling any ongoing requests
2021-08-18T16:31:30.0869735+08:00	UnknownJobId_1090949658	0.0005	Compiler	IntellisenseScopeCompileStrategy	ExecuteCompilePass	SyntaxVerifier	ReferenceView.view
2021-08-18T16:31:30.0869735+08:00	UnknownJobId_1090949658	0.0000	Compiler	IntellisenseScopeCompileStrategy	ExecuteCompilePass	ViewResolver	ReferenceView.view
2021-08-18T16:33:23.8356837+08:00	UnknownJobId_1090949658	0.0001	Compiler	IntellisenseScopeCompileStrategy	ExecuteCompilePass	SyntaxVerifier	ReferenceView.view
2021-08-18T16:33:23.8486760+08:00	UnknownJobId_1090949658	0.0005	Compiler	IntellisenseScopeCompileStrategy	ExecuteCompilePass	SyntaxVerifier	ReferenceView.view
2021-08-18T16:33:23.8486760+08:00	UnknownJobId_1090949658	0.0000	Compiler	IntellisenseScopeCompileStrategy	ExecuteCompilePass	ViewResolver	ReferenceView.view
2021-08-18T16:33:23.8940855+08:00	UnknownJobId_1090949658		Compiler	ScopeSStreamMetadataManager	Cleanup	Cancelling any ongoing requests
2021-08-18T16:33:24.7126752+08:00	UnknownJobId_1090949658		Compiler	ScopeSStreamMetadataManager	Cleanup	Cancelling any ongoing requests
2021-08-18T16:33:24.8303402+08:00	UnknownJobId_1090949658	0.0000	Compiler	IntellisenseScopeCompileStrategy	ExecuteCompilePass	SyntaxVerifier	ReferenceView.view
2021-08-18T16:33:24.8393403+08:00	UnknownJobId_1090949658		Compiler	ScopeSStreamMetadataManager	Cleanup	Cancelling any ongoing requests
2021-08-18T16:33:24.8453421+08:00	UnknownJobId_1090949658	0.0000	Compiler	IntellisenseScopeCompileStrategy	ExecuteCompilePass	SyntaxVerifier	ReferenceView.view
2021-08-18T16:33:24.8453421+08:00	UnknownJobId_1090949658	0.0000	Compiler	IntellisenseScopeCompileStrategy	ExecuteCompilePass	ViewResolver	ReferenceView.view
2021-08-18T16:33:25.2191280+08:00	UnknownJobId_1090949658		Compiler	ScopeSStreamMetadataManager	Cleanup	Cancelling any ongoing requests
2021-08-18T16:33:27.8386405+08:00	UnknownJobId_1090949658	0.0000	Compiler	IntellisenseScopeCompileStrategy	ExecuteCompilePass	SyntaxVerifier	ReferenceView.view
2021-08-18T16:33:27.8506548+08:00	UnknownJobId_1090949658		Compiler	ScopeSStreamMetadataManager	Cleanup	Cancelling any ongoing requests
2021-08-18T16:33:27.8556116+08:00	UnknownJobId_1090949658	0.0000	Compiler	IntellisenseScopeCompileStrategy	ExecuteCompilePass	SyntaxVerifier	ReferenceView.view
2021-08-18T16:33:27.8556116+08:00	UnknownJobId_1090949658	0.0000	Compiler	IntellisenseScopeCompileStrategy	ExecuteCompilePass	ViewResolver	ReferenceView.view
2021-08-18T16:33:29.2190006+08:00	UnknownJobId_1090949658		Compiler	ScopeSStreamMetadataManager	Cleanup	Cancelling any ongoing requests
2021-08-18T16:33:29.8376192+08:00	UnknownJobId_1090949658	0.0001	Compiler	IntellisenseScopeCompileStrategy	ExecuteCompilePass	SyntaxVerifier	ReferenceView.view
2021-08-18T16:33:29.8476188+08:00	UnknownJobId_1090949658		Compiler	ScopeSStreamMetadataManager	Cleanup	Cancelling any ongoing requests
2021-08-18T16:33:29.8536194+08:00	UnknownJobId_1090949658	0.0005	Compiler	IntellisenseScopeCompileStrategy	ExecuteCompilePass	SyntaxVerifier	ReferenceView.view
2021-08-18T16:33:29.8536194+08:00	UnknownJobId_1090949658	0.0000	Compiler	IntellisenseScopeCompileStrategy	ExecuteCompilePass	ViewResolver	ReferenceView.view
2021-08-18T16:33:30.8355365+08:00	UnknownJobId_1090949658	0.0001	Compiler	IntellisenseScopeCompileStrategy	ExecuteCompilePass	SyntaxVerifier	ReferenceView.view
2021-08-18T16:33:30.8475694+08:00	UnknownJobId_1090949658	0.0005	Compiler	IntellisenseScopeCompileStrategy	ExecuteCompilePass	SyntaxVerifier	ReferenceView.view
2021-08-18T16:33:30.8485668+08:00	UnknownJobId_1090949658	0.0000	Compiler	IntellisenseScopeCompileStrategy	ExecuteCompilePass	ViewResolver	ReferenceView.view
2021-08-18T16:33:30.8585664+08:00	UnknownJobId_1090949658		Compiler	ScopeSStreamMetadataManager	Cleanup	Cancelling any ongoing requests
2021-08-18T16:33:31.4218245+08:00	UnknownJobId_1090949658		Compiler	ScopeSStreamMetadataManager	Cleanup	Cancelling any ongoing requests
2021-08-18T16:33:31.8291626+08:00	UnknownJobId_1090949658	0.0001	Compiler	IntellisenseScopeCompileStrategy	ExecuteCompilePass	SyntaxVerifier	ReferenceView.view
2021-08-18T16:33:31.8401603+08:00	UnknownJobId_1090949658		Compiler	ScopeSStreamMetadataManager	Cleanup	Cancelling any ongoing requests
2021-08-18T16:33:31.8461615+08:00	UnknownJobId_1090949658	0.0005	Compiler	IntellisenseScopeCompileStrategy	ExecuteCompilePass	SyntaxVerifier	ReferenceView.view
2021-08-18T16:33:31.8471320+08:00	UnknownJobId_1090949658	0.0000	Compiler	IntellisenseScopeCompileStrategy	ExecuteCompilePass	ViewResolver	ReferenceView.view
2021-08-18T16:33:31.8751705+08:00	UnknownJobId_1090949658		Compiler	ScopeSStreamMetadataManager	Cleanup	Cancelling any ongoing requests
2021-08-18T16:33:32.8403093+08:00	UnknownJobId_1090949658	0.0001	Compiler	IntellisenseScopeCompileStrategy	ExecuteCompilePass	SyntaxVerifier	ReferenceView.view
2021-08-18T16:33:32.8523071+08:00	UnknownJobId_1090949658		Compiler	ScopeSStreamMetadataManager	Cleanup	Cancelling any ongoing requests
2021-08-18T16:33:32.8593093+08:00	UnknownJobId_1090949658	0.0005	Compiler	IntellisenseScopeCompileStrategy	ExecuteCompilePass	SyntaxVerifier	ReferenceView.view
2021-08-18T16:33:32.8593093+08:00	UnknownJobId_1090949658	0.0000	Compiler	IntellisenseScopeCompileStrategy	ExecuteCompilePass	ViewResolver	ReferenceView.view
2021-08-18T16:33:33.1470039+08:00	UnknownJobId_1090949658		Compiler	ScopeSStreamMetadataManager	Cleanup	Cancelling any ongoing requests
2021-08-18T16:33:50.8382551+08:00	UnknownJobId_1090949658	0.0001	Compiler	IntellisenseScopeCompileStrategy	ExecuteCompilePass	SyntaxVerifier	ReferenceView.view
2021-08-18T16:33:50.8502561+08:00	UnknownJobId_1090949658		Compiler	ScopeSStreamMetadataManager	Cleanup	Cancelling any ongoing requests
2021-08-18T16:33:50.8552249+08:00	UnknownJobId_1090949658	0.0005	Compiler	IntellisenseScopeCompileStrategy	ExecuteCompilePass	SyntaxVerifier	ReferenceView.view
2021-08-18T16:33:50.8552249+08:00	UnknownJobId_1090949658	0.0000	Compiler	IntellisenseScopeCompileStrategy	ExecuteCompilePass	ViewResolver	ReferenceView.view
2021-08-18T16:33:51.8404602+08:00	UnknownJobId_1090949658	0.0001	Compiler	IntellisenseScopeCompileStrategy	ExecuteCompilePass	SyntaxVerifier	ReferenceView.view
2021-08-18T16:33:51.8524912+08:00	UnknownJobId_1090949658		Compiler	ScopeSStreamMetadataManager	Cleanup	Cancelling any ongoing requests
2021-08-18T16:33:51.8584921+08:00	UnknownJobId_1090949658	0.0005	Compiler	IntellisenseScopeCompileStrategy	ExecuteCompilePass	SyntaxVerifier	ReferenceView.view
2021-08-18T16:33:51.8584921+08:00	UnknownJobId_1090949658	0.0000	Compiler	IntellisenseScopeCompileStrategy	ExecuteCompilePass	ViewResolver	ReferenceView.view
2021-08-18T16:33:52.8516355+08:00	UnknownJobId_1090949658	0.0001	Compiler	IntellisenseScopeCompileStrategy	ExecuteCompilePass	SyntaxVerifier	ReferenceView.view
2021-08-18T16:33:52.8636347+08:00	UnknownJobId_1090949658		Compiler	ScopeSStreamMetadataManager	Cleanup	Cancelling any ongoing requests
2021-08-18T16:33:53.4511154+08:00	UnknownJobId_1090949658		Compiler	ScopeSStreamMetadataManager	Cleanup	Cancelling any ongoing requests
2021-08-18T16:33:53.8589036+08:00	UnknownJobId_1090949658	0.0001	Compiler	IntellisenseScopeCompileStrategy	ExecuteCompilePass	SyntaxVerifier	ReferenceView.view
2021-08-18T16:33:53.8709050+08:00	UnknownJobId_1090949658		Compiler	ScopeSStreamMetadataManager	Cleanup	Cancelling any ongoing requests
2021-08-18T16:33:54.7940159+08:00	UnknownJobId_1090949658		Compiler	ScopeSStreamMetadataManager	Cleanup	Cancelling any ongoing requests
2021-08-18T16:33:54.8612429+08:00	UnknownJobId_1090949658	0.0001	Compiler	IntellisenseScopeCompileStrategy	ExecuteCompilePass	SyntaxVerifier	ReferenceView.view
2021-08-18T16:33:54.8712346+08:00	UnknownJobId_1090949658		Compiler	ScopeSStreamMetadataManager	Cleanup	Cancelling any ongoing requests
2021-08-18T16:33:55.8847160+08:00	UnknownJobId_1090949658	0.0001	Compiler	IntellisenseScopeCompileStrategy	ExecuteCompilePass	SyntaxVerifier	ReferenceView.view
2021-08-18T16:33:56.0417202+08:00	UnknownJobId_1090949658		Compiler	ScopeSStreamMetadataManager	Cleanup	Cancelling any ongoing requests
2021-08-18T16:33:56.0427620+08:00	UnknownJobId_1090949658		Compiler	ScopeSStreamMetadataManager	Cleanup	Cancelling any ongoing requests
2021-08-18T16:33:56.0427620+08:00	UnknownJobId_1090949658		Compiler	ScopeSStreamMetadataManager	Cleanup	Cancelling any ongoing requests
2021-08-18T16:33:56.0437503+08:00	UnknownJobId_1090949658		Compiler	ScopeSStreamMetadataManager	Cleanup	Cancelling any ongoing requests
2021-08-18T16:33:56.0437503+08:00	UnknownJobId_1090949658		Compiler	ScopeSStreamMetadataManager	Cleanup	Cancelling any ongoing requests
2021-08-18T16:33:56.8665456+08:00	UnknownJobId_1090949658	0.0001	Compiler	IntellisenseScopeCompileStrategy	ExecuteCompilePass	SyntaxVerifier	ReferenceView.view
2021-08-18T16:33:56.8785533+08:00	UnknownJobId_1090949658		Compiler	ScopeSStreamMetadataManager	Cleanup	Cancelling any ongoing requests
2021-08-18T16:33:57.8618799+08:00	UnknownJobId_1090949658		Compiler	ScopeSStreamMetadataManager	Cleanup	Cancelling any ongoing requests
2021-08-18T16:33:57.8618799+08:00	UnknownJobId_1090949658		Compiler	ScopeSStreamMetadataManager	Cleanup	Cancelling any ongoing requests
2021-08-18T16:33:57.8618799+08:00	UnknownJobId_1090949658		Compiler	ScopeSStreamMetadataManager	Cleanup	Cancelling any ongoing requests
2021-08-18T16:33:57.8618799+08:00	UnknownJobId_1090949658		Compiler	ScopeSStreamMetadataManager	Cleanup	Cancelling any ongoing requests
2021-08-18T16:33:57.8669140+08:00	UnknownJobId_1090949658	0.0001	Compiler	IntellisenseScopeCompileStrategy	ExecuteCompilePass	SyntaxVerifier	ReferenceView.view
2021-08-18T16:33:57.8801438+08:00	UnknownJobId_1090949658	0.0005	Compiler	IntellisenseScopeCompileStrategy	ExecuteCompilePass	SyntaxVerifier	ReferenceView.view
2021-08-18T16:33:57.8801438+08:00	UnknownJobId_1090949658	0.0000	Compiler	IntellisenseScopeCompileStrategy	ExecuteCompilePass	ViewResolver	ReferenceView.view
2021-08-18T16:34:01.6843172+08:00	UnknownJobId_1090949658		Compiler	ScopeSStreamMetadataManager	Cleanup	Cancelling any ongoing requests
2021-08-18T16:34:05.8664419+08:00	UnknownJobId_1090949658	0.0001	Compiler	IntellisenseScopeCompileStrategy	ExecuteCompilePass	SyntaxVerifier	ReferenceView.view
2021-08-18T16:34:05.8824404+08:00	UnknownJobId_1090949658	0.0006	Compiler	IntellisenseScopeCompileStrategy	ExecuteCompilePass	SyntaxVerifier	ReferenceView.view
2021-08-18T16:34:05.8834406+08:00	UnknownJobId_1090949658	0.0000	Compiler	IntellisenseScopeCompileStrategy	ExecuteCompilePass	ViewResolver	ReferenceView.view
2021-08-18T16:34:06.8603417+08:00	UnknownJobId_1090949658		Compiler	ScopeSStreamMetadataManager	Cleanup	Cancelling any ongoing requests
2021-08-18T16:34:06.8603417+08:00	UnknownJobId_1090949658		Compiler	ScopeSStreamMetadataManager	Cleanup	Cancelling any ongoing requests
2021-08-18T16:34:06.8663455+08:00	UnknownJobId_1090949658	0.0001	Compiler	IntellisenseScopeCompileStrategy	ExecuteCompilePass	SyntaxVerifier	ReferenceView.view
2021-08-18T16:34:06.8833435+08:00	UnknownJobId_1090949658	0.0005	Compiler	IntellisenseScopeCompileStrategy	ExecuteCompilePass	SyntaxVerifier	ReferenceView.view
2021-08-18T16:34:06.8833435+08:00	UnknownJobId_1090949658	0.0000	Compiler	IntellisenseScopeCompileStrategy	ExecuteCompilePass	ViewResolver	ReferenceView.view
2021-08-18T16:34:08.5050461+08:00	UnknownJobId_1090949658		Compiler	ScopeSStreamMetadataManager	Cleanup	Cancelling any ongoing requests
2021-08-18T16:34:40.0457524+08:00	UnknownJobId_1090949658	0.0001	Compiler	IntellisenseScopeCompileStrategy	ExecuteCompilePass	SyntaxVerifier	ReferenceView.view
2021-08-18T16:34:40.0587962+08:00	UnknownJobId_1090949658		Compiler	ScopeSStreamMetadataManager	Cleanup	Cancelling any ongoing requests
2021-08-18T16:34:40.0647994+08:00	UnknownJobId_1090949658	0.0005	Compiler	IntellisenseScopeCompileStrategy	ExecuteCompilePass	SyntaxVerifier	ReferenceView.view
2021-08-18T16:34:40.0647994+08:00	UnknownJobId_1090949658	0.0000	Compiler	IntellisenseScopeCompileStrategy	ExecuteCompilePass	ViewResolver	ReferenceView.view
2021-08-18T16:34:40.0927979+08:00	UnknownJobId_1090949658	0.0001	Compiler	IntellisenseScopeCompileStrategy	ExecuteCompilePass	SyntaxVerifier	ReferenceView.view
2021-08-18T16:34:40.1058000+08:00	UnknownJobId_1090949658	0.0005	Compiler	IntellisenseScopeCompileStrategy	ExecuteCompilePass	SyntaxVerifier	ReferenceView.view
2021-08-18T16:34:40.1058000+08:00	UnknownJobId_1090949658	0.0000	Compiler	IntellisenseScopeCompileStrategy	ExecuteCompilePass	ViewResolver	ReferenceView.view
2021-08-18T16:34:43.5209844+08:00	UnknownJobId_1090949658		Compiler	ScopeSStreamMetadataManager	Cleanup	Cancelling any ongoing requests
2021-08-18T16:36:36.3589629+08:00	UnknownJobId_1090949658		Compiler	ScopeSStreamMetadataManager	Cleanup	Cancelling any ongoing requests
2021-08-18T16:36:36.3589629+08:00	UnknownJobId_1090949658		Compiler	ScopeSStreamMetadataManager	Cleanup	Cancelling any ongoing requests
2021-08-18T16:36:36.3609513+08:00	UnknownJobId_1090949658		Compiler	ScopeSStreamMetadataManager	Cleanup	Cancelling any ongoing requests
2021-08-18T16:36:36.3609513+08:00	UnknownJobId_1090949658		Compiler	ScopeSStreamMetadataManager	Cleanup	Cancelling any ongoing requests
