2021-09-08T17:06:58.9356043+08:00	UnknownJobId_0412324173	0.0337	CFE	VC	SetupAadCredentials	(vcName:"https://cosmos09.osdinfra.net/cosmos/cosmosAdmin",proxy:"<noproxy>",restClientCredentials:Microsoft.Rest.TokenCredentials) =>	null
2021-09-08T17:06:59.1770210+08:00	UnknownJobId_0412324173	0.0023	Compiler	ScopeRoslynBinder	BuildScriptEnvironment	Starting
2021-09-08T17:06:59.6067292+08:00	UnknownJobId_0412324173	0.4315	Compiler	ScopeRoslynBinder	BuildScriptEnvironment	Finished
2021-09-08T17:06:59.8806116+08:00	UnknownJobId_0412324173		Compiler	ScopeSubmissionCompilePipeline	InitializeCompiler	Start Compilation: JobId=, HostEnvironment=CCS, HostMachineName=V-QINZHAO, ApplicationId=, CompilerStartTime=2021-09-08T09:06:57.7429003Z, CompileOnVC = False, DataRoot = https://cosmos09.osdinfra.net/cosmos/cosmosAdmin, Version = 10.2.2.0
2021-09-08T17:06:59.8835811+08:00	UnknownJobId_0412324173		Compiler	ScopeSubmissionCompilePipeline	InitializeCompiler	CommandLine =>	""c:\program files (x86)\microsoft visual studio\2017\enterprise\common7\ide\extensions\microsoft\scopestudio\3.1.0000.2\SubmitHost.exe" 53f99e21-65b6-46e1-ba5e-7c2043e55fed 10972 False C:\Users\v-qinzhao\AppData\Local\Temp\DataLakeTemp"
2021-09-08T17:06:59.8845978+08:00	UnknownJobId_0412324173		Compiler	ScopeSubmissionCompilePipeline	InitializeCompiler	Settings =>	{DataRoot:https://cosmos09.osdinfra.net/cosmos/cosmosAdmin,ResolverTypeForResource:Local,ResolverTypeForInput:RemoteRoot,ResolverTypeForOutput:Dummy,SecureInfoFile:null,SecurityKeyInfo:byte[9042],NebulaCommandLine:-c++ -Inputs \\v-hozhao\Sharing\Scope2015\DebugStream\DebugStream\bin\Debug\1_Write17.script -off EnableScopeDdl -on EnableScopeDml -on EnableSStreamContractV4 -on UseAadAuthentication -ClientVersion 10.2.2.0}
2021-09-08T17:06:59.8965822+08:00	UnknownJobId_0412324173		Compiler	ScopeSubmissionCompilePipeline	InitializeCompiler	Stack =>	"   at ScopeCompiler.Dependencies.Cosmos.ParseSandboxer.CompileInSeparateAppDomain(String[] scripts, Settings settings)\r\n   at ScopeCompiler.Parser.FullParse(String[] scripts, String filePath, CompilerEnvironment environment, Settings settings, Func`4 funcParse, String nebulaCommandLine)\r\n   at ScopeCompiler.Dependencies.Cosmos.ParseSandboxer.FullParseInSeparateAppDomain(String[] scripts, String filePath, Settings settings)\r\n   at ScopeClient.Scope.PreCompileForSubmit(Settings compSet, String tempDirectory, String forceResourcePathSearchList, Dictionary`2 parameters, String[] scopeScriptFileNames, String[]& filesAfterApplyingOldParams)\r\n   at ScopeClient.ScopeStudio.ScopeStudioInterface.DoPreSubmit(Dictionary`2 parameters, Int32 version, Action`3 afterPrepareInfo, List`1& warnings)\r\n   at ScopeClient.ScopeStudio.ScopeStudioInterface.PreSubmit(Dictionary`2 parameters, Int32 version, String& parserInformationKey, List`1& warnings)\r\n   at System.RuntimeMethodHandle.InvokeMethod(Object target, Object[] arguments, Signature sig, Boolean constructor)\r\n   at System.Reflection.RuntimeMethodInfo.UnsafeInvokeInternal(Object obj, Object[] parameters, Object[] arguments)\r\n   at System.Reflection.RuntimeMethodInfo.Invoke(Object obj, BindingFlags invokeAttr, Binder binder, Object[] parameters, CultureInfo culture)\r\n   at System.RuntimeType.InvokeMember(String name, BindingFlags bindingFlags, Binder binder, Object target, Object[] providedArgs, ParameterModifier[] modifiers, CultureInfo culture, String[] namedParams)\r\n   at Microsoft.Cosmos.ScopeStudio.BusinessObjects.Common.CompilerProxy.DoInvork(String method, Object[] parameters, String outputXmlFileName)\r\n   at Microsoft.Cosmos.ScopeStudio.BusinessObjects.Common.CompilerProxy.PreSubmit(Int32 version, Dictionary`2 parameters, String outputXmlFileName, String& parserInformationKey, List`1& warnings)\r\n   at System.Runtime.Remoting.Messaging.StackBuilderSink._PrivateProcessMessage(IntPtr md, Object[] args, Object server, Object[]& outArgs)\r\n   at System.Runtime.Remoting.Messaging.StackBuilderSink.SyncProcessMessage(IMessage msg)\r\n   at System.Runtime.Remoting.Messaging.ServerObjectTerminatorSink.SyncProcessMessage(IMessage reqMsg)\r\n   at System.Runtime.Remoting.Messaging.ServerContextTerminatorSink.SyncProcessMessage(IMessage reqMsg)\r\n   at System.Runtime.Remoting.Channels.CrossContextChannel.SyncProcessMessageCallback(Object[] args)\r\n   at System.Threading.Thread.InternalCrossContextCallback(Context ctx, IntPtr ctxID, Int32 appDomainID, InternalCrossContextDelegate ftnToCall, Object[] args)\r\n   at System.Runtime.Remoting.Channels.CrossContextChannel.SyncProcessMessage(IMessage reqMsg)\r\n   at System.Runtime.Remoting.Channels.ChannelServices.SyncDispatchMessage(IMessage msg)\r\n   at System.Runtime.Remoting.Channels.CrossAppDomainSink.DoDispatch(Byte[] reqStmBuff, SmuggledMethodCallMessage smuggledMcm, SmuggledMethodReturnMessage& smuggledMrm)\r\n   at System.Runtime.Remoting.Channels.CrossAppDomainSink.DoTransitionDispatchCallback(Object[] args)\r\n"
2021-09-08T17:06:59.9045812+08:00	UnknownJobId_0412324173		Compiler	ScopeSubmissionCompilePipeline	BeforeCompile	Client Version: 10.2.2.0
2021-09-08T17:06:59.9055824+08:00	UnknownJobId_0412324173		Compiler	ScopeSubmissionCompilePipeline	BeforeCompile	Target: Cluster
2021-09-08T17:06:59.9066079+08:00	UnknownJobId_0412324173		Compiler	ScopeSubmissionCompilePipeline	BeforeCompile	Stat: SimulateLarge
2021-09-08T17:06:59.9075809+08:00	UnknownJobId_0412324173		Compiler	ScopeSubmissionCompilePipeline	BeforeCompile	SkipPath: True
2021-09-08T17:07:00.8756236+08:00	UnknownJobId_0412324173		Compiler	ScopeFrontEndRunner	Execute	Starting FrontEndRun...
2021-09-08T17:07:01.2326292+08:00	UnknownJobId_0412324173	0.1398	Compiler	ScopeLocalCompileStrategy	ExecuteCompilePass	SyntaxVerifier	1_Write17.script
2021-09-08T17:07:01.2706164+08:00	UnknownJobId_0412324173	0.0293	Compiler	ScopeLocalCompileStrategy	ExecuteCompilePass	DdlResolver	1_Write17.script
2021-09-08T17:07:01.2746312+08:00	UnknownJobId_0412324173	0.0025	Compiler	ScopeLocalCompileStrategy	ExecuteCompilePass	ViewResolver	1_Write17.script
2021-09-08T17:07:01.2766018+08:00	UnknownJobId_0412324173	0.3885	Compiler	ScopeLocalCompileStrategy	ExecuteCompilePass	AstBuilder	1_Write17.script
2021-09-08T17:07:01.2816310+08:00	UnknownJobId_0412324173	0.0040	Compiler	ScopeLocalCompileStrategy	ExecuteCompilePass	ViewResolver	1_Write17.script
2021-09-08T17:07:01.2857273+08:00	UnknownJobId_0412324173	0.0005	Compiler	ScopeLocalCompileStrategy	ExecuteCompilePass	ClassifierPass	1_Write17.script
2021-09-08T17:07:01.2893547+08:00	UnknownJobId_0412324173	0.0018	Compiler	ScopeLocalCompileStrategy	ExecuteCompilePass	AssemblyResolverPass	1_Write17.script
2021-09-08T17:07:01.2921211+08:00	UnknownJobId_0412324173	0.0005	Compiler	ScopeLocalCompileStrategy	ExecuteCompilePass	ResourceReferencePass	1_Write17.script
2021-09-08T17:07:01.3041175+08:00	UnknownJobId_0412324173		Compiler	ScopeSubmissionCompilePipeline	FinalizeArtifacts	Starting Compiler Artifacts Finalization...
2021-09-08T17:07:01.3419434+08:00	UnknownJobId_0412324173	0.0352	Compiler	ScopeLocalResourceStorage	AddGeneratedFile	(path:"\\v-hozhao\Sharing\Scope2015\DebugStream\DebugStream\bin\Debug\C2F068F55FE607AD\1_Write17_8F90BB1151A99E6C\__CompilerTimers.xml",type:CompilerTimers) =>	null
2021-09-08T17:07:01.3643655+08:00	UnknownJobId_0412324173	0.0203	Compiler	ScopeLocalResourceStorage	AddGeneratedFile	(path:"\\v-hozhao\Sharing\Scope2015\DebugStream\DebugStream\bin\Debug\C2F068F55FE607AD\1_Write17_8F90BB1151A99E6C\__CompilerTimers.xml",type:CompilerTimers) =>	null
2021-09-08T17:07:01.4216147+08:00	UnknownJobId_0412324173		Compiler	ScopeSubmissionCompilePipeline	FinalizeArtifacts	Finished Compiler Artifacts Finalization...
2021-09-08T17:07:01.4236135+08:00	UnknownJobId_0412324173		Compiler	ScopeSubmissionCompilePipeline	DoCompile	Finished compilation!
2021-09-08T17:07:01.4246139+08:00	UnknownJobId_0412324173		Compiler	ScopeSubmissionCompilePipeline	FinalizeCompilation	Start compilation finalization...
2021-09-08T17:07:01.4296463+08:00	UnknownJobId_0412324173		Compiler	ScopeSubmissionCompilePipeline	DisposeCompiler	Start disposing the compiler...
2021-09-08T17:07:01.4318571+08:00	UnknownJobId_0412324173		Compiler	ScopeSStreamMetadataManager	Cleanup	Cancelling any ongoing requests
2021-09-08T17:07:01.4378242+08:00	UnknownJobId_0412324173		Compiler	ScopeSubmissionCompilePipeline	DisposeCompiler	Finished compilation finalization
2021-09-08T17:07:01.4388239+08:00	UnknownJobId_0412324173	3.6950	Compiler	ScopeSubmissionCompilePipeline	FinalizeCompilation	End Compilation
2021-09-08T17:07:01.4418238+08:00	UnknownJobId_0412324173		Compiler	ScopeSubmissionCompilePipeline	WriteTimers	COMPILATIONTIME|JobId:|FriendlyName:|Mode:Default|Overall: 3.7s 3.2cpu|FrontEndRun: 0.6s|RoslynTimers: 4x 0.8s 197.0ms/x 0.5cpu|Preprocessing: 0.1s 0.1cpu|ExternalTimers:
2021-09-08T17:07:01.4438234+08:00	UnknownJobId_0412324173		Compiler	ScopeSubmissionCompilePipeline	WriteTimers	FrontEndTimers|FrontEndRun: 0.6s|AssemblyResolverPass:|AstBuilder: 0.4s 0.4cpu|ClassifierPass:|DdlResolver:|GeneratedFilesAsync: wait 0.1s|Parser: 0.1s 0.1cpu|ResourceReferencePass:|SyntaxVerifier: 0.1s 0.1cpu|TraceFile: 31x 0.2s 4.0ms/x|ViewResolver: 2x 3.0ms/x
2021-09-08T17:07:01.4458254+08:00	UnknownJobId_0412324173		Compiler	ScopeSubmissionCompilePipeline	WriteTimers	RoslynTimers|RoslynEnvironmentAsync: 0.4s 0.3cpu|SimpleLiteralBinding: 2x|CreateSemanticModel: 0.4s 0.1cpu
2021-09-08T17:07:01.4472101+08:00	UnknownJobId_0412324173		Compiler	ScopeSubmissionCompilePipeline	WriteTimers	PreProcessorTimers|PreProcessorParser:|Preprocessing: 0.1s 0.1cpu
2021-09-08T17:07:01.4482787+08:00	UnknownJobId_0412324173		Compiler	ScopeSubmissionCompilePipeline	WriteTimers	OptimizerTimers
2021-09-08T17:07:01.4493282+08:00	UnknownJobId_0412324173		Compiler	ScopeSubmissionCompilePipeline	WriteTimers	BackendTimers
2021-09-08T17:07:01.4513280+08:00	UnknownJobId_0412324173		Compiler	ScopeSubmissionCompilePipeline	WriteTimers	ExternalTimers|VcClient:
