2021-03-31T15:37:42.2566962+08:00	UnknownJobId_1170317915		SMS	ScopeLocalCompileStrategy	CheckIfSMSIsProvisioned	SMS is not provisioned for account defaultFriendlyComputationAccount
2021-03-31T15:37:42.2796945+08:00	UnknownJobId_1170317915	0.0025	Compiler	ScopeRoslynBinder	BuildScriptEnvironment	Starting
2021-03-31T15:37:42.7366636+08:00	UnknownJobId_1170317915		Compiler	ScopeSubmissionCompilePipeline	InitializeCompiler	Start Compilation: CompileOnVC = False, DataRoot = abfs://local@sandboxwcus.dfs.core.windows.net, Version = 10.2.2.0
2021-03-31T15:37:42.7376637+08:00	UnknownJobId_1170317915		Compiler	ScopeSubmissionCompilePipeline	InitializeCompiler	CommandLine =>	""c:\program files (x86)\microsoft visual studio\2017\enterprise\common7\ide\extensions\microsoft\scopestudio\2.7.0000.5\SubmitHost.exe" 38f2b9de-43f7-4975-902f-bc2a67115c17 29320 False C:\Users\v-hozhao\AppData\Local\Temp\DataLakeTemp"
2021-03-31T15:37:42.7386639+08:00	UnknownJobId_1170317915		Compiler	ScopeSubmissionCompilePipeline	InitializeCompiler	Settings =>	{DataRoot:abfs://local@sandboxwcus.dfs.core.windows.net,ResolverTypeForResource:ScopePath,ResolverTypeForInput:RemoteRoot,ResolverTypeForOutput:Dummy,NebulaCommandLine:-c++ -off EnableScopeDdl -on ADL -on EnableScopeDml -on EnableSStreamContractV4 -CosmosCluster default -ApEnvironment defaultApEnvironment -ApCluster defaultApCluster -ClientVersion 10.2.2.0 -Inputs ScopeInput.script}
2021-03-31T15:37:42.7596646+08:00	UnknownJobId_1170317915		Compiler	ScopeSubmissionCompilePipeline	InitializeCompiler	Stack =>	"   at ScopeCompiler.Dependencies.Cosmos.ParseSandboxer.CompileInSeparateAppDomain(String[] scripts, Settings settings)\r\n   at ScopeCompiler.Parser.FullParse(String[] scripts, String filePath, CompilerEnvironment environment, Settings settings, Func`4 funcParse, String nebulaCommandLine)\r\n   at ScopeCompiler.Dependencies.Cosmos.ParseSandboxer.FullParseInSeparateAppDomain(String[] scripts, String filePath, Settings settings)\r\n   at ScopeClient.Scope.PreCompileForSubmit(Settings compSet, String tempDirectory, String forceResourcePathSearchList, Dictionary`2 parameters, String[] scopeScriptFileNames, String[]& filesAfterApplyingOldParams)\r\n   at ScopeClient.ScopeStudio.ScopeStudioInterface.DoPreSubmit(Dictionary`2 parameters, Int32 version, Action`3 afterPrepareInfo, List`1& warnings)\r\n   at ScopeClient.ScopeStudio.ScopeStudioInterface.PreSubmitScopeConvergence(Dictionary`2 parameters, Int32 version, List`1& warnings, List`1& clusterResources, List`1& localResources, String& scopeScriptFileName)\r\n   at System.RuntimeMethodHandle.InvokeMethod(Object target, Object[] arguments, Signature sig, Boolean constructor)\r\n   at System.Reflection.RuntimeMethodInfo.UnsafeInvokeInternal(Object obj, Object[] parameters, Object[] arguments)\r\n   at System.Reflection.RuntimeMethodInfo.Invoke(Object obj, BindingFlags invokeAttr, Binder binder, Object[] parameters, CultureInfo culture)\r\n   at System.RuntimeType.InvokeMember(String name, BindingFlags bindingFlags, Binder binder, Object target, Object[] providedArgs, ParameterModifier[] modifiers, CultureInfo culture, String[] namedParams)\r\n   at Microsoft.Cosmos.ScopeStudio.BusinessObjects.Common.CompilerProxy.DoInvork(String method, Object[] parameters, String outputXmlFileName)\r\n   at Microsoft.Cosmos.ScopeStudio.BusinessObjects.Common.CompilerProxy.PreSubmitScopeConvergence(Int32 version, Dictionary`2 parameters, String outputXmlFileName, List`1& warnings, List`1& clusterResources, List`1& localResources, String& scopeScriptFileName)\r\n   at System.Runtime.Remoting.Messaging.StackBuilderSink._PrivateProcessMessage(IntPtr md, Object[] args, Object server, Object[]& outArgs)\r\n   at System.Runtime.Remoting.Messaging.StackBuilderSink.SyncProcessMessage(IMessage msg)\r\n   at System.Runtime.Remoting.Messaging.ServerObjectTerminatorSink.SyncProcessMessage(IMessage reqMsg)\r\n   at System.Runtime.Remoting.Messaging.ServerContextTerminatorSink.SyncProcessMessage(IMessage reqMsg)\r\n   at System.Runtime.Remoting.Channels.CrossContextChannel.SyncProcessMessageCallback(Object[] args)\r\n   at System.Threading.Thread.InternalCrossContextCallback(Context ctx, IntPtr ctxID, Int32 appDomainID, InternalCrossContextDelegate ftnToCall, Object[] args)\r\n   at System.Runtime.Remoting.Channels.CrossContextChannel.SyncProcessMessage(IMessage reqMsg)\r\n   at System.Runtime.Remoting.Channels.ChannelServices.SyncDispatchMessage(IMessage msg)\r\n   at System.Runtime.Remoting.Channels.CrossAppDomainSink.DoDispatch(Byte[] reqStmBuff, SmuggledMethodCallMessage smuggledMcm, SmuggledMethodReturnMessage& smuggledMrm)\r\n   at System.Runtime.Remoting.Channels.CrossAppDomainSink.DoTransitionDispatchCallback(Object[] args)\r\n"
2021-03-31T15:37:42.7676430+08:00	UnknownJobId_1170317915		Compiler	ScopeSubmissionCompilePipeline	BeforeCompile	Client Version: 10.2.2.0
2021-03-31T15:37:42.7676430+08:00	UnknownJobId_1170317915		Compiler	ScopeSubmissionCompilePipeline	BeforeCompile	Target: Cluster
2021-03-31T15:37:42.7686440+08:00	UnknownJobId_1170317915		Compiler	ScopeSubmissionCompilePipeline	BeforeCompile	Stat: SimulateLarge
2021-03-31T15:37:42.7686440+08:00	UnknownJobId_1170317915		Compiler	ScopeSubmissionCompilePipeline	BeforeCompile	SkipPath: True
2021-03-31T15:37:42.8826438+08:00	UnknownJobId_1170317915	0.6059	Compiler	ScopeRoslynBinder	BuildScriptEnvironment	Finished
2021-03-31T15:37:43.3083256+08:00	UnknownJobId_1170317915		Compiler	ScopeFrontEndRunner	Execute	Starting FrontEndRun...
2021-03-31T15:37:43.8933298+08:00	UnknownJobId_1170317915	0.1301	Compiler	ScopeLocalCompileStrategy	ExecuteCompilePass	SyntaxVerifier	ScopeInput.script
2021-03-31T15:37:43.9613310+08:00	UnknownJobId_1170317915	0.0594	Compiler	ScopeLocalCompileStrategy	ExecuteCompilePass	DdlResolver	ScopeInput.script
2021-03-31T15:37:43.9663302+08:00	UnknownJobId_1170317915	0.0038	Compiler	ScopeLocalCompileStrategy	ExecuteCompilePass	ViewResolver	ScopeInput.script
2021-03-31T15:37:43.9663302+08:00	UnknownJobId_1170317915	0.6410	Compiler	ScopeLocalCompileStrategy	ExecuteCompilePass	AstBuilder	ScopeInput.script
2021-03-31T15:37:43.9733298+08:00	UnknownJobId_1170317915	0.0064	Compiler	ScopeLocalCompileStrategy	ExecuteCompilePass	ViewResolver	ScopeInput.script
2021-03-31T15:37:43.9763306+08:00	UnknownJobId_1170317915	0.0027	Compiler	ScopeLocalCompileStrategy	ExecuteCompilePass	AssemblyResolverPass	ScopeInput.script
2021-03-31T15:37:43.9783289+08:00	UnknownJobId_1170317915	0.0011	Compiler	ScopeLocalCompileStrategy	ExecuteCompilePass	ResourceReferencePass	ScopeInput.script
2021-03-31T15:37:43.9963315+08:00	UnknownJobId_1170317915		Compiler	ScopeSubmissionCompilePipeline	FinalizeArtifacts	Starting Compiler Artifacts Finalization...
2021-03-31T15:37:44.0183314+08:00	UnknownJobId_1170317915	0.0160	Compiler	ScopeLocalResourceStorage	AddGeneratedFile	("D:\Sharing\Scope2015_Scopeppe\FileSetsVertex\FileSetsVertex\bin\Debug\99805BF1ECA66EF2\ScopeInput_2853C40621598400\__CompilerTimers.xml",CompilerTimers) =>	null
2021-03-31T15:37:44.0283308+08:00	UnknownJobId_1170317915	0.0076	Compiler	ScopeLocalResourceStorage	AddGeneratedFile	("D:\Sharing\Scope2015_Scopeppe\FileSetsVertex\FileSetsVertex\bin\Debug\99805BF1ECA66EF2\ScopeInput_2853C40621598400\__CompilerTimers.xml",CompilerTimers) =>	null
2021-03-31T15:37:44.0373315+08:00	UnknownJobId_1170317915		Compiler	ScopeSubmissionCompilePipeline	FinalizeArtifacts	Finished Compiler Artifacts Finalization...
2021-03-31T15:37:44.0373315+08:00	UnknownJobId_1170317915		Compiler	ScopeSubmissionCompilePipeline	DoCompile	Finished compilation!
2021-03-31T15:37:44.0383320+08:00	UnknownJobId_1170317915		Compiler	ScopeSubmissionCompilePipeline	FinalizeCompilation	Start compilation finalization...
2021-03-31T15:37:44.0443329+08:00	UnknownJobId_1170317915		Compiler	ScopeSubmissionCompilePipeline	DisposeCompiler	Start disposing the compiler...
2021-03-31T15:37:44.0473312+08:00	UnknownJobId_1170317915		Compiler	ScopeSStreamMetadataManager	Cleanup	Cancelling any ongoing requests
2021-03-31T15:37:44.0493308+08:00	UnknownJobId_1170317915		Compiler	ScopeSubmissionCompilePipeline	DisposeCompiler	Finished compilation finalization
2021-03-31T15:37:44.0493308+08:00	UnknownJobId_1170317915	2.1212	Compiler	ScopeSubmissionCompilePipeline	FinalizeCompilation	End Compilation
2021-03-31T15:37:44.0533309+08:00	UnknownJobId_1170317915		Compiler	ScopeSubmissionCompilePipeline	WriteTimers	COMPILATIONTIME|JobId:|FriendlyName:|Mode:Default|Overall: 2.1s 2.3cpu|FrontEndRun: 0.7s|RoslynTimers: 4x 0.6s 151.0ms/x 0.5cpu
2021-03-31T15:37:44.0543317+08:00	UnknownJobId_1170317915		Compiler	ScopeSubmissionCompilePipeline	WriteTimers	FrontEndTimers|FrontEndRun: 0.7s|AssemblyResolverPass:|AstBuilder: 0.6s 1.2cpu|DdlResolver: 0.1s 0.1cpu|GeneratedFilesAsync:|Parser: 0.2s 0.3cpu|ParserPP:|Preprocessing: 0.1s 0.2cpu|ResourceReferencePass:|SyntaxVerifier: 0.1s 0.3cpu|TraceFile: 30x|ViewResolver: 2x 5.0ms/x
2021-03-31T15:37:44.0553315+08:00	UnknownJobId_1170317915		Compiler	ScopeSubmissionCompilePipeline	WriteTimers	RoslynTimers|RoslynEnvironmentAsync: 0.6s 0.5cpu|SimpleLiteralBinding: 3x
2021-03-31T15:37:44.0553315+08:00	UnknownJobId_1170317915		Compiler	ScopeSubmissionCompilePipeline	WriteTimers	OptimizerTimers
2021-03-31T15:37:44.0553315+08:00	UnknownJobId_1170317915		Compiler	ScopeSubmissionCompilePipeline	WriteTimers	BackendTimers
2021-03-31T15:37:44.0553315+08:00	UnknownJobId_1170317915		Compiler	ScopeSubmissionCompilePipeline	WriteTimers	ExternalTimers
