2021-06-30T17:40:55.9633611+08:00	UnknownJobId_0891590159		Compiler	DeepCompilePipeline	InitializeCompiler	Start Compilation: JobId=, HostEnvironment=CCS, HostMachineName=V-HOZHAO, ApplicationId=, CompilerStartTime=2021-06-30T09:40:55.0970196Z, CompileOnVC = False, DataRoot = adl://adityasatest1.azuredatalakestore.net, Version = 10.2.2.0
2021-06-30T17:40:55.9643615+08:00	UnknownJobId_0891590159		Compiler	DeepCompilePipeline	InitializeCompiler	CommandLine =>	""c:\program files (x86)\microsoft visual studio\2017\enterprise\common7\ide\extensions\microsoft\scopestudio\2.7.0000.7\CompilerHost.exe" 95dacffb-8c52-4144-b03d-b79254935ad1 768 False C:\Users\v-hozhao\AppData\Local\Temp\DataLakeTemp"
2021-06-30T17:40:55.9653613+08:00	UnknownJobId_0891590159		Compiler	DeepCompilePipeline	InitializeCompiler	Settings =>	{DataRoot:adl://adityasatest1.azuredatalakestore.net,ResolverTypeForResource:Local,ResolverTypeForInput:InputPath,ResolverTypeForOutput:Dummy,SecureInfoFile:null,SecurityKeyInfo:byte[2036],NebulaCommandLine:-c++ -ApCluster defaultApCluster -ApEnvironment defaultApEnvironment -CosmosCluster default -Inputs D:\Sharing\Scope2015\Sample_1\Sample_1\bin\Debug\Scope.script -Debug -pdb Full -on ADL -on ReflectStageToScript -on EnableScopeDml -on EnableSStreamContractV4 -on EnableScopeDdl -ClientVersion 10.2.2.0}
2021-06-30T17:40:55.9833812+08:00	UnknownJobId_0891590159		Compiler	DeepCompilePipeline	InitializeCompiler	Stack =>	"   at ScopeCompiler.Dependencies.Cosmos.ParseSandboxer.CompileInSeparateAppDomain(String[] scripts, Settings settings)\r\n   at ScopeCompiler.Parser.FullParse(String[] scripts, String filePath, CompilerEnvironment environment, Settings settings, Func`4 funcParse, String nebulaCommandLine)\r\n   at ScopeCompiler.Dependencies.Cosmos.ParseSandboxer.FullParseInSeparateAppDomain(String[] scripts, String filePath, Settings settings)\r\n   at ScopeClient.Scope.TryToParse(String[] scripts, String scriptFileName, Settings compSet, CompilerEnvironment enviroment, ParseInformation& info)\r\n   at ScopeClient.Scope.PrivateCompileSuppressException(Settings compSet, CompilerSwitches compilerSwitches, CompilerEnvironment environment, String outputXmlFileName, Dictionary`2 parameters, Boolean isParseOnly, Boolean verbose)\r\n   at ScopeClient.ScopeStudio.ScopeStudioInterface.Compile(Dictionary`2 parameters, Int32 version)\r\n   at System.RuntimeMethodHandle.InvokeMethod(Object target, Object[] arguments, Signature sig, Boolean constructor)\r\n   at System.Reflection.RuntimeMethodInfo.UnsafeInvokeInternal(Object obj, Object[] parameters, Object[] arguments)\r\n   at System.Reflection.RuntimeMethodInfo.Invoke(Object obj, BindingFlags invokeAttr, Binder binder, Object[] parameters, CultureInfo culture)\r\n   at System.RuntimeType.InvokeMember(String name, BindingFlags bindingFlags, Binder binder, Object target, Object[] providedArgs, ParameterModifier[] modifiers, CultureInfo culture, String[] namedParams)\r\n   at Microsoft.Cosmos.ScopeStudio.BusinessObjects.Common.CompilerProxy.DoInvork(String method, Object[] parameters, String outputXmlFileName)\r\n"
2021-06-30T17:40:55.9923617+08:00	UnknownJobId_0891590159		Compiler	DeepCompilePipeline	BeforeCompile	Client Version: 10.2.2.0
2021-06-30T17:40:55.9923617+08:00	UnknownJobId_0891590159		Compiler	DeepCompilePipeline	BeforeCompile	Target: SingleBox
2021-06-30T17:40:55.9933620+08:00	UnknownJobId_0891590159		Compiler	DeepCompilePipeline	BeforeCompile	Stat: SimulateLarge
2021-06-30T17:40:55.9933620+08:00	UnknownJobId_0891590159		Compiler	DeepCompilePipeline	BeforeCompile	SkipPath: True
2021-06-30T17:40:56.1023614+08:00	UnknownJobId_0891590159	0.8549	Compiler	ScopeRoslynBinder	BuildScriptEnvironment	Finished
2021-06-30T17:40:56.5503629+08:00	UnknownJobId_0891590159		Compiler	ScopeFrontEndRunner	Execute	Starting FrontEndRun...
2021-06-30T17:40:57.1983685+08:00	UnknownJobId_0891590159	0.2660	Compiler	ScopeLocalCompileStrategy	ExecuteCompilePass	SyntaxVerifier	Scope.script
2021-06-30T17:40:57.2853683+08:00	UnknownJobId_0891590159	0.0762	Compiler	ScopeLocalCompileStrategy	ExecuteCompilePass	DdlResolver	Scope.script
2021-06-30T17:40:57.2893688+08:00	UnknownJobId_0891590159	0.0037	Compiler	ScopeLocalCompileStrategy	ExecuteCompilePass	ViewResolver	Scope.script
2021-06-30T17:40:57.2903680+08:00	UnknownJobId_0891590159	0.7151	Compiler	ScopeLocalCompileStrategy	ExecuteCompilePass	AstBuilder	Scope.script
2021-06-30T17:40:57.2993726+08:00	UnknownJobId_0891590159	0.0058	Compiler	ScopeLocalCompileStrategy	ExecuteCompilePass	ViewResolver	Scope.script
2021-06-30T17:40:57.3013689+08:00	UnknownJobId_0891590159	0.0009	Compiler	ScopeLocalCompileStrategy	ExecuteCompilePass	ClassifierPass	Scope.script
2021-06-30T17:40:57.3103689+08:00	UnknownJobId_0891590159	0.0081	Compiler	ScopeLocalCompileStrategy	ExecuteCompilePass	AssemblyResolverPass	Scope.script
2021-06-30T17:40:57.3173673+08:00	UnknownJobId_0891590159	0.0071	Compiler	ScopeLocalCompileStrategy	ExecuteCompilePass	ResourceReferencePass	Scope.script
2021-06-30T17:40:57.3233678+08:00	UnknownJobId_0891590159		Compiler	ScopeLocalResourceStorage	DownloadResources	Resources to download =>	[/*count:1*/{fileMetadata: {VirtualPath:'C:\Program Files (x86)\Reference Assemblies\Microsoft\Framework\.NETFramework\v4.5.2\System.Core.dll',PhysicalPath:'C:\Program Files (x86)\Reference Assemblies\Microsoft\Framework\.NETFramework\v4.5.2\System.Core.dll',VirtualColumnValues:'[]'}, cachePath: D:\Sharing\Scope2015\Sample_1\Sample_1\bin\Debug\FEB18BC62E9A8FD3\Scope_C74FEC5E34835C21\System.Core.dll}]
2021-06-30T17:40:57.3303696+08:00	UnknownJobId_0891590159		Compiler	ScopeLocalResourceStorage	RequiresDownload	RequiresDownload: true, Reason: resource not in cache =>	{fileMetadata: {VirtualPath:'C:\Program Files (x86)\Reference Assemblies\Microsoft\Framework\.NETFramework\v4.5.2\System.Core.dll',PhysicalPath:'C:\Program Files (x86)\Reference Assemblies\Microsoft\Framework\.NETFramework\v4.5.2\System.Core.dll',VirtualColumnValues:'[]'}, cachePath: D:\Sharing\Scope2015\Sample_1\Sample_1\bin\Debug\FEB18BC62E9A8FD3\Scope_C74FEC5E34835C21\System.Core.dll}
2021-06-30T17:40:57.3313693+08:00	UnknownJobId_0891590159		Compiler	ResourceStorage	DownloadResourceAsyncImpl	Downloading C:\Program Files (x86)\Reference Assemblies\Microsoft\Framework\.NETFramework\v4.5.2\System.Core.dll to D:\Sharing\Scope2015\Sample_1\Sample_1\bin\Debug\FEB18BC62E9A8FD3\Scope_C74FEC5E34835C21\System.Core.dll.
2021-06-30T17:40:57.6013708+08:00	UnknownJobId_0891590159		Compiler	LocalStoreProxy	DownloadFileAsyncImpl	Total bytes downloaded for C:\Program Files (x86)\Reference Assemblies\Microsoft\Framework\.NETFramework\v4.5.2\System.Core.dll =>	235184
2021-06-30T17:40:57.6393712+08:00	UnknownJobId_0891590159	0.0008	Compiler	ScopeLocalCompileStrategy	ExecuteCompilePass	ProcessUsingsPass	Scope.script
2021-06-30T17:40:57.6963689+08:00	UnknownJobId_0891590159	0.0541	Compiler	ScopeLocalCompileStrategy	ExecuteCompilePass	InputOutputPass	Scope.script
2021-06-30T17:40:58.1203893+08:00	UnknownJobId_0891590159	0.0008	UserCode	<>c__DisplayClass106_0`1	Constructor	() =>	ScopeRuntime.DefaultTextExtractor
2021-06-30T17:40:58.1253880+08:00	UnknownJobId_0891590159	0.0002	UserCode	DefaultTextExtractor	AtomicFileProcessing	() =>	False
2021-06-30T17:40:58.1453880+08:00	UnknownJobId_0891590159	0.0136	UserCode	DefaultTextExtractor	Produces	() =>	UserId:string,Start:string,Region:string,Query:string,Duration:string,Urls:string,ClickedUrls:string
2021-06-30T17:40:58.1803888+08:00	UnknownJobId_0891590159	0.0004	UserCode	<>c__DisplayClass106_0`1	Constructor	() =>	ScopeRuntime.DefaultTextOutputter
2021-06-30T17:40:58.1873808+08:00	UnknownJobId_0891590159	0.4886	Compiler	ScopeLocalCompileStrategy	ExecuteCompilePass	BinderPass	Scope.script
2021-06-30T17:40:58.2063936+08:00	UnknownJobId_0891590159	0.0171	Compiler	ScopeLocalCompileStrategy	ExecuteCompilePass	SemanticAnalyzerPass	Scope.script
2021-06-30T17:40:58.2263937+08:00	UnknownJobId_0891590159	0.0176	Compiler	ScopeLocalCompileStrategy	ExecuteCompilePass	ErrorReporterPass	Scope.script
2021-06-30T17:40:58.2263937+08:00	UnknownJobId_0891590159	1.6765	Compiler	ScopeFrontEndRunner	CleanUp	Finished FrontEndRun...
2021-06-30T17:40:58.2453942+08:00	UnknownJobId_0891590159		Compiler	ScopeBackEndRunner	OptimizerRun	Starting OptimizerRun...
2021-06-30T17:40:58.2833936+08:00	UnknownJobId_0891590159	0.0370	Compiler	ScopeLocalResourceStorage	AddGeneratedFile	(path:"D:\Sharing\Scope2015\Sample_1\Sample_1\bin\Debug\FEB18BC62E9A8FD3\Scope_C74FEC5E34835C21\__CompilerTimers.xml",type:CompilerTimers) =>	null
2021-06-30T17:40:58.3033947+08:00	UnknownJobId_0891590159	0.0001	UserCode	DefaultTextOutputter	AtomicFileProcessing	() =>	False
2021-06-30T17:40:58.3303941+08:00	UnknownJobId_0891590159	0.0742	Compiler	ScopeLocalCompileStrategy	ExecuteCompilePass	GenerateOptTreePass	Scope.script
2021-06-30T17:40:58.3483949+08:00	UnknownJobId_0891590159		Compiler	PlaybackDbWriter	SerializeSStreamMeta	SStreamMetadata converted to base64 string, size is4
2021-06-30T17:40:58.3763735+08:00	UnknownJobId_0891590159	0.0439	Compiler	ScopeLocalResourceStorage	AddGeneratedFile	(path:"D:\Sharing\Scope2015\Sample_1\Sample_1\bin\Debug\FEB18BC62E9A8FD3\Scope_C74FEC5E34835C21\ScopeInternalStatistics.xml",type:StatisticsResource, PlaybackDb) =>	null
2021-06-30T17:40:58.4733942+08:00	UnknownJobId_0891590159	0.0000	UserCode	DefaultTextExtractor	AtomicFileProcessing	() =>	False
2021-06-30T17:40:58.5383747+08:00	UnknownJobId_0891590159	0.0011	Compiler	ScopeLocalResourceStorage	AddGeneratedFile	(path:"D:\Sharing\Scope2015\Sample_1\Sample_1\bin\Debug\FEB18BC62E9A8FD3\Scope_C74FEC5E34835C21\__CompilerTimers.xml",type:CompilerTimers) =>	null
2021-06-30T17:40:58.5393760+08:00	UnknownJobId_0891590159		Compiler	PlaybackDbWriter	SerializeSStreamMeta	SStreamMetadata converted to base64 string, size is4
2021-06-30T17:40:58.5403771+08:00	UnknownJobId_0891590159	0.0026	Compiler	ScopeLocalResourceStorage	AddGeneratedFile	(path:"D:\Sharing\Scope2015\Sample_1\Sample_1\bin\Debug\FEB18BC62E9A8FD3\Scope_C74FEC5E34835C21\ScopeInternalStatistics.xml",type:StatisticsResource, PlaybackDb) =>	null
2021-06-30T17:40:58.5523746+08:00	UnknownJobId_0891590159	0.0002	UserCode	DefaultTextExtractor	AllowArgsInSignature	() =>	True
2021-06-30T17:40:58.5603953+08:00	UnknownJobId_0891590159	0.0001	UserCode	DefaultTextExtractor	AllowArgsInSignature	() =>	True
2021-06-30T17:40:58.5603953+08:00	UnknownJobId_0891590159	0.0232	Compiler	ScopeLocalResourceStorage	AddGeneratedFile	(path:"D:\Sharing\Scope2015\Sample_1\Sample_1\bin\Debug\FEB18BC62E9A8FD3\Scope_C74FEC5E34835C21\__Ast__.bin",type:StatisticsResource) =>	null
2021-06-30T17:40:58.5733962+08:00	UnknownJobId_0891590159	0.0002	UserCode	DefaultTextExtractor	AllowColumnPruning	() =>	True
2021-06-30T17:40:58.5743950+08:00	UnknownJobId_0891590159	0.0000	UserCode	DefaultTextExtractor	AllowColumnPruning	() =>	True
2021-06-30T17:40:58.5743950+08:00	UnknownJobId_0891590159	0.0000	UserCode	DefaultTextExtractor	AllowColumnPruning	() =>	True
2021-06-30T17:40:58.5743950+08:00	UnknownJobId_0891590159	0.0000	UserCode	DefaultTextExtractor	AllowColumnPruning	() =>	True
2021-06-30T17:40:58.5743950+08:00	UnknownJobId_0891590159	0.0000	UserCode	DefaultTextExtractor	AllowColumnPruning	() =>	True
2021-06-30T17:40:58.5743950+08:00	UnknownJobId_0891590159	0.0000	UserCode	DefaultTextExtractor	AllowColumnPruning	() =>	True
2021-06-30T17:40:58.5743950+08:00	UnknownJobId_0891590159	0.0000	UserCode	DefaultTextExtractor	AllowColumnPruning	() =>	True
2021-06-30T17:40:58.5753955+08:00	UnknownJobId_0891590159	0.0001	UserCode	DefaultTextExtractor	AllowFilterHinting	() =>	False
2021-06-30T17:40:58.5793951+08:00	UnknownJobId_0891590159	0.0001	UserCode	DefaultTextExtractor	RunSingleThreaded	() =>	False
2021-06-30T17:40:58.8903777+08:00	UnknownJobId_0891590159	0.5415	Compiler	TimedOptimizer	OptimizeImpl	CQO: Optimization succeeded.
2021-06-30T17:40:58.8903777+08:00	UnknownJobId_0891590159		Compiler	ScopeBackEndRunner	Execute	Total input file count: 1
2021-06-30T17:40:58.8913759+08:00	UnknownJobId_0891590159		Compiler	ScopeBackEndRunner	Execute	Total output file count: 2
2021-06-30T17:40:58.8933757+08:00	UnknownJobId_0891590159		Compiler	ScopeBackEndRunner	BackEndRun	Starting BackEndRun...
2021-06-30T17:40:59.0053767+08:00	UnknownJobId_0891590159	0.0000	UserCode	DefaultTextExtractor	AtomicFileProcessing	() =>	False
2021-06-30T17:40:59.0933942+08:00	UnknownJobId_0891590159	0.0020	UserCode	DefaultTextExtractor	UdoProperties	() =>	null
2021-06-30T17:40:59.1113951+08:00	UnknownJobId_0891590159	0.0000	UserCode	DefaultTextExtractor	AtomicFileProcessing	() =>	False
2021-06-30T17:40:59.1113951+08:00	UnknownJobId_0891590159	0.0000	UserCode	DefaultTextExtractor	AtomicFileProcessing	() =>	False
2021-06-30T17:40:59.1583930+08:00	UnknownJobId_0891590159	0.0000	UserCode	DefaultTextExtractor	UdoProperties	() =>	null
2021-06-30T17:40:59.1583930+08:00	UnknownJobId_0891590159	0.0000	UserCode	DefaultTextExtractor	AtomicFileProcessing	() =>	False
2021-06-30T17:40:59.1583930+08:00	UnknownJobId_0891590159	0.0000	UserCode	DefaultTextExtractor	AtomicFileProcessing	() =>	False
2021-06-30T17:40:59.1673942+08:00	UnknownJobId_0891590159	0.0000	UserCode	DefaultTextExtractor	UdoProperties	() =>	null
2021-06-30T17:40:59.1673942+08:00	UnknownJobId_0891590159	0.0000	UserCode	DefaultTextExtractor	AtomicFileProcessing	() =>	False
2021-06-30T17:40:59.1673942+08:00	UnknownJobId_0891590159	0.0000	UserCode	DefaultTextExtractor	AtomicFileProcessing	() =>	False
2021-06-30T17:40:59.1803939+08:00	UnknownJobId_0891590159	0.2864	Compiler	ScopeBackEndRunner	PostprocessStageModel	Algebra and managed code generation finished.
2021-06-30T17:40:59.1803939+08:00	UnknownJobId_0891590159	4.0830	Compiler	ScopeBackEndRunner	BackEndRun	*** Exiting post-optimization
2021-06-30T17:40:59.2063796+08:00	UnknownJobId_0891590159	0.0227	Compiler	ScopeLocalResourceStorage	AddGeneratedFile	(path:"D:\Sharing\Scope2015\Sample_1\Sample_1\bin\Debug\FEB18BC62E9A8FD3\Scope_C74FEC5E34835C21\__SStreamInfo__.xml",type:SStreamInfo) =>	null
2021-06-30T17:40:59.2243794+08:00	UnknownJobId_0891590159	0.0285	Compiler	ScopeLocalResourceStorage	AddGeneratedFile	(path:"D:\Sharing\Scope2015\Sample_1\Sample_1\bin\Debug\FEB18BC62E9A8FD3\Scope_C74FEC5E34835C21\PartitionLastRows.bin",type:VertexPartitionSpec) =>	null
2021-06-30T17:40:59.2243794+08:00	UnknownJobId_0891590159	0.0162	Compiler	ScopeBackEndRunner	BackEndRun	C# code emission finished.
2021-06-30T17:40:59.2303792+08:00	UnknownJobId_0891590159	0.0101	Compiler	ScopeLocalResourceStorage	AddGeneratedFile	(path:"D:\Sharing\Scope2015\Sample_1\Sample_1\bin\Debug\FEB18BC62E9A8FD3\Scope_C74FEC5E34835C21\__ScopeDiagnosisInfo__.xml",type:StatisticsResource) =>	null
2021-06-30T17:40:59.2303792+08:00	UnknownJobId_0891590159	0.0074	Compiler	ScopeLocalResourceStorage	AddGeneratedFile	(path:"D:\Sharing\Scope2015\Sample_1\Sample_1\bin\Debug\FEB18BC62E9A8FD3\Scope_C74FEC5E34835C21\9.userdata",type:VertexPartitionSpec) =>	null
2021-06-30T17:40:59.2313790+08:00	UnknownJobId_0891590159	0.0160	Compiler	ScopeLocalResourceStorage	AddGeneratedFile	(path:"D:\Sharing\Scope2015\Sample_1\Sample_1\bin\Debug\FEB18BC62E9A8FD3\Scope_C74FEC5E34835C21\ScopeScript.xml",type:StatisticsResource) =>	null
2021-06-30T17:40:59.2313790+08:00	UnknownJobId_0891590159	0.0470	Compiler	ScopeLocalResourceStorage	AddGeneratedFile	(path:"D:\Sharing\Scope2015\Sample_1\Sample_1\bin\Debug\FEB18BC62E9A8FD3\Scope_C74FEC5E34835C21\ScopeVertexDef.xml",type:VertexDef) =>	null
2021-06-30T17:40:59.6334005+08:00	UnknownJobId_0891590159	0.0001	UserCode	DefaultTextExtractor	AtomicFileProcessing	() =>	False
2021-06-30T17:40:59.7054015+08:00	UnknownJobId_0891590159	0.4783	Compiler	ScopeBackEndRunner	GenerateCppCode	C++ CodeGen finished.
2021-06-30T17:41:06.5073251+08:00	UnknownJobId_0891590159	6.7988	Compiler	ScopeBackEndRunner	BuildGeneratedCode	Generated Code Compilation finished.
2021-06-30T17:41:06.5083255+08:00	UnknownJobId_0891590159	7.6150	Compiler	ScopeBackEndRunner	BackEndRun	Finished BackEndRun...
2021-06-30T17:41:06.5173060+08:00	UnknownJobId_0891590159	0.0089	Compiler	ScopeLocalResourceStorage	AddGeneratedFile	(path:"D:\Sharing\Scope2015\Sample_1\Sample_1\bin\Debug\FEB18BC62E9A8FD3\Scope_C74FEC5E34835C21\__ScopeInternalInfo__.xml",type:OptPlanInfo) =>	null
2021-06-30T17:41:06.5213073+08:00	UnknownJobId_0891590159		Compiler	DeepCompilePipeline	FinalizeArtifacts	Starting Compiler Artifacts Finalization...
2021-06-30T17:41:06.5863045+08:00	UnknownJobId_0891590159	0.0000	UserCode	DefaultTextExtractor	UdoProperties	() =>	null
2021-06-30T17:41:06.5873053+08:00	UnknownJobId_0891590159	0.0000	UserCode	DefaultTextExtractor	UdoProperties	() =>	null
2021-06-30T17:41:06.6053057+08:00	UnknownJobId_0891590159	0.0000	UserCode	DefaultTextExtractor	AtomicFileProcessing	() =>	False
2021-06-30T17:41:06.6053057+08:00	UnknownJobId_0891590159	0.0000	UserCode	DefaultTextExtractor	AtomicFileProcessing	() =>	False
2021-06-30T17:41:06.6223060+08:00	UnknownJobId_0891590159	0.1134	Compiler	ScopeLocalResourceStorage	AddGeneratedFile	(path:"D:\Sharing\Scope2015\Sample_1\Sample_1\bin\Debug\FEB18BC62E9A8FD3\Scope_C74FEC5E34835C21\__script__.abr",type:Algebra) =>	null
2021-06-30T17:41:06.6233067+08:00	UnknownJobId_0891590159	0.0008	Compiler	ScopeLocalResourceStorage	AddGeneratedFile	(path:"D:\Sharing\Scope2015\Sample_1\Sample_1\bin\Debug\FEB18BC62E9A8FD3\Scope_C74FEC5E34835C21\__CompilerTimers.xml",type:CompilerTimers) =>	null
2021-06-30T17:41:06.6333065+08:00	UnknownJobId_0891590159		Compiler	DeepCompilePipeline	FinalizeArtifacts	Finished Compiler Artifacts Finalization...
2021-06-30T17:41:06.6333065+08:00	UnknownJobId_0891590159		Compiler	DeepCompilePipeline	DoCompile	Finished compilation!
2021-06-30T17:41:06.6353271+08:00	UnknownJobId_0891590159		Compiler	DeepCompilePipeline	FinalizeCompilation	Start compilation finalization...
2021-06-30T17:41:06.6403064+08:00	UnknownJobId_0891590159		Compiler	DeepCompilePipeline	DisposeCompiler	Start disposing the compiler...
2021-06-30T17:41:06.6423066+08:00	UnknownJobId_0891590159		Compiler	ScopeSStreamMetadataManager	Cleanup	Cancelling any ongoing requests
2021-06-30T17:41:06.6433062+08:00	UnknownJobId_0891590159		Compiler	DeepCompilePipeline	DisposeCompiler	Finished compilation finalization
2021-06-30T17:41:06.6433062+08:00	UnknownJobId_0891590159	11.5459	Compiler	DeepCompilePipeline	FinalizeCompilation	End Compilation
2021-06-30T17:41:06.6473066+08:00	UnknownJobId_0891590159		Compiler	DeepCompilePipeline	WriteTimers	COMPILATIONTIME|JobId:|FriendlyName:|Mode:Default|Overall: 11.5s 6.1cpu|FrontEndRun: 1.7s 3.0cpu|RoslynTimers: 29x 2.3s 79.0ms/x 2.0cpu|Preprocessing: 0.1s 0.3cpu|OptimizerRun: 0.5s 0.6cpu|BackEndRun: 7.6s 1.0cpu|ExternalTimers: 34x 0.1s 2.0ms/x 0.1cpu
2021-06-30T17:41:06.6483053+08:00	UnknownJobId_0891590159		Compiler	DeepCompilePipeline	WriteTimers	FrontEndTimers|FrontEndRun: 1.7s 3.0cpu|AssemblyResolverPass:|AstBuilder: 0.7s 1.6cpu|BinderPass: 0.5s 0.5cpu|ClassifierPass:|DdlResolver: 0.1s 0.2cpu|ErrorReporterPass:|ProcessUsingsPass:|InputOutputPass: 0.1s 0.1cpu|GenerateOptTreePass: 0.1s 0.1cpu|GeneratedFilesAsync: 11x 0.2s 20.0ms/x 0.5cpu wait 0.1s|Parser: 0.2s 0.3cpu|ReferenceLoading:|ResourceReferencePass:|ResourcesDownloading: 0.3s 0.6cpu|SemanticAnalyzerPass:|SyntaxVerifier: 0.3s 0.6cpu|TraceFile: 98x 0.1s 0.1cpu|ViewResolver: 2x 4.0ms/x
2021-06-30T17:41:06.6493045+08:00	UnknownJobId_0891590159		Compiler	DeepCompilePipeline	WriteTimers	RoslynTimers|RoslynBinding: 2x 0.4s 179.0ms/x 0.4cpu|RoslynEnvironmentAsync: 0.9s 0.6cpu|RoslynFirstCall: 0.4s 0.4cpu|ConstantFolding: 2x 8.0ms/x|RoslynParsing: 2x 0.1s 36.0ms/x 0.1cpu|RoslynPostBind: 2x 0.2s 79.0ms/x 0.2cpu|RoslynPreBind: 2x 24.0ms/x|RoslynSemantic: 2x 0.1s 33.0ms/x 0.1cpu|SimpleLiteralBinding: 4x|NonRoslynBinding: 2x 7.0ms/x|ExpressionAnnotation: 2x 22.0ms/x|ExpressionAnnotationSemantic: 4x 10.0ms/x|CreateSemanticModel: 3x 0.3s 87.0ms/x 0.2cpu
2021-06-30T17:41:06.6493045+08:00	UnknownJobId_0891590159		Compiler	DeepCompilePipeline	WriteTimers	PreProcessorTimers|PreProcessorParser:|Preprocessing: 0.1s 0.3cpu
2021-06-30T17:41:06.6493045+08:00	UnknownJobId_0891590159		Compiler	DeepCompilePipeline	WriteTimers	OptimizerTimers|OptimizerRun: 0.5s 0.6cpu|OptimizerWait:|ComputeSignature:|CreateSplitsOrSpools: 0.1s 0.1cpu|PostProcessExecutionPlan:|CreateWhereSelectEnumerators:|ComputePayloadMetadata:|SStreamStageProcessing:|ValidateStages:|CompileToAlgebra: 0.1s 0.1cpu|EstimateMemorySize: 3x 9.0ms/x|CalculateBubbles:
2021-06-30T17:41:06.6493045+08:00	UnknownJobId_0891590159		Compiler	DeepCompilePipeline	WriteTimers	BackendTimers|BackEndRun: 7.6s 1.0cpu|AdornAllWithMemoryModel: 3x 0.1s 18.0ms/x|AlgebraAndManagedCodeGen: 0.3s 0.3cpu|AnnotateIntermediateResults:|CodeCompiling: 6.8s 0.2cpu|CodeGeneration: 0.5s 0.5cpu|CppCompilationNative: 2.8s|CppLinking: 0.4s|CreateCppReadyStage:|CSharpCompilation: 3.5s 0.1cpu|ManagedCodeEmission:|NativeCodeGeneration: 0.5s 0.5cpu
2021-06-30T17:41:06.6493045+08:00	UnknownJobId_0891590159		Compiler	DeepCompilePipeline	WriteTimers	ExternalTimers|PlaybackAsync: 2x 23.0ms/x 0.1cpu|UserCode: 32x 1.0ms/x
