2021-08-18T15:22:36.2037993+08:00	UnknownJobId_0187556255	0.0370	CFE	VC	SetupAadCredentials	(vcName:"https://cosmos09.osdinfra.net/cosmos/cosmosAdmin",proxy:"<noproxy>",restClientCredentials:Microsoft.Rest.TokenCredentials) =>	null
2021-08-18T15:22:36.2477994+08:00	UnknownJobId_0187556255	0.0024	Compiler	ScopeRoslynBinder	BuildScriptEnvironment	Starting
2021-08-18T15:22:36.3607720+08:00	UnknownJobId_0187556255		Compiler	ScopeSubmissionCompilePipeline	InitializeCompiler	Start Compilation: JobId=, HostEnvironment=CCS, HostMachineName=V-HOZHAO19, ApplicationId=, CompilerStartTime=2021-08-18T07:22:36.1467958Z, CompileOnVC = False, DataRoot = https://cosmos09.osdinfra.net/cosmos/cosmosAdmin, Version = 10.2.2.0
2021-08-18T15:22:36.3607720+08:00	UnknownJobId_0187556255		Compiler	ScopeSubmissionCompilePipeline	InitializeCompiler	CommandLine =>	""c:\program files (x86)\microsoft visual studio\2017\enterprise\common7\ide\extensions\microsoft\scopestudio\3.1.0000.1\SubmitHost.exe" b5b5b58e-22a0-405a-83ca-535ddd3adf4f 12244 False C:\Users\v-hozhao\AppData\Local\Temp\DataLakeTemp"
2021-08-18T15:22:36.3617724+08:00	UnknownJobId_0187556255		Compiler	ScopeSubmissionCompilePipeline	InitializeCompiler	Settings =>	{DataRoot:https://cosmos09.osdinfra.net/cosmos/cosmosAdmin,ResolverTypeForResource:Local,ResolverTypeForInput:RemoteRoot,ResolverTypeForOutput:Dummy,SecureInfoFile:null,SecurityKeyInfo:byte[2002],NebulaCommandLine:-c++ -Inputs D:\Scope2015\ReferemceSample\ReferemceSample\bin\Debug\Scope.script -off EnableScopeDdl -on EnableScopeDml -on EnableSStreamContractV4 -on UseAadAuthentication -ClientVersion 10.2.2.0}
2021-08-18T15:22:36.3717739+08:00	UnknownJobId_0187556255		Compiler	ScopeSubmissionCompilePipeline	InitializeCompiler	Stack =>	"   at ScopeCompiler.Dependencies.Cosmos.ParseSandboxer.CompileInSeparateAppDomain(String[] scripts, Settings settings)\r\n   at ScopeCompiler.Parser.FullParse(String[] scripts, String filePath, CompilerEnvironment environment, Settings settings, Func`4 funcParse, String nebulaCommandLine)\r\n   at ScopeCompiler.Dependencies.Cosmos.ParseSandboxer.FullParseInSeparateAppDomain(String[] scripts, String filePath, Settings settings)\r\n   at ScopeClient.Scope.PreCompileForSubmit(Settings compSet, String tempDirectory, String forceResourcePathSearchList, Dictionary`2 parameters, String[] scopeScriptFileNames, String[]& filesAfterApplyingOldParams)\r\n   at ScopeClient.ScopeStudio.ScopeStudioInterface.DoPreSubmit(Dictionary`2 parameters, Int32 version, Action`3 afterPrepareInfo, List`1& warnings)\r\n   at ScopeClient.ScopeStudio.ScopeStudioInterface.PreSubmit(Dictionary`2 parameters, Int32 version, String& parserInformationKey, List`1& warnings)\r\n   at System.RuntimeMethodHandle.InvokeMethod(Object target, Object[] arguments, Signature sig, Boolean constructor)\r\n   at System.Reflection.RuntimeMethodInfo.UnsafeInvokeInternal(Object obj, Object[] parameters, Object[] arguments)\r\n   at System.Reflection.RuntimeMethodInfo.Invoke(Object obj, BindingFlags invokeAttr, Binder binder, Object[] parameters, CultureInfo culture)\r\n   at System.RuntimeType.InvokeMember(String name, BindingFlags bindingFlags, Binder binder, Object target, Object[] providedArgs, ParameterModifier[] modifiers, CultureInfo culture, String[] namedParams)\r\n   at Microsoft.Cosmos.ScopeStudio.BusinessObjects.Common.CompilerProxy.DoInvork(String method, Object[] parameters, String outputXmlFileName)\r\n   at Microsoft.Cosmos.ScopeStudio.BusinessObjects.Common.CompilerProxy.PreSubmit(Int32 version, Dictionary`2 parameters, String outputXmlFileName, String& parserInformationKey, List`1& warnings)\r\n   at System.Runtime.Remoting.Messaging.StackBuilderSink._PrivateProcessMessage(IntPtr md, Object[] args, Object server, Object[]& outArgs)\r\n   at System.Runtime.Remoting.Messaging.StackBuilderSink.SyncProcessMessage(IMessage msg)\r\n   at System.Runtime.Remoting.Messaging.ServerObjectTerminatorSink.SyncProcessMessage(IMessage reqMsg)\r\n   at System.Runtime.Remoting.Messaging.ServerContextTerminatorSink.SyncProcessMessage(IMessage reqMsg)\r\n   at System.Runtime.Remoting.Channels.CrossContextChannel.SyncProcessMessageCallback(Object[] args)\r\n   at System.Threading.Thread.InternalCrossContextCallback(Context ctx, IntPtr ctxID, Int32 appDomainID, InternalCrossContextDelegate ftnToCall, Object[] args)\r\n   at System.Runtime.Remoting.Channels.CrossContextChannel.SyncProcessMessage(IMessage reqMsg)\r\n   at System.Runtime.Remoting.Channels.ChannelServices.SyncDispatchMessage(IMessage msg)\r\n   at System.Runtime.Remoting.Channels.CrossAppDomainSink.DoDispatch(Byte[] reqStmBuff, SmuggledMethodCallMessage smuggledMcm, SmuggledMethodReturnMessage& smuggledMrm)\r\n   at System.Runtime.Remoting.Channels.CrossAppDomainSink.DoTransitionDispatchCallback(Object[] args)\r\n"
2021-08-18T15:22:36.3777727+08:00	UnknownJobId_0187556255		Compiler	ScopeSubmissionCompilePipeline	BeforeCompile	Client Version: 10.2.2.0
2021-08-18T15:22:36.3777727+08:00	UnknownJobId_0187556255		Compiler	ScopeSubmissionCompilePipeline	BeforeCompile	Target: Cluster
2021-08-18T15:22:36.3787728+08:00	UnknownJobId_0187556255		Compiler	ScopeSubmissionCompilePipeline	BeforeCompile	Stat: SimulateLarge
2021-08-18T15:22:36.3787728+08:00	UnknownJobId_0187556255		Compiler	ScopeSubmissionCompilePipeline	BeforeCompile	SkipPath: True
2021-08-18T15:22:36.3887726+08:00	UnknownJobId_0187556255		Compiler	ScopeFrontEndRunner	Execute	Starting FrontEndRun...
2021-08-18T15:22:36.4378056+08:00	UnknownJobId_0187556255	0.1925	Compiler	ScopeRoslynBinder	BuildScriptEnvironment	Finished
2021-08-18T15:22:36.8647892+08:00	UnknownJobId_0187556255	0.1977	Compiler	ScopeLocalCompileStrategy	ExecuteCompilePass	SyntaxVerifier	Scope.script
2021-08-18T15:22:38.6518943+08:00	UnknownJobId_0187556255	1.6274	CFE	VC	GetStreamInfo	(stream:"https://cosmos09.osdinfra.net/cosmos/cosmosAdmin/users/v-hozhao/ClusterReference/MyHelper.dll",compression:False,allowIncompleteStream:True) =>	VcClient.StreamInfo
2021-08-18T15:22:38.6649329+08:00	UnknownJobId_0187556255	1.7932	Compiler	ScopeLocalCompileStrategy	ExecuteCompilePass	DdlResolver	Scope.script
2021-08-18T15:22:38.6678965+08:00	UnknownJobId_0187556255	0.0026	Compiler	ScopeLocalCompileStrategy	ExecuteCompilePass	ViewResolver	Scope.script
2021-08-18T15:22:38.6678965+08:00	UnknownJobId_0187556255	2.2673	Compiler	ScopeLocalCompileStrategy	ExecuteCompilePass	AstBuilder	Scope.script
2021-08-18T15:22:38.6719259+08:00	UnknownJobId_0187556255	0.0038	Compiler	ScopeLocalCompileStrategy	ExecuteCompilePass	ViewResolver	Scope.script
2021-08-18T15:22:38.6739553+08:00	UnknownJobId_0187556255	0.0005	Compiler	ScopeLocalCompileStrategy	ExecuteCompilePass	ClassifierPass	Scope.script
2021-08-18T15:22:38.6779971+08:00	UnknownJobId_0187556255	0.0036	Compiler	ScopeLocalCompileStrategy	ExecuteCompilePass	AssemblyResolverPass	Scope.script
2021-08-18T15:22:38.6820069+08:00	UnknownJobId_0187556255	0.0042	Compiler	ScopeLocalCompileStrategy	ExecuteCompilePass	ResourceReferencePass	Scope.script
2021-08-18T15:22:38.6929947+08:00	UnknownJobId_0187556255		Compiler	ScopeSubmissionCompilePipeline	FinalizeArtifacts	Starting Compiler Artifacts Finalization...
2021-08-18T15:22:38.6989637+08:00	UnknownJobId_0187556255	0.0037	Compiler	ScopeLocalResourceStorage	AddGeneratedFile	(path:"D:\Scope2015\ReferemceSample\ReferemceSample\bin\Debug\2A88ADA525EEDB97\Scope_65B6BF14AFEC9407\__CompilerTimers.xml",type:CompilerTimers) =>	null
2021-08-18T15:22:38.6999667+08:00	UnknownJobId_0187556255	0.0007	Compiler	ScopeLocalResourceStorage	AddGeneratedFile	(path:"D:\Scope2015\ReferemceSample\ReferemceSample\bin\Debug\2A88ADA525EEDB97\Scope_65B6BF14AFEC9407\__CompilerTimers.xml",type:CompilerTimers) =>	null
2021-08-18T15:22:38.7049634+08:00	UnknownJobId_0187556255		Compiler	ScopeSubmissionCompilePipeline	FinalizeArtifacts	Finished Compiler Artifacts Finalization...
2021-08-18T15:22:38.7049634+08:00	UnknownJobId_0187556255		Compiler	ScopeSubmissionCompilePipeline	DoCompile	Finished compilation!
2021-08-18T15:22:38.7059971+08:00	UnknownJobId_0187556255		Compiler	ScopeSubmissionCompilePipeline	FinalizeCompilation	Start compilation finalization...
2021-08-18T15:22:38.7099965+08:00	UnknownJobId_0187556255		Compiler	ScopeSubmissionCompilePipeline	DisposeCompiler	Start disposing the compiler...
2021-08-18T15:22:38.7109964+08:00	UnknownJobId_0187556255		Compiler	ScopeSStreamMetadataManager	Cleanup	Cancelling any ongoing requests
2021-08-18T15:22:38.7119968+08:00	UnknownJobId_0187556255		Compiler	ScopeSubmissionCompilePipeline	DisposeCompiler	Finished compilation finalization
2021-08-18T15:22:38.7119968+08:00	UnknownJobId_0187556255	2.5656	Compiler	ScopeSubmissionCompilePipeline	FinalizeCompilation	End Compilation
2021-08-18T15:22:38.7149643+08:00	UnknownJobId_0187556255		Compiler	ScopeSubmissionCompilePipeline	WriteTimers	COMPILATIONTIME|JobId:|FriendlyName:|Mode:Default|Overall: 2.6s 4.2cpu|FrontEndRun: 2.3s|RoslynTimers: 6x 0.3s 50.0ms/x 0.6cpu|Preprocessing: 0.1s 0.3cpu|ExternalTimers: 2x 1.7s 832.0ms/x 2.6cpu
2021-08-18T15:22:38.7159950+08:00	UnknownJobId_0187556255		Compiler	ScopeSubmissionCompilePipeline	WriteTimers	FrontEndTimers|FrontEndRun: 2.3s|AssemblyResolverPass:|AstBuilder: 2.3s 3.7cpu|ClassifierPass:|DdlResolver: 1.8s 2.8cpu|GeneratedFilesAsync:|Parser: 0.1s 0.2cpu|ResourceReferencePass:|SyntaxVerifier: 0.2s 0.4cpu|TraceFile: 32x|ViewResolver: 2x 3.0ms/x
2021-08-18T15:22:38.7159950+08:00	UnknownJobId_0187556255		Compiler	ScopeSubmissionCompilePipeline	WriteTimers	RoslynTimers|RoslynEnvironmentAsync: 0.2s 0.4cpu|SimpleLiteralBinding: 4x|CreateSemanticModel: 0.1s 0.2cpu
2021-08-18T15:22:38.7159950+08:00	UnknownJobId_0187556255		Compiler	ScopeSubmissionCompilePipeline	WriteTimers	PreProcessorTimers|ExpressionProcessors:|PreProcessorParser:|Preprocessing: 0.1s 0.3cpu
2021-08-18T15:22:38.7169652+08:00	UnknownJobId_0187556255		Compiler	ScopeSubmissionCompilePipeline	WriteTimers	OptimizerTimers
2021-08-18T15:22:38.7169652+08:00	UnknownJobId_0187556255		Compiler	ScopeSubmissionCompilePipeline	WriteTimers	BackendTimers
2021-08-18T15:22:38.7169652+08:00	UnknownJobId_0187556255		Compiler	ScopeSubmissionCompilePipeline	WriteTimers	ExternalTimers|VcClient: 2x 1.7s 832.0ms/x 2.6cpu
