2021-06-30T17:41:12.3933371+08:00	UnknownJobId_1198972398	0.0200	Compiler	ScopeRoslynBinder	BuildScriptEnvironment	Starting
2021-06-30T17:41:12.5473588+08:00	UnknownJobId_1198972398		Compiler	DeepCompilePipeline	InitializeCompiler	Start Compilation: JobId=, HostEnvironment=CCS, HostMachineName=V-HOZHAO, ApplicationId=, CompilerStartTime=2021-06-30T09:41:12.3023375Z, CompileOnVC = False, DataRoot = adl://adityasatest1.azuredatalakestore.net, Version = 10.2.2.0
2021-06-30T17:41:12.5483592+08:00	UnknownJobId_1198972398		Compiler	DeepCompilePipeline	InitializeCompiler	CommandLine =>	""c:\program files (x86)\microsoft visual studio\2017\enterprise\common7\ide\extensions\microsoft\scopestudio\2.7.0000.7\CompilerHost.exe" 95dacffb-8c52-4144-b03d-b79254935ad1 768 False C:\Users\v-hozhao\AppData\Local\Temp\DataLakeTemp"
2021-06-30T17:41:12.5503589+08:00	UnknownJobId_1198972398		Compiler	DeepCompilePipeline	InitializeCompiler	Settings =>	{DataRoot:adl://adityasatest1.azuredatalakestore.net,ResolverTypeForResource:Local,ResolverTypeForInput:InputPath,ResolverTypeForOutput:OutputPath,SecureInfoFile:null,SecurityKeyInfo:byte[2036],NebulaCommandLine:-c++ -ApCluster defaultApCluster -ApEnvironment defaultApEnvironment -CosmosCluster default -Inputs D:\Sharing\Scope2015\Sample_1\Sample_1\bin\Debug\bin\Debug\Scope.script.Debug.script -Debug -pdb Full -on ADL -on ReflectStageToScript -on EnableScopeDml -on EnableSStreamContractV4 -on EnableScopeDdl -ClientVersion 10.2.2.0}
2021-06-30T17:41:12.5653385+08:00	UnknownJobId_1198972398		Compiler	DeepCompilePipeline	InitializeCompiler	Stack =>	"   at ScopeCompiler.Dependencies.Cosmos.ParseSandboxer.CompileInSeparateAppDomain(String[] scripts, Settings settings)\r\n   at ScopeCompiler.Parser.FullParse(String[] scripts, String filePath, CompilerEnvironment environment, Settings settings, Func`4 funcParse, String nebulaCommandLine)\r\n   at ScopeCompiler.Dependencies.Cosmos.ParseSandboxer.FullParseInSeparateAppDomain(String[] scripts, String filePath, Settings settings)\r\n   at ScopeClient.Scope.TryToParse(String[] scripts, String scriptFileName, Settings compSet, CompilerEnvironment enviroment, ParseInformation& info)\r\n   at ScopeClient.Scope.PrivateCompileSuppressException(Settings compSet, CompilerSwitches compilerSwitches, CompilerEnvironment environment, String outputXmlFileName, Dictionary`2 parameters, Boolean isParseOnly, Boolean verbose)\r\n   at ScopeClient.ScopeStudio.ScopeStudioInterface.Compile(Dictionary`2 parameters, Int32 version)\r\n   at System.RuntimeMethodHandle.InvokeMethod(Object target, Object[] arguments, Signature sig, Boolean constructor)\r\n   at System.Reflection.RuntimeMethodInfo.UnsafeInvokeInternal(Object obj, Object[] parameters, Object[] arguments)\r\n   at System.Reflection.RuntimeMethodInfo.Invoke(Object obj, BindingFlags invokeAttr, Binder binder, Object[] parameters, CultureInfo culture)\r\n   at System.RuntimeType.InvokeMember(String name, BindingFlags bindingFlags, Binder binder, Object target, Object[] providedArgs, ParameterModifier[] modifiers, CultureInfo culture, String[] namedParams)\r\n   at Microsoft.Cosmos.ScopeStudio.BusinessObjects.Common.CompilerProxy.DoInvork(String method, Object[] parameters, String outputXmlFileName)\r\n"
2021-06-30T17:41:12.5733602+08:00	UnknownJobId_1198972398		Compiler	DeepCompilePipeline	BeforeCompile	Client Version: 10.2.2.0
2021-06-30T17:41:12.5733602+08:00	UnknownJobId_1198972398		Compiler	DeepCompilePipeline	BeforeCompile	Target: SingleBox
2021-06-30T17:41:12.5743583+08:00	UnknownJobId_1198972398		Compiler	DeepCompilePipeline	BeforeCompile	Stat: FetchReal
2021-06-30T17:41:12.5743583+08:00	UnknownJobId_1198972398		Compiler	DeepCompilePipeline	BeforeCompile	SkipPath: False
2021-06-30T17:41:12.5913392+08:00	UnknownJobId_1198972398		Compiler	ScopeFrontEndRunner	Execute	Starting FrontEndRun...
2021-06-30T17:41:12.6833373+08:00	UnknownJobId_1198972398	0.3111	Compiler	ScopeRoslynBinder	BuildScriptEnvironment	Finished
2021-06-30T17:41:13.2213428+08:00	UnknownJobId_1198972398	0.2522	Compiler	ScopeLocalCompileStrategy	ExecuteCompilePass	SyntaxVerifier	Scope.script.Debug.script
2021-06-30T17:41:13.2983434+08:00	UnknownJobId_1198972398	0.0679	Compiler	ScopeLocalCompileStrategy	ExecuteCompilePass	DdlResolver	Scope.script.Debug.script
2021-06-30T17:41:13.3033621+08:00	UnknownJobId_1198972398	0.0035	Compiler	ScopeLocalCompileStrategy	ExecuteCompilePass	ViewResolver	Scope.script.Debug.script
2021-06-30T17:41:13.3033621+08:00	UnknownJobId_1198972398	0.6930	Compiler	ScopeLocalCompileStrategy	ExecuteCompilePass	AstBuilder	Scope.script.Debug.script
2021-06-30T17:41:13.3093445+08:00	UnknownJobId_1198972398	0.0052	Compiler	ScopeLocalCompileStrategy	ExecuteCompilePass	ViewResolver	Scope.script.Debug.script
2021-06-30T17:41:13.3103426+08:00	UnknownJobId_1198972398	0.0007	Compiler	ScopeLocalCompileStrategy	ExecuteCompilePass	ClassifierPass	Scope.script.Debug.script
2021-06-30T17:41:13.3183420+08:00	UnknownJobId_1198972398	0.0066	Compiler	ScopeLocalCompileStrategy	ExecuteCompilePass	AssemblyResolverPass	Scope.script.Debug.script
2021-06-30T17:41:13.3253423+08:00	UnknownJobId_1198972398	0.0062	Compiler	ScopeLocalCompileStrategy	ExecuteCompilePass	ResourceReferencePass	Scope.script.Debug.script
2021-06-30T17:41:13.3293480+08:00	UnknownJobId_1198972398		Compiler	ScopeLocalResourceStorage	DownloadResources	Resources to download =>	[/*count:1*/{fileMetadata: {VirtualPath:'c:\program files (x86)\microsoft visual studio\2017\enterprise\common7\ide\extensions\microsoft\scopestudio\2.7.0000.7\ScopeStudioDebugRuntime.dll',PhysicalPath:'c:\program files (x86)\microsoft visual studio\2017\enterprise\common7\ide\extensions\microsoft\scopestudio\2.7.0000.7\ScopeStudioDebugRuntime.dll',VirtualColumnValues:'[]'}, cachePath: D:\Sharing\Scope2015\Sample_1\Sample_1\bin\Debug\FEB18BC62E9A8FD3\Scope.script.Debug_B53E688581CAA5B0\ScopeStudioDebugRuntime.dll}]
2021-06-30T17:41:13.3353636+08:00	UnknownJobId_1198972398		Compiler	ScopeLocalResourceStorage	RequiresDownload	RequiresDownload: true, Reason: resource not in cache =>	{fileMetadata: {VirtualPath:'c:\program files (x86)\microsoft visual studio\2017\enterprise\common7\ide\extensions\microsoft\scopestudio\2.7.0000.7\ScopeStudioDebugRuntime.dll',PhysicalPath:'c:\program files (x86)\microsoft visual studio\2017\enterprise\common7\ide\extensions\microsoft\scopestudio\2.7.0000.7\ScopeStudioDebugRuntime.dll',VirtualColumnValues:'[]'}, cachePath: D:\Sharing\Scope2015\Sample_1\Sample_1\bin\Debug\FEB18BC62E9A8FD3\Scope.script.Debug_B53E688581CAA5B0\ScopeStudioDebugRuntime.dll}
2021-06-30T17:41:13.3373631+08:00	UnknownJobId_1198972398		Compiler	ResourceStorage	DownloadResourceAsyncImpl	Downloading c:\program files (x86)\microsoft visual studio\2017\enterprise\common7\ide\extensions\microsoft\scopestudio\2.7.0000.7\ScopeStudioDebugRuntime.dll to D:\Sharing\Scope2015\Sample_1\Sample_1\bin\Debug\FEB18BC62E9A8FD3\Scope.script.Debug_B53E688581CAA5B0\ScopeStudioDebugRuntime.dll.
2021-06-30T17:41:13.3653432+08:00	UnknownJobId_1198972398		Compiler	LocalStoreProxy	DownloadFileAsyncImpl	Total bytes downloaded for c:\program files (x86)\microsoft visual studio\2017\enterprise\common7\ide\extensions\microsoft\scopestudio\2.7.0000.7\ScopeStudioDebugRuntime.dll =>	14752
2021-06-30T17:41:13.4193433+08:00	UnknownJobId_1198972398	0.0008	Compiler	ScopeLocalCompileStrategy	ExecuteCompilePass	ProcessUsingsPass	Scope.script.Debug.script
2021-06-30T17:41:13.4713439+08:00	UnknownJobId_1198972398	0.0006	Compiler	FileSetExpander	ExpandAsync	(inputFileSet:"D:\Sharing\Scope2015\Sample_1\Sample_1\users\v-hozhao\SampleScope\SearchLog.txt") =>	"Starting..."
2021-06-30T17:41:13.5373447+08:00	UnknownJobId_1198972398		CqoCompilerCallback	FileSetPartitionEliminator	.ctor	ShouldEvaluatePredicate =>	False
2021-06-30T17:41:13.5393442+08:00	UnknownJobId_1198972398	0.0680	Compiler	FileSetExpander	ExpandAsync	(inputFileSet:"D:\Sharing\Scope2015\Sample_1\Sample_1\users\v-hozhao\SampleScope\SearchLog.txt") =>	"1 file(s)"
2021-06-30T17:41:13.5663438+08:00	UnknownJobId_1198972398	0.1452	Compiler	ScopeLocalCompileStrategy	ExecuteCompilePass	InputOutputPass	Scope.script.Debug.script
2021-06-30T17:41:14.3603576+08:00	UnknownJobId_1198972398	0.0007	UserCode	<>c__DisplayClass106_0`1	Constructor	() =>	ScopeRuntime.DefaultTextExtractor
2021-06-30T17:41:14.3643471+08:00	UnknownJobId_1198972398	0.0002	UserCode	DefaultTextExtractor	AtomicFileProcessing	() =>	False
2021-06-30T17:41:14.3823676+08:00	UnknownJobId_1198972398	0.0140	UserCode	DefaultTextExtractor	Produces	() =>	UserId:string,Start:string,Region:string,Query:string,Duration:string,Urls:string,ClickedUrls:string
2021-06-30T17:41:14.4203495+08:00	UnknownJobId_1198972398	0.0008	UserCode	<>c__DisplayClass106_0`1	Constructor	() =>	ScopeRuntime.DefaultTextOutputter
2021-06-30T17:41:14.4283585+08:00	UnknownJobId_1198972398	0.8608	Compiler	ScopeLocalCompileStrategy	ExecuteCompilePass	BinderPass	Scope.script.Debug.script
2021-06-30T17:41:14.4473681+08:00	UnknownJobId_1198972398	0.0169	Compiler	ScopeLocalCompileStrategy	ExecuteCompilePass	SemanticAnalyzerPass	Scope.script.Debug.script
2021-06-30T17:41:14.4663641+08:00	UnknownJobId_1198972398	0.0174	Compiler	ScopeLocalCompileStrategy	ExecuteCompilePass	ErrorReporterPass	Scope.script.Debug.script
2021-06-30T17:41:14.4673651+08:00	UnknownJobId_1198972398	1.8753	Compiler	ScopeFrontEndRunner	CleanUp	Finished FrontEndRun...
2021-06-30T17:41:14.4843491+08:00	UnknownJobId_1198972398		Compiler	ScopeBackEndRunner	OptimizerRun	Starting OptimizerRun...
2021-06-30T17:41:14.4933697+08:00	UnknownJobId_1198972398	0.0068	Compiler	ScopeLocalResourceStorage	AddGeneratedFile	(path:"D:\Sharing\Scope2015\Sample_1\Sample_1\bin\Debug\FEB18BC62E9A8FD3\Scope.script.Debug_B53E688581CAA5B0\__CompilerTimers.xml",type:CompilerTimers) =>	null
2021-06-30T17:41:14.5303642+08:00	UnknownJobId_1198972398	0.0002	UserCode	DefaultTextOutputter	AtomicFileProcessing	() =>	False
2021-06-30T17:41:14.5493643+08:00	UnknownJobId_1198972398	0.0599	Compiler	ScopeLocalCompileStrategy	ExecuteCompilePass	GenerateOptTreePass	Scope.script.Debug.script
2021-06-30T17:41:14.5613693+08:00	UnknownJobId_1198972398		Compiler	PlaybackDbWriter	SerializeSStreamMeta	SStreamMetadata converted to base64 string, size is4
2021-06-30T17:41:14.5793703+08:00	UnknownJobId_1198972398	0.0276	Compiler	ScopeLocalResourceStorage	AddGeneratedFile	(path:"D:\Sharing\Scope2015\Sample_1\Sample_1\bin\Debug\FEB18BC62E9A8FD3\Scope.script.Debug_B53E688581CAA5B0\ScopeInternalStatistics.xml",type:StatisticsResource, PlaybackDb) =>	null
2021-06-30T17:41:14.6513700+08:00	UnknownJobId_1198972398	0.0000	UserCode	DefaultTextExtractor	AtomicFileProcessing	() =>	False
2021-06-30T17:41:14.7153702+08:00	UnknownJobId_1198972398		Compiler	PlaybackDbWriter	SerializeSStreamMeta	SStreamMetadata converted to base64 string, size is4
2021-06-30T17:41:14.7163504+08:00	UnknownJobId_1198972398	0.0009	Compiler	ScopeLocalResourceStorage	AddGeneratedFile	(path:"D:\Sharing\Scope2015\Sample_1\Sample_1\bin\Debug\FEB18BC62E9A8FD3\Scope.script.Debug_B53E688581CAA5B0\__CompilerTimers.xml",type:CompilerTimers) =>	null
2021-06-30T17:41:14.7163504+08:00	UnknownJobId_1198972398	0.0011	Compiler	ScopeLocalResourceStorage	AddGeneratedFile	(path:"D:\Sharing\Scope2015\Sample_1\Sample_1\bin\Debug\FEB18BC62E9A8FD3\Scope.script.Debug_B53E688581CAA5B0\ScopeInternalStatistics.xml",type:StatisticsResource, PlaybackDb) =>	null
2021-06-30T17:41:14.7433511+08:00	UnknownJobId_1198972398	0.0001	UserCode	DefaultTextExtractor	AllowArgsInSignature	() =>	True
2021-06-30T17:41:14.7503505+08:00	UnknownJobId_1198972398	0.0348	Compiler	ScopeLocalResourceStorage	AddGeneratedFile	(path:"D:\Sharing\Scope2015\Sample_1\Sample_1\bin\Debug\FEB18BC62E9A8FD3\Scope.script.Debug_B53E688581CAA5B0\__Ast__.bin",type:StatisticsResource) =>	null
2021-06-30T17:41:14.7513496+08:00	UnknownJobId_1198972398	0.0000	UserCode	DefaultTextExtractor	AllowArgsInSignature	() =>	True
2021-06-30T17:41:14.7653703+08:00	UnknownJobId_1198972398	0.0002	UserCode	DefaultTextExtractor	AllowColumnPruning	() =>	True
2021-06-30T17:41:14.7653703+08:00	UnknownJobId_1198972398	0.0000	UserCode	DefaultTextExtractor	AllowColumnPruning	() =>	True
2021-06-30T17:41:14.7663705+08:00	UnknownJobId_1198972398	0.0000	UserCode	DefaultTextExtractor	AllowColumnPruning	() =>	True
2021-06-30T17:41:14.7663705+08:00	UnknownJobId_1198972398	0.0000	UserCode	DefaultTextExtractor	AllowColumnPruning	() =>	True
2021-06-30T17:41:14.7663705+08:00	UnknownJobId_1198972398	0.0000	UserCode	DefaultTextExtractor	AllowColumnPruning	() =>	True
2021-06-30T17:41:14.7663705+08:00	UnknownJobId_1198972398	0.0000	UserCode	DefaultTextExtractor	AllowColumnPruning	() =>	True
2021-06-30T17:41:14.7663705+08:00	UnknownJobId_1198972398	0.0000	UserCode	DefaultTextExtractor	AllowColumnPruning	() =>	True
2021-06-30T17:41:14.7673706+08:00	UnknownJobId_1198972398	0.0001	UserCode	DefaultTextExtractor	AllowFilterHinting	() =>	False
2021-06-30T17:41:14.7723498+08:00	UnknownJobId_1198972398	0.0001	UserCode	DefaultTextExtractor	RunSingleThreaded	() =>	False
2021-06-30T17:41:14.9293529+08:00	UnknownJobId_1198972398	0.3624	Compiler	TimedOptimizer	OptimizeImpl	CQO: Optimization succeeded.
2021-06-30T17:41:14.9293529+08:00	UnknownJobId_1198972398		Compiler	ScopeBackEndRunner	Execute	Total input file count: 1
2021-06-30T17:41:14.9293529+08:00	UnknownJobId_1198972398		Compiler	ScopeBackEndRunner	Execute	Total output file count: 2
2021-06-30T17:41:14.9323492+08:00	UnknownJobId_1198972398		Compiler	ScopeBackEndRunner	BackEndRun	Starting BackEndRun...
2021-06-30T17:41:15.0403519+08:00	UnknownJobId_1198972398	0.0004	UserCode	DefaultTextExtractor	AtomicFileProcessing	() =>	False
2021-06-30T17:41:15.1173718+08:00	UnknownJobId_1198972398	0.0019	UserCode	DefaultTextExtractor	UdoProperties	() =>	null
2021-06-30T17:41:15.1373524+08:00	UnknownJobId_1198972398	0.0000	UserCode	DefaultTextExtractor	AtomicFileProcessing	() =>	False
2021-06-30T17:41:15.1383732+08:00	UnknownJobId_1198972398	0.0000	UserCode	DefaultTextExtractor	AtomicFileProcessing	() =>	False
2021-06-30T17:41:15.1813527+08:00	UnknownJobId_1198972398	0.0000	UserCode	DefaultTextExtractor	UdoProperties	() =>	null
2021-06-30T17:41:15.1813527+08:00	UnknownJobId_1198972398	0.0000	UserCode	DefaultTextExtractor	AtomicFileProcessing	() =>	False
2021-06-30T17:41:15.1813527+08:00	UnknownJobId_1198972398	0.0000	UserCode	DefaultTextExtractor	AtomicFileProcessing	() =>	False
2021-06-30T17:41:15.1933681+08:00	UnknownJobId_1198972398	0.0000	UserCode	DefaultTextExtractor	UdoProperties	() =>	null
2021-06-30T17:41:15.1933681+08:00	UnknownJobId_1198972398	0.0000	UserCode	DefaultTextExtractor	AtomicFileProcessing	() =>	False
2021-06-30T17:41:15.1943677+08:00	UnknownJobId_1198972398	0.0000	UserCode	DefaultTextExtractor	AtomicFileProcessing	() =>	False
2021-06-30T17:41:15.2063650+08:00	UnknownJobId_1198972398	0.2732	Compiler	ScopeBackEndRunner	PostprocessStageModel	Algebra and managed code generation finished.
2021-06-30T17:41:15.2063650+08:00	UnknownJobId_1198972398	2.9033	Compiler	ScopeBackEndRunner	BackEndRun	*** Exiting post-optimization
2021-06-30T17:41:15.2133530+08:00	UnknownJobId_1198972398	0.0048	Compiler	ScopeLocalResourceStorage	AddGeneratedFile	(path:"D:\Sharing\Scope2015\Sample_1\Sample_1\bin\Debug\FEB18BC62E9A8FD3\Scope.script.Debug_B53E688581CAA5B0\__ScopeDiagnosisInfo__.xml",type:StatisticsResource) =>	null
2021-06-30T17:41:15.2153527+08:00	UnknownJobId_1198972398	0.0065	Compiler	ScopeLocalResourceStorage	AddGeneratedFile	(path:"D:\Sharing\Scope2015\Sample_1\Sample_1\bin\Debug\FEB18BC62E9A8FD3\Scope.script.Debug_B53E688581CAA5B0\PartitionLastRows.bin",type:VertexPartitionSpec) =>	null
2021-06-30T17:41:15.2163529+08:00	UnknownJobId_1198972398	0.0073	Compiler	ScopeLocalResourceStorage	AddGeneratedFile	(path:"D:\Sharing\Scope2015\Sample_1\Sample_1\bin\Debug\FEB18BC62E9A8FD3\Scope.script.Debug_B53E688581CAA5B0\__SStreamInfo__.xml",type:SStreamInfo) =>	null
2021-06-30T17:41:15.2253541+08:00	UnknownJobId_1198972398	0.0092	Compiler	ScopeLocalResourceStorage	AddGeneratedFile	(path:"D:\Sharing\Scope2015\Sample_1\Sample_1\bin\Debug\FEB18BC62E9A8FD3\Scope.script.Debug_B53E688581CAA5B0\ScopeScript.xml",type:StatisticsResource) =>	null
2021-06-30T17:41:15.2283521+08:00	UnknownJobId_1198972398	0.0052	Compiler	ScopeLocalResourceStorage	AddGeneratedFile	(path:"D:\Sharing\Scope2015\Sample_1\Sample_1\bin\Debug\FEB18BC62E9A8FD3\Scope.script.Debug_B53E688581CAA5B0\9.userdata",type:VertexPartitionSpec) =>	null
2021-06-30T17:41:15.2383535+08:00	UnknownJobId_1198972398	0.0183	Compiler	ScopeBackEndRunner	BackEndRun	C# code emission finished.
2021-06-30T17:41:15.2453527+08:00	UnknownJobId_1198972398	0.0375	Compiler	ScopeLocalResourceStorage	AddGeneratedFile	(path:"D:\Sharing\Scope2015\Sample_1\Sample_1\bin\Debug\FEB18BC62E9A8FD3\Scope.script.Debug_B53E688581CAA5B0\ScopeVertexDef.xml",type:VertexDef) =>	null
2021-06-30T17:41:15.6083691+08:00	UnknownJobId_1198972398	0.0000	UserCode	DefaultTextExtractor	AtomicFileProcessing	() =>	False
2021-06-30T17:41:15.6813552+08:00	UnknownJobId_1198972398	0.4391	Compiler	ScopeBackEndRunner	GenerateCppCode	C++ CodeGen finished.
2021-06-30T17:41:23.0002864+08:00	UnknownJobId_1198972398	7.3148	Compiler	ScopeBackEndRunner	BuildGeneratedCode	Generated Code Compilation finished.
2021-06-30T17:41:23.0222879+08:00	UnknownJobId_1198972398	8.0767	Compiler	ScopeBackEndRunner	BackEndRun	Finished BackEndRun...
2021-06-30T17:41:23.0332856+08:00	UnknownJobId_1198972398		Compiler	DeepCompilePipeline	FinalizeArtifacts	Starting Compiler Artifacts Finalization...
2021-06-30T17:41:23.0352859+08:00	UnknownJobId_1198972398	0.0217	Compiler	ScopeLocalResourceStorage	AddGeneratedFile	(path:"D:\Sharing\Scope2015\Sample_1\Sample_1\bin\Debug\FEB18BC62E9A8FD3\Scope.script.Debug_B53E688581CAA5B0\__ScopeInternalInfo__.xml",type:OptPlanInfo) =>	null
2021-06-30T17:41:23.0682874+08:00	UnknownJobId_1198972398	0.0000	UserCode	DefaultTextExtractor	UdoProperties	() =>	null
2021-06-30T17:41:23.0692858+08:00	UnknownJobId_1198972398	0.0000	UserCode	DefaultTextExtractor	UdoProperties	() =>	null
2021-06-30T17:41:23.0872870+08:00	UnknownJobId_1198972398	0.0002	UserCode	DefaultTextExtractor	AtomicFileProcessing	() =>	False
2021-06-30T17:41:23.0872870+08:00	UnknownJobId_1198972398	0.0000	UserCode	DefaultTextExtractor	AtomicFileProcessing	() =>	False
2021-06-30T17:41:23.1052881+08:00	UnknownJobId_1198972398	0.1032	Compiler	ScopeLocalResourceStorage	AddGeneratedFile	(path:"D:\Sharing\Scope2015\Sample_1\Sample_1\bin\Debug\FEB18BC62E9A8FD3\Scope.script.Debug_B53E688581CAA5B0\__script__.abr",type:Algebra) =>	null
2021-06-30T17:41:23.1062878+08:00	UnknownJobId_1198972398	0.0008	Compiler	ScopeLocalResourceStorage	AddGeneratedFile	(path:"D:\Sharing\Scope2015\Sample_1\Sample_1\bin\Debug\FEB18BC62E9A8FD3\Scope.script.Debug_B53E688581CAA5B0\__CompilerTimers.xml",type:CompilerTimers) =>	null
2021-06-30T17:41:23.1152881+08:00	UnknownJobId_1198972398		Compiler	DeepCompilePipeline	FinalizeArtifacts	Finished Compiler Artifacts Finalization...
2021-06-30T17:41:23.1162878+08:00	UnknownJobId_1198972398		Compiler	DeepCompilePipeline	DoCompile	Finished compilation!
2021-06-30T17:41:23.1182887+08:00	UnknownJobId_1198972398		Compiler	DeepCompilePipeline	FinalizeCompilation	Start compilation finalization...
2021-06-30T17:41:23.1232882+08:00	UnknownJobId_1198972398		Compiler	DeepCompilePipeline	DisposeCompiler	Start disposing the compiler...
2021-06-30T17:41:23.1252865+08:00	UnknownJobId_1198972398		Compiler	ScopeSStreamMetadataManager	Cleanup	Cancelling any ongoing requests
2021-06-30T17:41:23.1272868+08:00	UnknownJobId_1198972398		Compiler	DeepCompilePipeline	DisposeCompiler	Finished compilation finalization
2021-06-30T17:41:23.1272868+08:00	UnknownJobId_1198972398	10.8245	Compiler	DeepCompilePipeline	FinalizeCompilation	End Compilation
2021-06-30T17:41:23.1312857+08:00	UnknownJobId_1198972398		Compiler	DeepCompilePipeline	WriteTimers	COMPILATIONTIME|JobId:|FriendlyName:|Mode:Default|Overall: 10.8s 5.8cpu|FrontEndRun: 1.9s 3.8cpu|RoslynTimers: 29x 2.8s 95.0ms/x 5.8cpu|Preprocessing: 0.1s 0.2cpu|OptimizerRun: 0.4s 0.4cpu|BackEndRun: 8.1s 0.9cpu|ExternalTimers: 34x 0.1s 1.0ms/x 0.1cpu
2021-06-30T17:41:23.1322858+08:00	UnknownJobId_1198972398		Compiler	DeepCompilePipeline	WriteTimers	FrontEndTimers|FrontEndRun: 1.9s 3.8cpu|AssemblyResolverPass:|AstBuilder: 0.7s 1.4cpu|BinderPass: 0.9s 1.8cpu|ClassifierPass:|DdlResolver: 0.1s 0.2cpu|ErrorReporterPass:|FileSetExpansionAsync: 0.1s 0.1cpu wait 0.1s|FileSetPEAsync:|ProcessUsingsPass:|InputOutputPass: 0.1s 0.3cpu|GenerateOptTreePass: 0.1s 0.1cpu|GeneratedFilesAsync: 11x 0.2s 16.0ms/x 0.4cpu wait 0.1s|Parser: 0.2s 0.4cpu|ReferenceLoading:|ResourceReferencePass:|ResourcesDownloading: 0.1cpu|SemanticAnalyzerPass:|SyntaxVerifier: 0.3s 0.5cpu|TraceFile: 101x|ViewResolver: 2x 4.0ms/x
2021-06-30T17:41:23.1322858+08:00	UnknownJobId_1198972398		Compiler	DeepCompilePipeline	WriteTimers	RoslynTimers|RoslynBinding: 2x 0.7s 361.0ms/x 1.6cpu|RoslynEnvironmentAsync: 0.3s 0.6cpu wait 0.4s|RoslynFirstCall: 0.7s 1.6cpu|ConstantFolding: 2x 8.0ms/x|RoslynParsing: 2x 0.1s 36.0ms/x 0.1cpu|RoslynPostBind: 2x 0.1s 72.0ms/x 0.2cpu|RoslynPreBind: 2x 21.0ms/x 0.1cpu|RoslynSemantic: 2x 0.5s 225.0ms/x 1.1cpu|SimpleLiteralBinding: 4x|NonRoslynBinding: 2x 8.0ms/x 0.1cpu|ExpressionAnnotation: 2x 21.0ms/x|ExpressionAnnotationSemantic: 4x 9.0ms/x|CreateSemanticModel: 3x 0.2s 64.0ms/x 0.3cpu
2021-06-30T17:41:23.1322858+08:00	UnknownJobId_1198972398		Compiler	DeepCompilePipeline	WriteTimers	PreProcessorTimers|PreProcessorParser:|Preprocessing: 0.1s 0.2cpu
2021-06-30T17:41:23.1332860+08:00	UnknownJobId_1198972398		Compiler	DeepCompilePipeline	WriteTimers	OptimizerTimers|OptimizerRun: 0.4s 0.4cpu|OptimizerWait:|ComputeSignature:|CreateSplitsOrSpools: 0.1s 0.1cpu|PostProcessExecutionPlan:|CreateWhereSelectEnumerators:|ComputePayloadMetadata:|SStreamStageProcessing:|ValidateStages:|CompileToAlgebra: 0.1s 0.1cpu|EstimateMemorySize: 3x 10.0ms/x|CalculateBubbles:
2021-06-30T17:41:23.1332860+08:00	UnknownJobId_1198972398		Compiler	DeepCompilePipeline	WriteTimers	BackendTimers|BackEndRun: 8.1s 0.9cpu|AdornAllWithMemoryModel: 3x 0.1s 19.0ms/x 0.1cpu|AlgebraAndManagedCodeGen: 0.3s 0.3cpu|AnnotateIntermediateResults:|CodeCompiling: 7.3s 0.1cpu|CodeGeneration: 0.4s 0.4cpu|CppCompilationNative: 3.5s|CppLinking: 0.3s|CreateCppReadyStage:|CSharpCompilation: 3.4s|ManagedCodeEmission:|NativeCodeGeneration: 0.4s 0.4cpu
2021-06-30T17:41:23.1332860+08:00	UnknownJobId_1198972398		Compiler	DeepCompilePipeline	WriteTimers	ExternalTimers|PlaybackAsync: 2x 14.0ms/x 0.1cpu|UserCode: 32x 1.0ms/x
