2021-05-28T12:13:18.1589775+08:00	UnknownJobId_1620358175	0.0432	CFE	VC	SetupAadCredentials	(vcName:"https://cosmos09.osdinfra.net/cosmos/cosmosAdmin",proxy:"<noproxy>",restClientCredentials:Microsoft.Rest.TokenCredentials) =>	null
2021-05-28T12:13:18.3019771+08:00	UnknownJobId_1620358175	0.0051	Compiler	ScopeRoslynBinder	BuildScriptEnvironment	Starting
2021-05-28T12:13:18.6742929+08:00	UnknownJobId_1620358175		Compiler	DeepCompilePipeline	InitializeCompiler	Start Compilation: JobId=, HostEnvironment=CCS, HostMachineName=V-HOZHAO, ApplicationId=, CompilerStartTime=2021-05-28T04:13:17.8039753Z, CompileOnVC = False, DataRoot = https://cosmos09.osdinfra.net/cosmos/cosmosAdmin, Version = 10.2.2.0
2021-05-28T12:13:18.6752924+08:00	UnknownJobId_1620358175		Compiler	DeepCompilePipeline	InitializeCompiler	CommandLine =>	""c:\program files (x86)\microsoft visual studio\2019\enterprise\common7\ide\extensions\microsoft\scopestudio\2.9.0000.1\CompilerHost.exe" 390632cf-6d8c-4e4c-8046-39552e418b90 8112 False C:\Users\v-hozhao\AppData\Local\Temp\DataLakeTemp"
2021-05-28T12:13:18.6763079+08:00	UnknownJobId_1620358175		Compiler	DeepCompilePipeline	InitializeCompiler	Settings =>	{DataRoot:https://cosmos09.osdinfra.net/cosmos/cosmosAdmin,ResolverTypeForResource:Local,ResolverTypeForInput:InputPath,ResolverTypeForOutput:Dummy,SecureInfoFile:null,SecurityKeyInfo:byte[11876],NebulaCommandLine:-c++ -Inputs D:\Sharing\Scope2015\PythonUDO\PythonUDO\bin\Debug\LocalRun_ReducerExtractor.script -Debug -pdb Full -off EnableScopeDdl -on ReflectStageToScript -on EnableScopeDml -on EnableSStreamContractV4 -on UseAadAuthentication -ClientVersion 10.2.2.0}
2021-05-28T12:13:18.6892924+08:00	UnknownJobId_1620358175		Compiler	DeepCompilePipeline	InitializeCompiler	Stack =>	"   at ScopeCompiler.Dependencies.Cosmos.ParseSandboxer.CompileInSeparateAppDomain(String[] scripts, Settings settings)\r\n   at ScopeCompiler.Parser.FullParse(String[] scripts, String filePath, CompilerEnvironment environment, Settings settings, Func`4 funcParse, String nebulaCommandLine)\r\n   at ScopeCompiler.Dependencies.Cosmos.ParseSandboxer.FullParseInSeparateAppDomain(String[] scripts, String filePath, Settings settings)\r\n   at ScopeClient.Scope.TryToParse(String[] scripts, String scriptFileName, Settings compSet, CompilerEnvironment enviroment, ParseInformation& info)\r\n   at ScopeClient.Scope.PrivateCompileSuppressException(Settings compSet, CompilerSwitches compilerSwitches, CompilerEnvironment environment, String outputXmlFileName, Dictionary`2 parameters, Boolean isParseOnly, Boolean verbose)\r\n   at ScopeClient.ScopeStudio.ScopeStudioInterface.Compile(Dictionary`2 parameters, Int32 version)\r\n   at System.RuntimeMethodHandle.InvokeMethod(Object target, Object[] arguments, Signature sig, Boolean constructor)\r\n   at System.Reflection.RuntimeMethodInfo.UnsafeInvokeInternal(Object obj, Object[] parameters, Object[] arguments)\r\n   at System.Reflection.RuntimeMethodInfo.Invoke(Object obj, BindingFlags invokeAttr, Binder binder, Object[] parameters, CultureInfo culture)\r\n   at System.RuntimeType.InvokeMember(String name, BindingFlags bindingFlags, Binder binder, Object target, Object[] providedArgs, ParameterModifier[] modifiers, CultureInfo culture, String[] namedParams)\r\n   at Microsoft.Cosmos.ScopeStudio.BusinessObjects.Common.CompilerProxy.DoInvork(String method, Object[] parameters, String outputXmlFileName)\r\n"
2021-05-28T12:13:18.6972924+08:00	UnknownJobId_1620358175		Compiler	DeepCompilePipeline	BeforeCompile	Client Version: 10.2.2.0
2021-05-28T12:13:18.6972924+08:00	UnknownJobId_1620358175		Compiler	DeepCompilePipeline	BeforeCompile	Target: SingleBox
2021-05-28T12:13:18.6982923+08:00	UnknownJobId_1620358175		Compiler	DeepCompilePipeline	BeforeCompile	Stat: SimulateLarge
2021-05-28T12:13:18.6982923+08:00	UnknownJobId_1620358175		Compiler	DeepCompilePipeline	BeforeCompile	SkipPath: True
2021-05-28T12:13:18.7992909+08:00	UnknownJobId_1620358175	0.5059	Compiler	ScopeRoslynBinder	BuildScriptEnvironment	Finished
2021-05-28T12:13:19.1842930+08:00	UnknownJobId_1620358175		Compiler	ScopeFrontEndRunner	Execute	Starting FrontEndRun...
2021-05-28T12:13:19.8542940+08:00	UnknownJobId_1620358175	0.2640	Compiler	ScopeLocalCompileStrategy	ExecuteCompilePass	SyntaxVerifier	LocalRun_ReducerExtractor.script
2021-05-28T12:13:19.9112954+08:00	UnknownJobId_1620358175	0.0450	Compiler	ScopeLocalCompileStrategy	ExecuteCompilePass	DdlResolver	LocalRun_ReducerExtractor.script
2021-05-28T12:13:19.9182944+08:00	UnknownJobId_1620358175	0.0044	Compiler	ScopeLocalCompileStrategy	ExecuteCompilePass	ViewResolver	LocalRun_ReducerExtractor.script
2021-05-28T12:13:19.9192948+08:00	UnknownJobId_1620358175	0.7169	Compiler	ScopeLocalCompileStrategy	ExecuteCompilePass	AstBuilder	LocalRun_ReducerExtractor.script
2021-05-28T12:13:19.9302950+08:00	UnknownJobId_1620358175	0.0070	Compiler	ScopeLocalCompileStrategy	ExecuteCompilePass	ViewResolver	LocalRun_ReducerExtractor.script
2021-05-28T12:13:19.9332945+08:00	UnknownJobId_1620358175	0.0010	Compiler	ScopeLocalCompileStrategy	ExecuteCompilePass	ClassifierPass	LocalRun_ReducerExtractor.script
2021-05-28T12:13:19.9432935+08:00	UnknownJobId_1620358175	0.0070	Compiler	ScopeLocalCompileStrategy	ExecuteCompilePass	AssemblyResolverPass	LocalRun_ReducerExtractor.script
2021-05-28T12:13:19.9522948+08:00	UnknownJobId_1620358175	0.0078	Compiler	ScopeLocalCompileStrategy	ExecuteCompilePass	ResourceReferencePass	LocalRun_ReducerExtractor.script
2021-05-28T12:13:19.9562949+08:00	UnknownJobId_1620358175		Compiler	ScopeLocalResourceStorage	DownloadResources	Resources to download =>	[/*count:1*/{fileMetadata: {VirtualPath:'C:\Program Files (x86)\Reference Assemblies\Microsoft\Framework\.NETFramework\v4.5\System.Core.dll',PhysicalPath:'C:\Program Files (x86)\Reference Assemblies\Microsoft\Framework\.NETFramework\v4.5\System.Core.dll',VirtualColumnValues:'[]'}, cachePath: D:\Sharing\Scope2015\PythonUDO\PythonUDO\bin\Debug\58C5C7DBDF061604\LocalRun_ReducerExtractor_C4E1F029DA134F8F\System.Core.dll}]
2021-05-28T12:13:19.9642954+08:00	UnknownJobId_1620358175		Compiler	ScopeLocalResourceStorage	RequiresDownload	RequiresDownload: true, Reason: resource not in cache =>	{fileMetadata: {VirtualPath:'C:\Program Files (x86)\Reference Assemblies\Microsoft\Framework\.NETFramework\v4.5\System.Core.dll',PhysicalPath:'C:\Program Files (x86)\Reference Assemblies\Microsoft\Framework\.NETFramework\v4.5\System.Core.dll',VirtualColumnValues:'[]'}, cachePath: D:\Sharing\Scope2015\PythonUDO\PythonUDO\bin\Debug\58C5C7DBDF061604\LocalRun_ReducerExtractor_C4E1F029DA134F8F\System.Core.dll}
2021-05-28T12:13:19.9652962+08:00	UnknownJobId_1620358175		Compiler	ResourceStorage	DownloadResourceAsyncImpl	Downloading C:\Program Files (x86)\Reference Assemblies\Microsoft\Framework\.NETFramework\v4.5\System.Core.dll to D:\Sharing\Scope2015\PythonUDO\PythonUDO\bin\Debug\58C5C7DBDF061604\LocalRun_ReducerExtractor_C4E1F029DA134F8F\System.Core.dll.
2021-05-28T12:13:20.2012967+08:00	UnknownJobId_1620358175		Compiler	LocalStoreProxy	DownloadFileAsyncImpl	Total bytes downloaded for C:\Program Files (x86)\Reference Assemblies\Microsoft\Framework\.NETFramework\v4.5\System.Core.dll =>	235008
2021-05-28T12:13:20.2332957+08:00	UnknownJobId_1620358175	0.0007	Compiler	ScopeLocalCompileStrategy	ExecuteCompilePass	ProcessUsingsPass	LocalRun_ReducerExtractor.script
2021-05-28T12:13:20.2802938+08:00	UnknownJobId_1620358175	0.0452	Compiler	ScopeLocalCompileStrategy	ExecuteCompilePass	InputOutputPass	LocalRun_ReducerExtractor.script
2021-05-28T12:13:20.6963117+08:00	UnknownJobId_1620358175	0.0006	UserCode	<>c__DisplayClass106_0`1	Constructor	() =>	ScopeRuntime.DefaultTextExtractor
2021-05-28T12:13:20.7003111+08:00	UnknownJobId_1620358175	0.0002	UserCode	DefaultTextExtractor	AtomicFileProcessing	() =>	False
2021-05-28T12:13:20.7192961+08:00	UnknownJobId_1620358175	0.0134	UserCode	DefaultTextExtractor	Produces	() =>	SepalLength:string,SepalWidth:string,PetalLength:string,PetalWidth:string,Name:string
2021-05-28T12:13:20.7913116+08:00	UnknownJobId_1620358175	0.0003	UserCode	<>c__DisplayClass106_0`1	Constructor	() =>	ScopeRuntime.DefaultTextOutputter
2021-05-28T12:13:20.8053115+08:00	UnknownJobId_1620358175	0.0000	UserCode	<>c__DisplayClass106_0`1	Constructor	() =>	ScopeRuntime.DefaultTextOutputter
2021-05-28T12:13:20.8053115+08:00	UnknownJobId_1620358175	0.5228	Compiler	ScopeLocalCompileStrategy	ExecuteCompilePass	BinderPass	LocalRun_ReducerExtractor.script
2021-05-28T12:13:20.8213112+08:00	UnknownJobId_1620358175	0.0138	Compiler	ScopeLocalCompileStrategy	ExecuteCompilePass	SemanticAnalyzerPass	LocalRun_ReducerExtractor.script
2021-05-28T12:13:20.8463111+08:00	UnknownJobId_1620358175	0.0234	Compiler	ScopeLocalCompileStrategy	ExecuteCompilePass	ErrorReporterPass	LocalRun_ReducerExtractor.script
2021-05-28T12:13:20.8473117+08:00	UnknownJobId_1620358175	1.6631	Compiler	ScopeFrontEndRunner	CleanUp	Finished FrontEndRun...
2021-05-28T12:13:20.8622962+08:00	UnknownJobId_1620358175		Compiler	ScopeBackEndRunner	OptimizerRun	Starting OptimizerRun...
2021-05-28T12:13:20.9042958+08:00	UnknownJobId_1620358175	0.0390	Compiler	ScopeLocalResourceStorage	AddGeneratedFile	(path:"D:\Sharing\Scope2015\PythonUDO\PythonUDO\bin\Debug\58C5C7DBDF061604\LocalRun_ReducerExtractor_C4E1F029DA134F8F\__CompilerTimers.xml",type:CompilerTimers) =>	null
2021-05-28T12:13:20.9182948+08:00	UnknownJobId_1620358175	0.0001	UserCode	DefaultTextOutputter	AtomicFileProcessing	() =>	False
2021-05-28T12:13:20.9212949+08:00	UnknownJobId_1620358175	0.0000	UserCode	DefaultTextOutputter	AtomicFileProcessing	() =>	False
2021-05-28T12:13:20.9232949+08:00	UnknownJobId_1620358175	0.0493	Compiler	ScopeLocalCompileStrategy	ExecuteCompilePass	GenerateOptTreePass	LocalRun_ReducerExtractor.script
2021-05-28T12:13:20.9402962+08:00	UnknownJobId_1620358175		Compiler	PlaybackDbWriter	SerializeSStreamMeta	SStreamMetadata converted to base64 string, size is4
2021-05-28T12:13:20.9742965+08:00	UnknownJobId_1620358175	0.0490	Compiler	ScopeLocalResourceStorage	AddGeneratedFile	(path:"D:\Sharing\Scope2015\PythonUDO\PythonUDO\bin\Debug\58C5C7DBDF061604\LocalRun_ReducerExtractor_C4E1F029DA134F8F\ScopeInternalStatistics.xml",type:StatisticsResource, PlaybackDb) =>	null
2021-05-28T12:13:21.0643164+08:00	UnknownJobId_1620358175	0.0001	UserCode	DefaultTextExtractor	AtomicFileProcessing	() =>	False
2021-05-28T12:13:21.1192957+08:00	UnknownJobId_1620358175		Compiler	PlaybackDbWriter	SerializeSStreamMeta	SStreamMetadata converted to base64 string, size is4
2021-05-28T12:13:21.1192957+08:00	UnknownJobId_1620358175	0.0008	Compiler	ScopeLocalResourceStorage	AddGeneratedFile	(path:"D:\Sharing\Scope2015\PythonUDO\PythonUDO\bin\Debug\58C5C7DBDF061604\LocalRun_ReducerExtractor_C4E1F029DA134F8F\__CompilerTimers.xml",type:CompilerTimers) =>	null
2021-05-28T12:13:21.1192957+08:00	UnknownJobId_1620358175	0.0010	Compiler	ScopeLocalResourceStorage	AddGeneratedFile	(path:"D:\Sharing\Scope2015\PythonUDO\PythonUDO\bin\Debug\58C5C7DBDF061604\LocalRun_ReducerExtractor_C4E1F029DA134F8F\ScopeInternalStatistics.xml",type:StatisticsResource, PlaybackDb) =>	null
2021-05-28T12:13:21.1542966+08:00	UnknownJobId_1620358175	0.0353	Compiler	ScopeLocalResourceStorage	AddGeneratedFile	(path:"D:\Sharing\Scope2015\PythonUDO\PythonUDO\bin\Debug\58C5C7DBDF061604\LocalRun_ReducerExtractor_C4E1F029DA134F8F\__Ast__.bin",type:StatisticsResource) =>	null
2021-05-28T12:13:21.1593125+08:00	UnknownJobId_1620358175	0.0001	UserCode	DefaultTextExtractor	AllowArgsInSignature	() =>	True
2021-05-28T12:13:21.1623119+08:00	UnknownJobId_1620358175	0.0000	UserCode	DefaultTextExtractor	AllowArgsInSignature	() =>	True
2021-05-28T12:13:21.1742967+08:00	UnknownJobId_1620358175	0.0002	UserCode	DefaultTextExtractor	AllowColumnPruning	() =>	True
2021-05-28T12:13:21.1752961+08:00	UnknownJobId_1620358175	0.0000	UserCode	DefaultTextExtractor	AllowColumnPruning	() =>	True
2021-05-28T12:13:21.1752961+08:00	UnknownJobId_1620358175	0.0000	UserCode	DefaultTextExtractor	AllowColumnPruning	() =>	True
2021-05-28T12:13:21.1752961+08:00	UnknownJobId_1620358175	0.0000	UserCode	DefaultTextExtractor	AllowColumnPruning	() =>	True
2021-05-28T12:13:21.1752961+08:00	UnknownJobId_1620358175	0.0000	UserCode	DefaultTextExtractor	AllowColumnPruning	() =>	True
2021-05-28T12:13:21.1762961+08:00	UnknownJobId_1620358175	0.0001	UserCode	DefaultTextExtractor	AllowFilterHinting	() =>	False
2021-05-28T12:13:21.1792964+08:00	UnknownJobId_1620358175	0.0001	UserCode	DefaultTextExtractor	RunSingleThreaded	() =>	False
2021-05-28T12:13:21.3223135+08:00	UnknownJobId_1620358175	0.3804	Compiler	TimedOptimizer	OptimizeImpl	CQO: Optimization succeeded.
2021-05-28T12:13:21.3223135+08:00	UnknownJobId_1620358175		Compiler	ScopeBackEndRunner	Execute	Total input file count: 2
2021-05-28T12:13:21.3233169+08:00	UnknownJobId_1620358175		Compiler	ScopeBackEndRunner	Execute	Total output file count: 2
2021-05-28T12:13:21.3253168+08:00	UnknownJobId_1620358175		Compiler	ScopeBackEndRunner	BackEndRun	Starting BackEndRun...
2021-05-28T12:13:21.3603173+08:00	UnknownJobId_1620358175	0.0000	UserCode	DefaultTextExtractor	AtomicFileProcessing	() =>	False
2021-05-28T12:13:21.4302975+08:00	UnknownJobId_1620358175	0.0017	UserCode	DefaultTextExtractor	UdoProperties	() =>	null
2021-05-28T12:13:21.4383127+08:00	UnknownJobId_1620358175	0.0000	UserCode	DefaultTextExtractor	AtomicFileProcessing	() =>	False
2021-05-28T12:13:21.4383127+08:00	UnknownJobId_1620358175	0.0000	UserCode	DefaultTextExtractor	AtomicFileProcessing	() =>	False
2021-05-28T12:13:21.4822967+08:00	UnknownJobId_1620358175	0.0000	UserCode	DefaultTextExtractor	UdoProperties	() =>	null
2021-05-28T12:13:21.4822967+08:00	UnknownJobId_1620358175	0.0000	UserCode	DefaultTextExtractor	AtomicFileProcessing	() =>	False
2021-05-28T12:13:21.4822967+08:00	UnknownJobId_1620358175	0.0000	UserCode	DefaultTextExtractor	AtomicFileProcessing	() =>	False
2021-05-28T12:13:21.4912973+08:00	UnknownJobId_1620358175	0.0000	UserCode	DefaultTextExtractor	UdoProperties	() =>	null
2021-05-28T12:13:21.4922964+08:00	UnknownJobId_1620358175	0.0000	UserCode	DefaultTextExtractor	AtomicFileProcessing	() =>	False
2021-05-28T12:13:21.4922964+08:00	UnknownJobId_1620358175	0.0000	UserCode	DefaultTextExtractor	AtomicFileProcessing	() =>	False
2021-05-28T12:13:21.5063127+08:00	UnknownJobId_1620358175	0.1802	Compiler	ScopeBackEndRunner	PostprocessStageModel	Algebra and managed code generation finished.
2021-05-28T12:13:21.5066770+08:00	UnknownJobId_1620358175	3.7021	Compiler	ScopeBackEndRunner	BackEndRun	*** Exiting post-optimization
2021-05-28T12:13:21.5116876+08:00	UnknownJobId_1620358175	0.0038	Compiler	ScopeLocalResourceStorage	AddGeneratedFile	(path:"D:\Sharing\Scope2015\PythonUDO\PythonUDO\bin\Debug\58C5C7DBDF061604\LocalRun_ReducerExtractor_C4E1F029DA134F8F\PartitionLastRows.bin",type:VertexPartitionSpec) =>	null
2021-05-28T12:13:21.5136885+08:00	UnknownJobId_1620358175	0.0052	Compiler	ScopeLocalResourceStorage	AddGeneratedFile	(path:"D:\Sharing\Scope2015\PythonUDO\PythonUDO\bin\Debug\58C5C7DBDF061604\LocalRun_ReducerExtractor_C4E1F029DA134F8F\__ScopeDiagnosisInfo__.xml",type:StatisticsResource) =>	null
2021-05-28T12:13:21.5226877+08:00	UnknownJobId_1620358175	0.0138	Compiler	ScopeLocalResourceStorage	AddGeneratedFile	(path:"D:\Sharing\Scope2015\PythonUDO\PythonUDO\bin\Debug\58C5C7DBDF061604\LocalRun_ReducerExtractor_C4E1F029DA134F8F\ScopeScript.xml",type:StatisticsResource) =>	null
2021-05-28T12:13:21.5266878+08:00	UnknownJobId_1620358175	0.0151	Compiler	ScopeBackEndRunner	BackEndRun	C# code emission finished.
2021-05-28T12:13:21.5526878+08:00	UnknownJobId_1620358175	0.0442	Compiler	ScopeLocalResourceStorage	AddGeneratedFile	(path:"D:\Sharing\Scope2015\PythonUDO\PythonUDO\bin\Debug\58C5C7DBDF061604\LocalRun_ReducerExtractor_C4E1F029DA134F8F\ScopeVertexDef.xml",type:VertexDef) =>	null
2021-05-28T12:13:21.8666042+08:00	UnknownJobId_1620358175	0.0000	UserCode	DefaultTextExtractor	AtomicFileProcessing	() =>	False
2021-05-28T12:13:21.9426101+08:00	UnknownJobId_1620358175	0.4126	Compiler	ScopeBackEndRunner	GenerateCppCode	C++ CodeGen finished.
2021-05-28T12:13:29.4237525+08:00	UnknownJobId_1620358175	7.4789	Compiler	ScopeBackEndRunner	BuildGeneratedCode	Generated Code Compilation finished.
2021-05-28T12:13:29.4297515+08:00	UnknownJobId_1620358175	8.1012	Compiler	ScopeBackEndRunner	BackEndRun	Finished BackEndRun...
2021-05-28T12:13:29.4437487+08:00	UnknownJobId_1620358175	0.0166	Compiler	ScopeLocalResourceStorage	AddGeneratedFile	(path:"D:\Sharing\Scope2015\PythonUDO\PythonUDO\bin\Debug\58C5C7DBDF061604\LocalRun_ReducerExtractor_C4E1F029DA134F8F\__ScopeInternalInfo__.xml",type:OptPlanInfo) =>	null
2021-05-28T12:13:29.4497473+08:00	UnknownJobId_1620358175		Compiler	DeepCompilePipeline	FinalizeArtifacts	Starting Compiler Artifacts Finalization...
2021-05-28T12:13:29.4917466+08:00	UnknownJobId_1620358175	0.0000	UserCode	DefaultTextExtractor	UdoProperties	() =>	null
2021-05-28T12:13:29.4927468+08:00	UnknownJobId_1620358175	0.0000	UserCode	DefaultTextExtractor	UdoProperties	() =>	null
2021-05-28T12:13:29.5097460+08:00	UnknownJobId_1620358175	0.0000	UserCode	DefaultTextExtractor	AtomicFileProcessing	() =>	False
2021-05-28T12:13:29.5097460+08:00	UnknownJobId_1620358175	0.0000	UserCode	DefaultTextExtractor	AtomicFileProcessing	() =>	False
2021-05-28T12:13:29.5207454+08:00	UnknownJobId_1620358175	0.0943	Compiler	ScopeLocalResourceStorage	AddGeneratedFile	(path:"D:\Sharing\Scope2015\PythonUDO\PythonUDO\bin\Debug\58C5C7DBDF061604\LocalRun_ReducerExtractor_C4E1F029DA134F8F\__script__.abr",type:Algebra) =>	null
2021-05-28T12:13:29.5217477+08:00	UnknownJobId_1620358175	0.0007	Compiler	ScopeLocalResourceStorage	AddGeneratedFile	(path:"D:\Sharing\Scope2015\PythonUDO\PythonUDO\bin\Debug\58C5C7DBDF061604\LocalRun_ReducerExtractor_C4E1F029DA134F8F\__CompilerTimers.xml",type:CompilerTimers) =>	null
2021-05-28T12:13:29.5307461+08:00	UnknownJobId_1620358175		Compiler	DeepCompilePipeline	FinalizeArtifacts	Finished Compiler Artifacts Finalization...
2021-05-28T12:13:29.5317469+08:00	UnknownJobId_1620358175		Compiler	DeepCompilePipeline	DoCompile	Finished compilation!
2021-05-28T12:13:29.5337450+08:00	UnknownJobId_1620358175		Compiler	DeepCompilePipeline	FinalizeCompilation	Start compilation finalization...
2021-05-28T12:13:29.5367441+08:00	UnknownJobId_1620358175		Compiler	DeepCompilePipeline	DisposeCompiler	Start disposing the compiler...
2021-05-28T12:13:29.5387442+08:00	UnknownJobId_1620358175		Compiler	ScopeSStreamMetadataManager	Cleanup	Cancelling any ongoing requests
2021-05-28T12:13:29.5407465+08:00	UnknownJobId_1620358175		Compiler	DeepCompilePipeline	DisposeCompiler	Finished compilation finalization
2021-05-28T12:13:29.5407465+08:00	UnknownJobId_1620358175	11.7364	Compiler	DeepCompilePipeline	FinalizeCompilation	End Compilation
2021-05-28T12:13:29.5447452+08:00	UnknownJobId_1620358175		Compiler	DeepCompilePipeline	WriteTimers	COMPILATIONTIME|JobId:|FriendlyName:|Mode:Default|Overall: 11.7s 5.9cpu|FrontEndRun: 1.7s 3.2cpu|RoslynTimers: 79x 1.9s 23.0ms/x 1.8cpu|Preprocessing: 0.2s 0.4cpu|OptimizerRun: 0.4s 0.4cpu|BackEndRun: 8.1s 0.9cpu|ExternalTimers: 35x 0.1s 3.0ms/x 0.2cpu
2021-05-28T12:13:29.5457465+08:00	UnknownJobId_1620358175		Compiler	DeepCompilePipeline	WriteTimers	FrontEndTimers|FrontEndRun: 1.7s 3.2cpu|AssemblyResolverPass:|AstBuilder: 0.7s 1.8cpu|BinderPass: 0.5s 0.5cpu|ClassifierPass:|DdlResolver: 0.2cpu|ErrorReporterPass:|ProcessUsingsPass:|InputOutputPass:|GenerateOptTreePass: 0.1cpu|GeneratedFilesAsync: 9x 0.2s 23.0ms/x 0.4cpu wait 0.1s|Parser: 0.2s 0.3cpu|ReferenceLoading:|ResourceReferencePass: 0.1cpu|ResourcesDownloading: 0.2s 0.7cpu|SemanticAnalyzerPass:|SyntaxVerifier: 0.3s 0.7cpu|TraceFile: 97x 0.1cpu|ViewResolver: 2x 5.0ms/x 0.1cpu
2021-05-28T12:13:29.5457465+08:00	UnknownJobId_1620358175		Compiler	DeepCompilePipeline	WriteTimers	RoslynTimers|RoslynBinding: 5x 0.4s 70.0ms/x 0.3cpu|RoslynEnvironmentAsync: 0.5s 0.5cpu|RoslynFirstCall: 0.3s 0.3cpu|ConstantFolding: 5x 2.0ms/x|RoslynParsing: 5x 0.1s 15.0ms/x 0.1cpu|RoslynPostBind: 5x 0.2s 32.0ms/x 0.2cpu|RoslynPreBind: 5x 7.0ms/x|RoslynSemantic: 5x 0.1s 12.0ms/x|SimpleLiteralBinding: 10x|NonRoslynBinding: 5x 3.0ms/x|ExpressionAnnotation: 5x 8.0ms/x|ExpressionAnnotationSemantic: 21x 1.0ms/x|CreateSemanticModel: 6x 0.2s 40.0ms/x 0.2cpu
2021-05-28T12:13:29.5467451+08:00	UnknownJobId_1620358175		Compiler	DeepCompilePipeline	WriteTimers	PreProcessorTimers|ExpressionProcessors: 5x|PreProcessorParser: 0.1cpu|Preprocessing: 0.2s 0.4cpu
2021-05-28T12:13:29.5477464+08:00	UnknownJobId_1620358175		Compiler	DeepCompilePipeline	WriteTimers	OptimizerTimers|OptimizerRun: 0.4s 0.4cpu|OptimizerWait:|ComputeSignature:|CreateSplitsOrSpools:|PostProcessExecutionPlan:|CreateWhereSelectEnumerators:|ComputePayloadMetadata:|SStreamStageProcessing:|ValidateStages:|CompileToAlgebra: 0.1s 0.1cpu|EstimateMemorySize: 3x 10.0ms/x|CalculateBubbles:
2021-05-28T12:13:29.5477464+08:00	UnknownJobId_1620358175		Compiler	DeepCompilePipeline	WriteTimers	BackendTimers|BackEndRun: 8.1s 0.9cpu|AdornAllWithMemoryModel: 3x 14.0ms/x|AlgebraAndManagedCodeGen: 0.2s 0.2cpu|AnnotateIntermediateResults:|CodeCompiling: 7.5s 0.2cpu|CodeGeneration: 0.4s 0.4cpu|CppCompilationNative: 3.8s|CppLinking: 0.4s|CreateCppReadyStage:|CSharpCompilation: 3.2s 0.1cpu|ManagedCodeEmission:|NativeCodeGeneration: 0.4s 0.4cpu
2021-05-28T12:13:29.5477464+08:00	UnknownJobId_1620358175		Compiler	DeepCompilePipeline	WriteTimers	ExternalTimers|VcClient:|PlaybackAsync: 2x 0.1s 25.0ms/x 0.1cpu|UserCode: 32x
